[2022-12-06 14:28:24,493] {taskinstance.py:896} INFO - Dependencies all met for <TaskInstance: my_mongo_db_dag.DeleteOldDocumentsFromMongoDB 2022-12-06T14:28:18.765624+00:00 [queued]>
[2022-12-06 14:28:24,520] {taskinstance.py:896} INFO - Dependencies all met for <TaskInstance: my_mongo_db_dag.DeleteOldDocumentsFromMongoDB 2022-12-06T14:28:18.765624+00:00 [queued]>
[2022-12-06 14:28:24,520] {taskinstance.py:1087} INFO - 
--------------------------------------------------------------------------------
[2022-12-06 14:28:24,520] {taskinstance.py:1088} INFO - Starting attempt 1 of 1
[2022-12-06 14:28:24,520] {taskinstance.py:1089} INFO - 
--------------------------------------------------------------------------------
[2022-12-06 14:28:24,530] {taskinstance.py:1107} INFO - Executing <Task(PythonOperator): DeleteOldDocumentsFromMongoDB> on 2022-12-06T14:28:18.765624+00:00
[2022-12-06 14:28:24,537] {standard_task_runner.py:52} INFO - Started process 178 to run task
[2022-12-06 14:28:24,710] {standard_task_runner.py:76} INFO - Running: ['***', 'tasks', 'run', 'my_mongo_db_dag', 'DeleteOldDocumentsFromMongoDB', '2022-12-06T14:28:18.765624+00:00', '--job-id', '4', '--pool', 'default_pool', '--raw', '--subdir', 'DAGS_FOLDER/my_mongo_db_dag.py', '--cfg-path', '/tmp/tmpytqklr35', '--error-file', '/tmp/tmpbqi3rljj']
[2022-12-06 14:28:24,788] {standard_task_runner.py:77} INFO - Job 4: Subtask DeleteOldDocumentsFromMongoDB
[2022-12-06 14:28:25,230] {logging_mixin.py:104} INFO - Running <TaskInstance: my_mongo_db_dag.DeleteOldDocumentsFromMongoDB 2022-12-06T14:28:18.765624+00:00 [running]> on host db4794db4ef9
[2022-12-06 14:28:25,473] {taskinstance.py:1302} INFO - Exporting the following env vars:
AIRFLOW_CTX_DAG_OWNER=***
AIRFLOW_CTX_DAG_ID=my_mongo_db_dag
AIRFLOW_CTX_TASK_ID=DeleteOldDocumentsFromMongoDB
AIRFLOW_CTX_EXECUTION_DATE=2022-12-06T14:28:18.765624+00:00
AIRFLOW_CTX_DAG_RUN_ID=manual__2022-12-06T14:28:18.765624+00:00
[2022-12-06 14:28:25,480] {logging_mixin.py:104} INFO - success
[2022-12-06 14:28:25,481] {python.py:151} INFO - Done. Returned value was: None
[2022-12-06 14:28:25,493] {taskinstance.py:1211} INFO - Marking task as SUCCESS. dag_id=my_mongo_db_dag, task_id=DeleteOldDocumentsFromMongoDB, execution_date=20221206T142818, start_date=20221206T142824, end_date=20221206T142825
[2022-12-06 14:28:25,566] {taskinstance.py:1265} INFO - 0 downstream tasks scheduled from follow-on schedule check
[2022-12-06 14:28:25,595] {local_task_job.py:151} INFO - Task exited with return code 0
