[2022-12-06 14:56:17,772] {taskinstance.py:896} INFO - Dependencies all met for <TaskInstance: my_mongo_db_dag.ExtractPositions 2022-12-06T14:56:13.829646+00:00 [queued]>
[2022-12-06 14:56:17,820] {taskinstance.py:896} INFO - Dependencies all met for <TaskInstance: my_mongo_db_dag.ExtractPositions 2022-12-06T14:56:13.829646+00:00 [queued]>
[2022-12-06 14:56:17,821] {taskinstance.py:1087} INFO - 
--------------------------------------------------------------------------------
[2022-12-06 14:56:17,821] {taskinstance.py:1088} INFO - Starting attempt 1 of 1
[2022-12-06 14:56:17,821] {taskinstance.py:1089} INFO - 
--------------------------------------------------------------------------------
[2022-12-06 14:56:17,830] {taskinstance.py:1107} INFO - Executing <Task(PythonOperator): ExtractPositions> on 2022-12-06T14:56:13.829646+00:00
[2022-12-06 14:56:17,834] {standard_task_runner.py:52} INFO - Started process 511 to run task
[2022-12-06 14:56:17,838] {standard_task_runner.py:76} INFO - Running: ['***', 'tasks', 'run', 'my_mongo_db_dag', 'ExtractPositions', '2022-12-06T14:56:13.829646+00:00', '--job-id', '3', '--pool', 'default_pool', '--raw', '--subdir', 'DAGS_FOLDER/my_mongo_db_dag.py', '--cfg-path', '/tmp/tmphic_9gvj', '--error-file', '/tmp/tmp8rqrak0o']
[2022-12-06 14:56:17,838] {standard_task_runner.py:77} INFO - Job 3: Subtask ExtractPositions
[2022-12-06 14:56:17,884] {logging_mixin.py:104} INFO - Running <TaskInstance: my_mongo_db_dag.ExtractPositions 2022-12-06T14:56:13.829646+00:00 [running]> on host fd35ce852e5b
[2022-12-06 14:56:17,940] {taskinstance.py:1302} INFO - Exporting the following env vars:
AIRFLOW_CTX_DAG_OWNER=***
AIRFLOW_CTX_DAG_ID=my_mongo_db_dag
AIRFLOW_CTX_TASK_ID=ExtractPositions
AIRFLOW_CTX_EXECUTION_DATE=2022-12-06T14:56:13.829646+00:00
AIRFLOW_CTX_DAG_RUN_ID=manual__2022-12-06T14:56:13.829646+00:00
[2022-12-06 14:56:19,740] {python.py:151} INFO - Done. Returned value was: None
[2022-12-06 14:56:19,750] {taskinstance.py:1211} INFO - Marking task as SUCCESS. dag_id=my_mongo_db_dag, task_id=ExtractPositions, execution_date=20221206T145613, start_date=20221206T145617, end_date=20221206T145619
[2022-12-06 14:56:19,774] {taskinstance.py:1265} INFO - 1 downstream tasks scheduled from follow-on schedule check
[2022-12-06 14:56:19,815] {local_task_job.py:151} INFO - Task exited with return code 0
