[2022-12-06 08:17:57,019] {taskinstance.py:896} INFO - Dependencies all met for <TaskInstance: my_elastic_search_dag.ExtractFlights 2022-12-05T00:00:00+00:00 [queued]>
[2022-12-06 08:17:57,027] {taskinstance.py:896} INFO - Dependencies all met for <TaskInstance: my_elastic_search_dag.ExtractFlights 2022-12-05T00:00:00+00:00 [queued]>
[2022-12-06 08:17:57,027] {taskinstance.py:1087} INFO - 
--------------------------------------------------------------------------------
[2022-12-06 08:17:57,027] {taskinstance.py:1088} INFO - Starting attempt 1 of 1
[2022-12-06 08:17:57,027] {taskinstance.py:1089} INFO - 
--------------------------------------------------------------------------------
[2022-12-06 08:17:57,038] {taskinstance.py:1107} INFO - Executing <Task(PythonOperator): ExtractFlights> on 2022-12-05T00:00:00+00:00
[2022-12-06 08:17:57,041] {standard_task_runner.py:52} INFO - Started process 336 to run task
[2022-12-06 08:17:57,045] {standard_task_runner.py:76} INFO - Running: ['***', 'tasks', 'run', 'my_elastic_search_dag', 'ExtractFlights', '2022-12-05T00:00:00+00:00', '--job-id', '11', '--pool', 'default_pool', '--raw', '--subdir', 'DAGS_FOLDER/my_elastic_search_dag.py', '--cfg-path', '/tmp/tmp1q9oethk', '--error-file', '/tmp/tmpeu4rm5jc']
[2022-12-06 08:17:57,045] {standard_task_runner.py:77} INFO - Job 11: Subtask ExtractFlights
[2022-12-06 08:17:57,081] {logging_mixin.py:104} INFO - Running <TaskInstance: my_elastic_search_dag.ExtractFlights 2022-12-05T00:00:00+00:00 [running]> on host dca14bec1869
[2022-12-06 08:17:57,123] {taskinstance.py:1302} INFO - Exporting the following env vars:
AIRFLOW_CTX_DAG_OWNER=***
AIRFLOW_CTX_DAG_ID=my_elastic_search_dag
AIRFLOW_CTX_TASK_ID=ExtractFlights
AIRFLOW_CTX_EXECUTION_DATE=2022-12-05T00:00:00+00:00
AIRFLOW_CTX_DAG_RUN_ID=scheduled__2022-12-05T00:00:00+00:00
[2022-12-06 08:17:59,090] {python.py:151} INFO - Done. Returned value was: None
[2022-12-06 08:17:59,099] {taskinstance.py:1211} INFO - Marking task as SUCCESS. dag_id=my_elastic_search_dag, task_id=ExtractFlights, execution_date=20221205T000000, start_date=20221206T081757, end_date=20221206T081759
[2022-12-06 08:17:59,123] {taskinstance.py:1265} INFO - 1 downstream tasks scheduled from follow-on schedule check
[2022-12-06 08:17:59,150] {local_task_job.py:151} INFO - Task exited with return code 0
[2022-12-06 09:11:55,558] {taskinstance.py:896} INFO - Dependencies all met for <TaskInstance: my_elastic_search_dag.ExtractFlights 2022-12-05T00:00:00+00:00 [queued]>
[2022-12-06 09:11:55,573] {taskinstance.py:896} INFO - Dependencies all met for <TaskInstance: my_elastic_search_dag.ExtractFlights 2022-12-05T00:00:00+00:00 [queued]>
[2022-12-06 09:11:55,573] {taskinstance.py:1087} INFO - 
--------------------------------------------------------------------------------
[2022-12-06 09:11:55,574] {taskinstance.py:1088} INFO - Starting attempt 1 of 1
[2022-12-06 09:11:55,574] {taskinstance.py:1089} INFO - 
--------------------------------------------------------------------------------
[2022-12-06 09:11:55,582] {taskinstance.py:1107} INFO - Executing <Task(PythonOperator): ExtractFlights> on 2022-12-05T00:00:00+00:00
[2022-12-06 09:11:55,586] {standard_task_runner.py:52} INFO - Started process 627 to run task
[2022-12-06 09:11:55,590] {standard_task_runner.py:76} INFO - Running: ['***', 'tasks', 'run', 'my_elastic_search_dag', 'ExtractFlights', '2022-12-05T00:00:00+00:00', '--job-id', '12', '--pool', 'default_pool', '--raw', '--subdir', 'DAGS_FOLDER/my_elastic_search_dag.py', '--cfg-path', '/tmp/tmp_jcjhwdp', '--error-file', '/tmp/tmpuzfo6iit']
[2022-12-06 09:11:55,590] {standard_task_runner.py:77} INFO - Job 12: Subtask ExtractFlights
[2022-12-06 09:11:55,793] {logging_mixin.py:104} INFO - Running <TaskInstance: my_elastic_search_dag.ExtractFlights 2022-12-05T00:00:00+00:00 [running]> on host 27e998575b9f
[2022-12-06 09:11:56,055] {taskinstance.py:1302} INFO - Exporting the following env vars:
AIRFLOW_CTX_DAG_OWNER=***
AIRFLOW_CTX_DAG_ID=my_elastic_search_dag
AIRFLOW_CTX_TASK_ID=ExtractFlights
AIRFLOW_CTX_EXECUTION_DATE=2022-12-05T00:00:00+00:00
AIRFLOW_CTX_DAG_RUN_ID=scheduled__2022-12-05T00:00:00+00:00
[2022-12-06 09:11:58,077] {python.py:151} INFO - Done. Returned value was: None
[2022-12-06 09:11:58,087] {taskinstance.py:1211} INFO - Marking task as SUCCESS. dag_id=my_elastic_search_dag, task_id=ExtractFlights, execution_date=20221205T000000, start_date=20221206T091155, end_date=20221206T091158
[2022-12-06 09:11:58,110] {taskinstance.py:1265} INFO - 1 downstream tasks scheduled from follow-on schedule check
[2022-12-06 09:11:58,129] {local_task_job.py:151} INFO - Task exited with return code 0
[2022-12-06 09:18:29,245] {taskinstance.py:896} INFO - Dependencies all met for <TaskInstance: my_elastic_search_dag.ExtractFlights 2022-12-05T00:00:00+00:00 [queued]>
[2022-12-06 09:18:29,262] {taskinstance.py:896} INFO - Dependencies all met for <TaskInstance: my_elastic_search_dag.ExtractFlights 2022-12-05T00:00:00+00:00 [queued]>
[2022-12-06 09:18:29,262] {taskinstance.py:1087} INFO - 
--------------------------------------------------------------------------------
[2022-12-06 09:18:29,262] {taskinstance.py:1088} INFO - Starting attempt 1 of 1
[2022-12-06 09:18:29,262] {taskinstance.py:1089} INFO - 
--------------------------------------------------------------------------------
[2022-12-06 09:18:29,269] {taskinstance.py:1107} INFO - Executing <Task(PythonOperator): ExtractFlights> on 2022-12-05T00:00:00+00:00
[2022-12-06 09:18:29,273] {standard_task_runner.py:52} INFO - Started process 1176 to run task
[2022-12-06 09:18:29,278] {standard_task_runner.py:76} INFO - Running: ['***', 'tasks', 'run', 'my_elastic_search_dag', 'ExtractFlights', '2022-12-05T00:00:00+00:00', '--job-id', '26', '--pool', 'default_pool', '--raw', '--subdir', 'DAGS_FOLDER/my_elastic_search_dag.py', '--cfg-path', '/tmp/tmps_4haanw', '--error-file', '/tmp/tmp6_p9qwnv']
[2022-12-06 09:18:29,278] {standard_task_runner.py:77} INFO - Job 26: Subtask ExtractFlights
[2022-12-06 09:18:29,317] {logging_mixin.py:104} INFO - Running <TaskInstance: my_elastic_search_dag.ExtractFlights 2022-12-05T00:00:00+00:00 [running]> on host 27e998575b9f
[2022-12-06 09:18:29,381] {taskinstance.py:1302} INFO - Exporting the following env vars:
AIRFLOW_CTX_DAG_OWNER=***
AIRFLOW_CTX_DAG_ID=my_elastic_search_dag
AIRFLOW_CTX_TASK_ID=ExtractFlights
AIRFLOW_CTX_EXECUTION_DATE=2022-12-05T00:00:00+00:00
AIRFLOW_CTX_DAG_RUN_ID=scheduled__2022-12-05T00:00:00+00:00
[2022-12-06 09:18:31,180] {python.py:151} INFO - Done. Returned value was: None
[2022-12-06 09:18:31,191] {taskinstance.py:1211} INFO - Marking task as SUCCESS. dag_id=my_elastic_search_dag, task_id=ExtractFlights, execution_date=20221205T000000, start_date=20221206T091829, end_date=20221206T091831
[2022-12-06 09:18:31,217] {taskinstance.py:1265} INFO - 1 downstream tasks scheduled from follow-on schedule check
[2022-12-06 09:18:31,260] {local_task_job.py:151} INFO - Task exited with return code 0
[2022-12-06 09:53:14,433] {taskinstance.py:896} INFO - Dependencies all met for <TaskInstance: my_elastic_search_dag.ExtractFlights 2022-12-05T00:00:00+00:00 [queued]>
[2022-12-06 09:53:14,452] {taskinstance.py:896} INFO - Dependencies all met for <TaskInstance: my_elastic_search_dag.ExtractFlights 2022-12-05T00:00:00+00:00 [queued]>
[2022-12-06 09:53:14,452] {taskinstance.py:1087} INFO - 
--------------------------------------------------------------------------------
[2022-12-06 09:53:14,452] {taskinstance.py:1088} INFO - Starting attempt 1 of 1
[2022-12-06 09:53:14,452] {taskinstance.py:1089} INFO - 
--------------------------------------------------------------------------------
[2022-12-06 09:53:14,462] {taskinstance.py:1107} INFO - Executing <Task(PythonOperator): ExtractFlights> on 2022-12-05T00:00:00+00:00
[2022-12-06 09:53:14,467] {standard_task_runner.py:52} INFO - Started process 227 to run task
[2022-12-06 09:53:14,473] {standard_task_runner.py:76} INFO - Running: ['***', 'tasks', 'run', 'my_elastic_search_dag', 'ExtractFlights', '2022-12-05T00:00:00+00:00', '--job-id', '6', '--pool', 'default_pool', '--raw', '--subdir', 'DAGS_FOLDER/my_elastic_search_dag.py', '--cfg-path', '/tmp/tmp9s4c2q0w', '--error-file', '/tmp/tmp60314vlm']
[2022-12-06 09:53:14,474] {standard_task_runner.py:77} INFO - Job 6: Subtask ExtractFlights
[2022-12-06 09:53:14,570] {logging_mixin.py:104} INFO - Running <TaskInstance: my_elastic_search_dag.ExtractFlights 2022-12-05T00:00:00+00:00 [running]> on host 4467c39e9c9a
[2022-12-06 09:53:14,632] {taskinstance.py:1302} INFO - Exporting the following env vars:
AIRFLOW_CTX_DAG_OWNER=***
AIRFLOW_CTX_DAG_ID=my_elastic_search_dag
AIRFLOW_CTX_TASK_ID=ExtractFlights
AIRFLOW_CTX_EXECUTION_DATE=2022-12-05T00:00:00+00:00
AIRFLOW_CTX_DAG_RUN_ID=scheduled__2022-12-05T00:00:00+00:00
[2022-12-06 09:53:16,369] {python.py:151} INFO - Done. Returned value was: None
[2022-12-06 09:53:16,381] {taskinstance.py:1211} INFO - Marking task as SUCCESS. dag_id=my_elastic_search_dag, task_id=ExtractFlights, execution_date=20221205T000000, start_date=20221206T095314, end_date=20221206T095316
[2022-12-06 09:53:16,408] {taskinstance.py:1265} INFO - 1 downstream tasks scheduled from follow-on schedule check
[2022-12-06 09:53:16,437] {local_task_job.py:151} INFO - Task exited with return code 0
[2022-12-06 10:00:56,111] {taskinstance.py:896} INFO - Dependencies all met for <TaskInstance: my_elastic_search_dag.ExtractFlights 2022-12-05T00:00:00+00:00 [queued]>
[2022-12-06 10:00:56,120] {taskinstance.py:896} INFO - Dependencies all met for <TaskInstance: my_elastic_search_dag.ExtractFlights 2022-12-05T00:00:00+00:00 [queued]>
[2022-12-06 10:00:56,120] {taskinstance.py:1087} INFO - 
--------------------------------------------------------------------------------
[2022-12-06 10:00:56,120] {taskinstance.py:1088} INFO - Starting attempt 1 of 1
[2022-12-06 10:00:56,120] {taskinstance.py:1089} INFO - 
--------------------------------------------------------------------------------
[2022-12-06 10:00:56,132] {taskinstance.py:1107} INFO - Executing <Task(PythonOperator): ExtractFlights> on 2022-12-05T00:00:00+00:00
[2022-12-06 10:00:56,135] {standard_task_runner.py:52} INFO - Started process 374 to run task
[2022-12-06 10:00:56,138] {standard_task_runner.py:76} INFO - Running: ['***', 'tasks', 'run', 'my_elastic_search_dag', 'ExtractFlights', '2022-12-05T00:00:00+00:00', '--job-id', '11', '--pool', 'default_pool', '--raw', '--subdir', 'DAGS_FOLDER/my_elastic_search_dag.py', '--cfg-path', '/tmp/tmpl4mbo7gk', '--error-file', '/tmp/tmpcim7umr2']
[2022-12-06 10:00:56,139] {standard_task_runner.py:77} INFO - Job 11: Subtask ExtractFlights
[2022-12-06 10:00:56,190] {logging_mixin.py:104} INFO - Running <TaskInstance: my_elastic_search_dag.ExtractFlights 2022-12-05T00:00:00+00:00 [running]> on host 3d95da7470fe
[2022-12-06 10:00:56,233] {taskinstance.py:1302} INFO - Exporting the following env vars:
AIRFLOW_CTX_DAG_OWNER=***
AIRFLOW_CTX_DAG_ID=my_elastic_search_dag
AIRFLOW_CTX_TASK_ID=ExtractFlights
AIRFLOW_CTX_EXECUTION_DATE=2022-12-05T00:00:00+00:00
AIRFLOW_CTX_DAG_RUN_ID=scheduled__2022-12-05T00:00:00+00:00
[2022-12-06 10:00:58,098] {python.py:151} INFO - Done. Returned value was: None
[2022-12-06 10:00:58,109] {taskinstance.py:1211} INFO - Marking task as SUCCESS. dag_id=my_elastic_search_dag, task_id=ExtractFlights, execution_date=20221205T000000, start_date=20221206T100056, end_date=20221206T100058
[2022-12-06 10:00:58,133] {taskinstance.py:1265} INFO - 1 downstream tasks scheduled from follow-on schedule check
[2022-12-06 10:00:58,162] {local_task_job.py:151} INFO - Task exited with return code 0
[2022-12-06 10:20:44,971] {taskinstance.py:896} INFO - Dependencies all met for <TaskInstance: my_elastic_search_dag.ExtractFlights 2022-12-05T00:00:00+00:00 [queued]>
[2022-12-06 10:20:44,993] {taskinstance.py:896} INFO - Dependencies all met for <TaskInstance: my_elastic_search_dag.ExtractFlights 2022-12-05T00:00:00+00:00 [queued]>
[2022-12-06 10:20:44,993] {taskinstance.py:1087} INFO - 
--------------------------------------------------------------------------------
[2022-12-06 10:20:44,993] {taskinstance.py:1088} INFO - Starting attempt 1 of 1
[2022-12-06 10:20:44,993] {taskinstance.py:1089} INFO - 
--------------------------------------------------------------------------------
[2022-12-06 10:20:45,005] {taskinstance.py:1107} INFO - Executing <Task(PythonOperator): ExtractFlights> on 2022-12-05T00:00:00+00:00
[2022-12-06 10:20:45,010] {standard_task_runner.py:52} INFO - Started process 286 to run task
[2022-12-06 10:20:45,015] {standard_task_runner.py:76} INFO - Running: ['***', 'tasks', 'run', 'my_elastic_search_dag', 'ExtractFlights', '2022-12-05T00:00:00+00:00', '--job-id', '10', '--pool', 'default_pool', '--raw', '--subdir', 'DAGS_FOLDER/my_elastic_search_dag.py', '--cfg-path', '/tmp/tmpbkrmn2m3', '--error-file', '/tmp/tmp3mkx892o']
[2022-12-06 10:20:45,016] {standard_task_runner.py:77} INFO - Job 10: Subtask ExtractFlights
[2022-12-06 10:20:45,262] {logging_mixin.py:104} INFO - Running <TaskInstance: my_elastic_search_dag.ExtractFlights 2022-12-05T00:00:00+00:00 [running]> on host 33da1fe70ee2
[2022-12-06 10:20:45,393] {taskinstance.py:1302} INFO - Exporting the following env vars:
AIRFLOW_CTX_DAG_OWNER=***
AIRFLOW_CTX_DAG_ID=my_elastic_search_dag
AIRFLOW_CTX_TASK_ID=ExtractFlights
AIRFLOW_CTX_EXECUTION_DATE=2022-12-05T00:00:00+00:00
AIRFLOW_CTX_DAG_RUN_ID=scheduled__2022-12-05T00:00:00+00:00
[2022-12-06 10:20:47,903] {python.py:151} INFO - Done. Returned value was: None
[2022-12-06 10:20:47,916] {taskinstance.py:1211} INFO - Marking task as SUCCESS. dag_id=my_elastic_search_dag, task_id=ExtractFlights, execution_date=20221205T000000, start_date=20221206T102044, end_date=20221206T102047
[2022-12-06 10:20:47,946] {taskinstance.py:1265} INFO - 1 downstream tasks scheduled from follow-on schedule check
[2022-12-06 10:20:47,954] {local_task_job.py:151} INFO - Task exited with return code 0
[2022-12-06 15:39:03,035] {taskinstance.py:896} INFO - Dependencies all met for <TaskInstance: my_elastic_search_dag.ExtractFlights 2022-12-05T00:00:00+00:00 [queued]>
[2022-12-06 15:39:03,051] {taskinstance.py:896} INFO - Dependencies all met for <TaskInstance: my_elastic_search_dag.ExtractFlights 2022-12-05T00:00:00+00:00 [queued]>
[2022-12-06 15:39:03,052] {taskinstance.py:1087} INFO - 
--------------------------------------------------------------------------------
[2022-12-06 15:39:03,052] {taskinstance.py:1088} INFO - Starting attempt 1 of 1
[2022-12-06 15:39:03,052] {taskinstance.py:1089} INFO - 
--------------------------------------------------------------------------------
[2022-12-06 15:39:03,076] {taskinstance.py:1107} INFO - Executing <Task(PythonOperator): ExtractFlights> on 2022-12-05T00:00:00+00:00
[2022-12-06 15:39:03,081] {standard_task_runner.py:52} INFO - Started process 204 to run task
[2022-12-06 15:39:03,088] {standard_task_runner.py:76} INFO - Running: ['***', 'tasks', 'run', 'my_elastic_search_dag', 'ExtractFlights', '2022-12-05T00:00:00+00:00', '--job-id', '3', '--pool', 'default_pool', '--raw', '--subdir', 'DAGS_FOLDER/my_elastic_search_dag.py', '--cfg-path', '/tmp/tmp0bj_l2sh', '--error-file', '/tmp/tmph3ai9j3w']
[2022-12-06 15:39:03,088] {standard_task_runner.py:77} INFO - Job 3: Subtask ExtractFlights
[2022-12-06 15:39:03,175] {logging_mixin.py:104} INFO - Running <TaskInstance: my_elastic_search_dag.ExtractFlights 2022-12-05T00:00:00+00:00 [running]> on host a73eb81819c0
[2022-12-06 15:39:03,272] {taskinstance.py:1302} INFO - Exporting the following env vars:
AIRFLOW_CTX_DAG_OWNER=***
AIRFLOW_CTX_DAG_ID=my_elastic_search_dag
AIRFLOW_CTX_TASK_ID=ExtractFlights
AIRFLOW_CTX_EXECUTION_DATE=2022-12-05T00:00:00+00:00
AIRFLOW_CTX_DAG_RUN_ID=scheduled__2022-12-05T00:00:00+00:00
[2022-12-06 15:39:12,142] {python.py:151} INFO - Done. Returned value was: None
[2022-12-06 15:39:12,158] {taskinstance.py:1211} INFO - Marking task as SUCCESS. dag_id=my_elastic_search_dag, task_id=ExtractFlights, execution_date=20221205T000000, start_date=20221206T153903, end_date=20221206T153912
[2022-12-06 15:39:12,221] {taskinstance.py:1265} INFO - 0 downstream tasks scheduled from follow-on schedule check
[2022-12-06 15:39:12,243] {local_task_job.py:151} INFO - Task exited with return code 0
[2022-12-06 21:19:24,233] {taskinstance.py:896} INFO - Dependencies all met for <TaskInstance: my_elastic_search_dag.ExtractFlights 2022-12-05T00:00:00+00:00 [queued]>
[2022-12-06 21:19:24,264] {taskinstance.py:896} INFO - Dependencies all met for <TaskInstance: my_elastic_search_dag.ExtractFlights 2022-12-05T00:00:00+00:00 [queued]>
[2022-12-06 21:19:24,264] {taskinstance.py:1087} INFO - 
--------------------------------------------------------------------------------
[2022-12-06 21:19:24,264] {taskinstance.py:1088} INFO - Starting attempt 1 of 1
[2022-12-06 21:19:24,265] {taskinstance.py:1089} INFO - 
--------------------------------------------------------------------------------
[2022-12-06 21:19:24,281] {taskinstance.py:1107} INFO - Executing <Task(PythonOperator): ExtractFlights> on 2022-12-05T00:00:00+00:00
[2022-12-06 21:19:24,319] {standard_task_runner.py:52} INFO - Started process 345 to run task
[2022-12-06 21:19:24,325] {standard_task_runner.py:76} INFO - Running: ['***', 'tasks', 'run', 'my_elastic_search_dag', 'ExtractFlights', '2022-12-05T00:00:00+00:00', '--job-id', '19', '--pool', 'default_pool', '--raw', '--subdir', 'DAGS_FOLDER/my_elastic_search_dag.py', '--cfg-path', '/tmp/tmpgyp1_oy6', '--error-file', '/tmp/tmpz3kh6s_p']
[2022-12-06 21:19:24,325] {standard_task_runner.py:77} INFO - Job 19: Subtask ExtractFlights
[2022-12-06 21:19:24,375] {logging_mixin.py:104} INFO - Running <TaskInstance: my_elastic_search_dag.ExtractFlights 2022-12-05T00:00:00+00:00 [running]> on host 38e99ed76088
[2022-12-06 21:19:24,457] {taskinstance.py:1302} INFO - Exporting the following env vars:
AIRFLOW_CTX_DAG_OWNER=***
AIRFLOW_CTX_DAG_ID=my_elastic_search_dag
AIRFLOW_CTX_TASK_ID=ExtractFlights
AIRFLOW_CTX_EXECUTION_DATE=2022-12-05T00:00:00+00:00
AIRFLOW_CTX_DAG_RUN_ID=scheduled__2022-12-05T00:00:00+00:00
[2022-12-06 21:19:31,853] {python.py:151} INFO - Done. Returned value was: None
[2022-12-06 21:19:31,865] {taskinstance.py:1211} INFO - Marking task as SUCCESS. dag_id=my_elastic_search_dag, task_id=ExtractFlights, execution_date=20221205T000000, start_date=20221206T211924, end_date=20221206T211931
[2022-12-06 21:19:31,896] {taskinstance.py:1265} INFO - 1 downstream tasks scheduled from follow-on schedule check
[2022-12-06 21:19:31,931] {local_task_job.py:151} INFO - Task exited with return code 0
[2022-12-06 21:50:29,318] {taskinstance.py:896} INFO - Dependencies all met for <TaskInstance: my_elastic_search_dag.ExtractFlights 2022-12-05T00:00:00+00:00 [queued]>
[2022-12-06 21:50:29,343] {taskinstance.py:896} INFO - Dependencies all met for <TaskInstance: my_elastic_search_dag.ExtractFlights 2022-12-05T00:00:00+00:00 [queued]>
[2022-12-06 21:50:29,343] {taskinstance.py:1087} INFO - 
--------------------------------------------------------------------------------
[2022-12-06 21:50:29,343] {taskinstance.py:1088} INFO - Starting attempt 1 of 1
[2022-12-06 21:50:29,344] {taskinstance.py:1089} INFO - 
--------------------------------------------------------------------------------
[2022-12-06 21:50:29,366] {taskinstance.py:1107} INFO - Executing <Task(PythonOperator): ExtractFlights> on 2022-12-05T00:00:00+00:00
[2022-12-06 21:50:29,372] {standard_task_runner.py:52} INFO - Started process 227 to run task
[2022-12-06 21:50:29,378] {standard_task_runner.py:76} INFO - Running: ['***', 'tasks', 'run', 'my_elastic_search_dag', 'ExtractFlights', '2022-12-05T00:00:00+00:00', '--job-id', '6', '--pool', 'default_pool', '--raw', '--subdir', 'DAGS_FOLDER/my_elastic_search_dag.py', '--cfg-path', '/tmp/tmpm0vb28p7', '--error-file', '/tmp/tmp6sweejl6']
[2022-12-06 21:50:29,379] {standard_task_runner.py:77} INFO - Job 6: Subtask ExtractFlights
[2022-12-06 21:50:29,443] {logging_mixin.py:104} INFO - Running <TaskInstance: my_elastic_search_dag.ExtractFlights 2022-12-05T00:00:00+00:00 [running]> on host f6470d6d4cfc
[2022-12-06 21:50:29,531] {taskinstance.py:1302} INFO - Exporting the following env vars:
AIRFLOW_CTX_DAG_OWNER=***
AIRFLOW_CTX_DAG_ID=my_elastic_search_dag
AIRFLOW_CTX_TASK_ID=ExtractFlights
AIRFLOW_CTX_EXECUTION_DATE=2022-12-05T00:00:00+00:00
AIRFLOW_CTX_DAG_RUN_ID=scheduled__2022-12-05T00:00:00+00:00
[2022-12-06 21:50:34,640] {taskinstance.py:1501} ERROR - Task failed with exception
Traceback (most recent call last):
  File "/home/airflow/.local/lib/python3.6/site-packages/airflow/models/taskinstance.py", line 1157, in _run_raw_task
    self._prepare_and_execute_task_with_callbacks(context, task)
  File "/home/airflow/.local/lib/python3.6/site-packages/airflow/models/taskinstance.py", line 1331, in _prepare_and_execute_task_with_callbacks
    result = self._execute_task(context, task_copy)
  File "/home/airflow/.local/lib/python3.6/site-packages/airflow/models/taskinstance.py", line 1361, in _execute_task
    result = task_copy.execute(context=context)
  File "/home/airflow/.local/lib/python3.6/site-packages/airflow/operators/python.py", line 150, in execute
    return_value = self.execute_callable()
  File "/home/airflow/.local/lib/python3.6/site-packages/airflow/operators/python.py", line 161, in execute_callable
    return self.python_callable(*self.op_args, **self.op_kwargs)
  File "/opt/airflow/dags/my_elastic_search_dag.py", line 45, in extract
    e.extractFlightData ('flights.json')
  File "/opt/airflow/scripts/es/extract_flight_data.py", line 51, in extractFlightData
    json_data = flights_data.json()
  File "/home/airflow/.local/lib/python3.6/site-packages/requests/models.py", line 900, in json
    return complexjson.loads(self.text, **kwargs)
  File "/usr/local/lib/python3.6/json/__init__.py", line 354, in loads
    return _default_decoder.decode(s)
  File "/usr/local/lib/python3.6/json/decoder.py", line 339, in decode
    obj, end = self.raw_decode(s, idx=_w(s, 0).end())
  File "/usr/local/lib/python3.6/json/decoder.py", line 357, in raw_decode
    raise JSONDecodeError("Expecting value", s, err.value) from None
json.decoder.JSONDecodeError: Expecting value: line 1 column 1 (char 0)
[2022-12-06 21:50:34,646] {taskinstance.py:1551} INFO - Marking task as FAILED. dag_id=my_elastic_search_dag, task_id=ExtractFlights, execution_date=20221205T000000, start_date=20221206T215029, end_date=20221206T215034
[2022-12-06 21:50:34,709] {local_task_job.py:151} INFO - Task exited with return code 1
[2022-12-06 22:05:06,489] {taskinstance.py:896} INFO - Dependencies all met for <TaskInstance: my_elastic_search_dag.ExtractFlights 2022-12-05T00:00:00+00:00 [queued]>
[2022-12-06 22:05:06,509] {taskinstance.py:896} INFO - Dependencies all met for <TaskInstance: my_elastic_search_dag.ExtractFlights 2022-12-05T00:00:00+00:00 [queued]>
[2022-12-06 22:05:06,509] {taskinstance.py:1087} INFO - 
--------------------------------------------------------------------------------
[2022-12-06 22:05:06,509] {taskinstance.py:1088} INFO - Starting attempt 1 of 6
[2022-12-06 22:05:06,509] {taskinstance.py:1089} INFO - 
--------------------------------------------------------------------------------
[2022-12-06 22:05:06,520] {taskinstance.py:1107} INFO - Executing <Task(PythonOperator): ExtractFlights> on 2022-12-05T00:00:00+00:00
[2022-12-06 22:05:06,548] {standard_task_runner.py:52} INFO - Started process 265 to run task
[2022-12-06 22:05:06,553] {standard_task_runner.py:76} INFO - Running: ['***', 'tasks', 'run', 'my_elastic_search_dag', 'ExtractFlights', '2022-12-05T00:00:00+00:00', '--job-id', '6', '--pool', 'default_pool', '--raw', '--subdir', 'DAGS_FOLDER/my_elastic_search_dag.py', '--cfg-path', '/tmp/tmp5rrdgj4c', '--error-file', '/tmp/tmpo2borqh0']
[2022-12-06 22:05:06,554] {standard_task_runner.py:77} INFO - Job 6: Subtask ExtractFlights
[2022-12-06 22:05:06,610] {logging_mixin.py:104} INFO - Running <TaskInstance: my_elastic_search_dag.ExtractFlights 2022-12-05T00:00:00+00:00 [running]> on host 7fa6b411e012
[2022-12-06 22:05:06,688] {taskinstance.py:1302} INFO - Exporting the following env vars:
AIRFLOW_CTX_DAG_OWNER=***
AIRFLOW_CTX_DAG_ID=my_elastic_search_dag
AIRFLOW_CTX_TASK_ID=ExtractFlights
AIRFLOW_CTX_EXECUTION_DATE=2022-12-05T00:00:00+00:00
AIRFLOW_CTX_DAG_RUN_ID=scheduled__2022-12-05T00:00:00+00:00
[2022-12-06 22:05:14,026] {python.py:151} INFO - Done. Returned value was: None
[2022-12-06 22:05:14,091] {taskinstance.py:1211} INFO - Marking task as SUCCESS. dag_id=my_elastic_search_dag, task_id=ExtractFlights, execution_date=20221205T000000, start_date=20221206T220506, end_date=20221206T220514
[2022-12-06 22:05:14,132] {taskinstance.py:1265} INFO - 1 downstream tasks scheduled from follow-on schedule check
[2022-12-06 22:05:14,166] {local_task_job.py:151} INFO - Task exited with return code 0
[2022-12-06 22:30:06,004] {taskinstance.py:896} INFO - Dependencies all met for <TaskInstance: my_elastic_search_dag.ExtractFlights 2022-12-05T00:00:00+00:00 [queued]>
[2022-12-06 22:30:06,019] {taskinstance.py:896} INFO - Dependencies all met for <TaskInstance: my_elastic_search_dag.ExtractFlights 2022-12-05T00:00:00+00:00 [queued]>
[2022-12-06 22:30:06,019] {taskinstance.py:1087} INFO - 
--------------------------------------------------------------------------------
[2022-12-06 22:30:06,019] {taskinstance.py:1088} INFO - Starting attempt 1 of 6
[2022-12-06 22:30:06,019] {taskinstance.py:1089} INFO - 
--------------------------------------------------------------------------------
[2022-12-06 22:30:06,027] {taskinstance.py:1107} INFO - Executing <Task(PythonOperator): ExtractFlights> on 2022-12-05T00:00:00+00:00
[2022-12-06 22:30:06,034] {standard_task_runner.py:76} INFO - Running: ['***', 'tasks', 'run', 'my_elastic_search_dag', 'ExtractFlights', '2022-12-05T00:00:00+00:00', '--job-id', '27', '--pool', 'default_pool', '--raw', '--subdir', 'DAGS_FOLDER/my_elastic_search_dag.py', '--cfg-path', '/tmp/tmpnjo5hogl', '--error-file', '/tmp/tmprurz93yx']
[2022-12-06 22:30:06,031] {standard_task_runner.py:52} INFO - Started process 708 to run task
[2022-12-06 22:30:06,035] {standard_task_runner.py:77} INFO - Job 27: Subtask ExtractFlights
[2022-12-06 22:30:06,180] {logging_mixin.py:104} INFO - Running <TaskInstance: my_elastic_search_dag.ExtractFlights 2022-12-05T00:00:00+00:00 [running]> on host fa2e38feb0e6
[2022-12-06 22:30:06,223] {taskinstance.py:1302} INFO - Exporting the following env vars:
AIRFLOW_CTX_DAG_OWNER=***
AIRFLOW_CTX_DAG_ID=my_elastic_search_dag
AIRFLOW_CTX_TASK_ID=ExtractFlights
AIRFLOW_CTX_EXECUTION_DATE=2022-12-05T00:00:00+00:00
AIRFLOW_CTX_DAG_RUN_ID=scheduled__2022-12-05T00:00:00+00:00
[2022-12-06 22:30:13,524] {python.py:151} INFO - Done. Returned value was: None
[2022-12-06 22:30:13,534] {taskinstance.py:1211} INFO - Marking task as SUCCESS. dag_id=my_elastic_search_dag, task_id=ExtractFlights, execution_date=20221205T000000, start_date=20221206T223006, end_date=20221206T223013
[2022-12-06 22:30:13,558] {taskinstance.py:1265} INFO - 1 downstream tasks scheduled from follow-on schedule check
[2022-12-06 22:30:13,565] {local_task_job.py:151} INFO - Task exited with return code 0
[2022-12-06 22:37:47,639] {taskinstance.py:896} INFO - Dependencies all met for <TaskInstance: my_elastic_search_dag.ExtractFlights 2022-12-05T00:00:00+00:00 [queued]>
[2022-12-06 22:37:47,654] {taskinstance.py:896} INFO - Dependencies all met for <TaskInstance: my_elastic_search_dag.ExtractFlights 2022-12-05T00:00:00+00:00 [queued]>
[2022-12-06 22:37:47,655] {taskinstance.py:1087} INFO - 
--------------------------------------------------------------------------------
[2022-12-06 22:37:47,655] {taskinstance.py:1088} INFO - Starting attempt 1 of 6
[2022-12-06 22:37:47,655] {taskinstance.py:1089} INFO - 
--------------------------------------------------------------------------------
[2022-12-06 22:37:47,666] {taskinstance.py:1107} INFO - Executing <Task(PythonOperator): ExtractFlights> on 2022-12-05T00:00:00+00:00
[2022-12-06 22:37:47,673] {standard_task_runner.py:76} INFO - Running: ['***', 'tasks', 'run', 'my_elastic_search_dag', 'ExtractFlights', '2022-12-05T00:00:00+00:00', '--job-id', '14', '--pool', 'default_pool', '--raw', '--subdir', 'DAGS_FOLDER/my_elastic_search_dag.py', '--cfg-path', '/tmp/tmpw6et2r6l', '--error-file', '/tmp/tmpcidlainv']
[2022-12-06 22:37:47,670] {standard_task_runner.py:52} INFO - Started process 344 to run task
[2022-12-06 22:37:47,674] {standard_task_runner.py:77} INFO - Job 14: Subtask ExtractFlights
[2022-12-06 22:37:47,761] {logging_mixin.py:104} INFO - Running <TaskInstance: my_elastic_search_dag.ExtractFlights 2022-12-05T00:00:00+00:00 [running]> on host 294ee582fed7
[2022-12-06 22:37:47,868] {taskinstance.py:1302} INFO - Exporting the following env vars:
AIRFLOW_CTX_DAG_OWNER=***
AIRFLOW_CTX_DAG_ID=my_elastic_search_dag
AIRFLOW_CTX_TASK_ID=ExtractFlights
AIRFLOW_CTX_EXECUTION_DATE=2022-12-05T00:00:00+00:00
AIRFLOW_CTX_DAG_RUN_ID=scheduled__2022-12-05T00:00:00+00:00
[2022-12-06 22:37:55,014] {python.py:151} INFO - Done. Returned value was: None
[2022-12-06 22:37:55,025] {taskinstance.py:1211} INFO - Marking task as SUCCESS. dag_id=my_elastic_search_dag, task_id=ExtractFlights, execution_date=20221205T000000, start_date=20221206T223747, end_date=20221206T223755
[2022-12-06 22:37:55,051] {taskinstance.py:1265} INFO - 1 downstream tasks scheduled from follow-on schedule check
[2022-12-06 22:37:55,058] {local_task_job.py:151} INFO - Task exited with return code 0
