[2022-12-06 11:17:26,415] {taskinstance.py:896} INFO - Dependencies all met for <TaskInstance: my_mongo_db_dag.CheckMongoDBConnexion 2022-12-05T00:00:00+00:00 [queued]>
[2022-12-06 11:17:26,441] {taskinstance.py:896} INFO - Dependencies all met for <TaskInstance: my_mongo_db_dag.CheckMongoDBConnexion 2022-12-05T00:00:00+00:00 [queued]>
[2022-12-06 11:17:26,442] {taskinstance.py:1087} INFO - 
--------------------------------------------------------------------------------
[2022-12-06 11:17:26,442] {taskinstance.py:1088} INFO - Starting attempt 1 of 51
[2022-12-06 11:17:26,442] {taskinstance.py:1089} INFO - 
--------------------------------------------------------------------------------
[2022-12-06 11:17:26,628] {taskinstance.py:1107} INFO - Executing <Task(PythonOperator): CheckMongoDBConnexion> on 2022-12-05T00:00:00+00:00
[2022-12-06 11:17:26,639] {standard_task_runner.py:52} INFO - Started process 202 to run task
[2022-12-06 11:17:26,644] {standard_task_runner.py:76} INFO - Running: ['***', 'tasks', 'run', 'my_mongo_db_dag', 'CheckMongoDBConnexion', '2022-12-05T00:00:00+00:00', '--job-id', '2', '--pool', 'default_pool', '--raw', '--subdir', 'DAGS_FOLDER/my_mongo_db_dag.py', '--cfg-path', '/tmp/tmpb1t1ed01', '--error-file', '/tmp/tmpoya0fwta']
[2022-12-06 11:17:26,645] {standard_task_runner.py:77} INFO - Job 2: Subtask CheckMongoDBConnexion
[2022-12-06 11:17:26,718] {logging_mixin.py:104} INFO - Running <TaskInstance: my_mongo_db_dag.CheckMongoDBConnexion 2022-12-05T00:00:00+00:00 [running]> on host 90b7908d868d
[2022-12-06 11:17:26,793] {taskinstance.py:1302} INFO - Exporting the following env vars:
AIRFLOW_CTX_DAG_OWNER=***
AIRFLOW_CTX_DAG_ID=my_mongo_db_dag
AIRFLOW_CTX_TASK_ID=CheckMongoDBConnexion
AIRFLOW_CTX_EXECUTION_DATE=2022-12-05T00:00:00+00:00
AIRFLOW_CTX_DAG_RUN_ID=scheduled__2022-12-05T00:00:00+00:00
[2022-12-06 11:17:26,794] {logging_mixin.py:104} INFO - 3
[2022-12-06 11:17:26,794] {python.py:151} INFO - Done. Returned value was: None
[2022-12-06 11:17:26,807] {taskinstance.py:1211} INFO - Marking task as SUCCESS. dag_id=my_mongo_db_dag, task_id=CheckMongoDBConnexion, execution_date=20221205T000000, start_date=20221206T111726, end_date=20221206T111726
[2022-12-06 11:17:26,852] {taskinstance.py:1265} INFO - 2 downstream tasks scheduled from follow-on schedule check
[2022-12-06 11:17:26,896] {local_task_job.py:151} INFO - Task exited with return code 0
[2022-12-06 11:55:45,172] {taskinstance.py:896} INFO - Dependencies all met for <TaskInstance: my_mongo_db_dag.CheckMongoDBConnexion 2022-12-05T00:00:00+00:00 [queued]>
[2022-12-06 11:55:45,211] {taskinstance.py:896} INFO - Dependencies all met for <TaskInstance: my_mongo_db_dag.CheckMongoDBConnexion 2022-12-05T00:00:00+00:00 [queued]>
[2022-12-06 11:55:45,211] {taskinstance.py:1087} INFO - 
--------------------------------------------------------------------------------
[2022-12-06 11:55:45,211] {taskinstance.py:1088} INFO - Starting attempt 1 of 51
[2022-12-06 11:55:45,211] {taskinstance.py:1089} INFO - 
--------------------------------------------------------------------------------
[2022-12-06 11:55:45,378] {taskinstance.py:1107} INFO - Executing <Task(PythonOperator): CheckMongoDBConnexion> on 2022-12-05T00:00:00+00:00
[2022-12-06 11:55:45,382] {standard_task_runner.py:52} INFO - Started process 257 to run task
[2022-12-06 11:55:45,386] {standard_task_runner.py:76} INFO - Running: ['***', 'tasks', 'run', 'my_mongo_db_dag', 'CheckMongoDBConnexion', '2022-12-05T00:00:00+00:00', '--job-id', '2', '--pool', 'default_pool', '--raw', '--subdir', 'DAGS_FOLDER/my_mongo_db_dag.py', '--cfg-path', '/tmp/tmpn_tipruo', '--error-file', '/tmp/tmp3vlflt2b']
[2022-12-06 11:55:45,387] {standard_task_runner.py:77} INFO - Job 2: Subtask CheckMongoDBConnexion
[2022-12-06 11:55:45,452] {logging_mixin.py:104} INFO - Running <TaskInstance: my_mongo_db_dag.CheckMongoDBConnexion 2022-12-05T00:00:00+00:00 [running]> on host d4b3d166a83f
[2022-12-06 11:55:45,552] {taskinstance.py:1302} INFO - Exporting the following env vars:
AIRFLOW_CTX_DAG_OWNER=***
AIRFLOW_CTX_DAG_ID=my_mongo_db_dag
AIRFLOW_CTX_TASK_ID=CheckMongoDBConnexion
AIRFLOW_CTX_EXECUTION_DATE=2022-12-05T00:00:00+00:00
AIRFLOW_CTX_DAG_RUN_ID=scheduled__2022-12-05T00:00:00+00:00
[2022-12-06 11:55:45,553] {logging_mixin.py:104} INFO - 19
[2022-12-06 11:55:45,553] {python.py:151} INFO - Done. Returned value was: None
[2022-12-06 11:55:45,562] {taskinstance.py:1211} INFO - Marking task as SUCCESS. dag_id=my_mongo_db_dag, task_id=CheckMongoDBConnexion, execution_date=20221205T000000, start_date=20221206T115545, end_date=20221206T115545
[2022-12-06 11:55:45,696] {taskinstance.py:1265} INFO - 2 downstream tasks scheduled from follow-on schedule check
[2022-12-06 11:55:45,730] {local_task_job.py:151} INFO - Task exited with return code 0
