[2022-12-06 13:27:13,806] {taskinstance.py:896} INFO - Dependencies all met for <TaskInstance: my_mongo_db_dag.DeleteOldDocumentsFromMongoDB 2022-12-06T13:26:25.483181+00:00 [queued]>
[2022-12-06 13:27:13,816] {taskinstance.py:896} INFO - Dependencies all met for <TaskInstance: my_mongo_db_dag.DeleteOldDocumentsFromMongoDB 2022-12-06T13:26:25.483181+00:00 [queued]>
[2022-12-06 13:27:13,816] {taskinstance.py:1087} INFO - 
--------------------------------------------------------------------------------
[2022-12-06 13:27:13,816] {taskinstance.py:1088} INFO - Starting attempt 1 of 1
[2022-12-06 13:27:13,816] {taskinstance.py:1089} INFO - 
--------------------------------------------------------------------------------
[2022-12-06 13:27:13,830] {taskinstance.py:1107} INFO - Executing <Task(PythonOperator): DeleteOldDocumentsFromMongoDB> on 2022-12-06T13:26:25.483181+00:00
[2022-12-06 13:27:13,845] {standard_task_runner.py:52} INFO - Started process 813 to run task
[2022-12-06 13:27:13,849] {standard_task_runner.py:76} INFO - Running: ['***', 'tasks', 'run', 'my_mongo_db_dag', 'DeleteOldDocumentsFromMongoDB', '2022-12-06T13:26:25.483181+00:00', '--job-id', '45', '--pool', 'default_pool', '--raw', '--subdir', 'DAGS_FOLDER/my_mongo_db_dag.py', '--cfg-path', '/tmp/tmpxbyb4n2i', '--error-file', '/tmp/tmpjoqn78o3']
[2022-12-06 13:27:13,850] {standard_task_runner.py:77} INFO - Job 45: Subtask DeleteOldDocumentsFromMongoDB
[2022-12-06 13:27:13,904] {logging_mixin.py:104} INFO - Running <TaskInstance: my_mongo_db_dag.DeleteOldDocumentsFromMongoDB 2022-12-06T13:26:25.483181+00:00 [running]> on host 2e62a70a5623
[2022-12-06 13:27:13,975] {taskinstance.py:1302} INFO - Exporting the following env vars:
AIRFLOW_CTX_DAG_OWNER=***
AIRFLOW_CTX_DAG_ID=my_mongo_db_dag
AIRFLOW_CTX_TASK_ID=DeleteOldDocumentsFromMongoDB
AIRFLOW_CTX_EXECUTION_DATE=2022-12-06T13:26:25.483181+00:00
AIRFLOW_CTX_DAG_RUN_ID=scheduled__2022-12-06T13:26:25.483181+00:00
[2022-12-06 13:27:13,976] {logging_mixin.py:104} INFO - success
[2022-12-06 13:27:13,977] {python.py:151} INFO - Done. Returned value was: None
[2022-12-06 13:27:15,125] {taskinstance.py:1211} INFO - Marking task as SUCCESS. dag_id=my_mongo_db_dag, task_id=DeleteOldDocumentsFromMongoDB, execution_date=20221206T132625, start_date=20221206T132713, end_date=20221206T132715
[2022-12-06 13:27:15,744] {taskinstance.py:1265} INFO - 0 downstream tasks scheduled from follow-on schedule check
[2022-12-06 13:27:15,752] {local_task_job.py:151} INFO - Task exited with return code 0
