[2022-12-06 13:27:12,246] {taskinstance.py:896} INFO - Dependencies all met for <TaskInstance: my_mongo_db_dag.CheckMongoDBConnexion 2022-12-06T13:26:25.483181+00:00 [queued]>
[2022-12-06 13:27:12,259] {taskinstance.py:896} INFO - Dependencies all met for <TaskInstance: my_mongo_db_dag.CheckMongoDBConnexion 2022-12-06T13:26:25.483181+00:00 [queued]>
[2022-12-06 13:27:12,259] {taskinstance.py:1087} INFO - 
--------------------------------------------------------------------------------
[2022-12-06 13:27:12,260] {taskinstance.py:1088} INFO - Starting attempt 1 of 51
[2022-12-06 13:27:12,260] {taskinstance.py:1089} INFO - 
--------------------------------------------------------------------------------
[2022-12-06 13:27:12,274] {taskinstance.py:1107} INFO - Executing <Task(PythonOperator): CheckMongoDBConnexion> on 2022-12-06T13:26:25.483181+00:00
[2022-12-06 13:27:12,278] {standard_task_runner.py:52} INFO - Started process 806 to run task
[2022-12-06 13:27:12,284] {standard_task_runner.py:76} INFO - Running: ['***', 'tasks', 'run', 'my_mongo_db_dag', 'CheckMongoDBConnexion', '2022-12-06T13:26:25.483181+00:00', '--job-id', '43', '--pool', 'default_pool', '--raw', '--subdir', 'DAGS_FOLDER/my_mongo_db_dag.py', '--cfg-path', '/tmp/tmpyck70mrj', '--error-file', '/tmp/tmpszje7lm3']
[2022-12-06 13:27:12,285] {standard_task_runner.py:77} INFO - Job 43: Subtask CheckMongoDBConnexion
[2022-12-06 13:27:12,327] {logging_mixin.py:104} INFO - Running <TaskInstance: my_mongo_db_dag.CheckMongoDBConnexion 2022-12-06T13:26:25.483181+00:00 [running]> on host 2e62a70a5623
[2022-12-06 13:27:12,379] {taskinstance.py:1302} INFO - Exporting the following env vars:
AIRFLOW_CTX_DAG_OWNER=***
AIRFLOW_CTX_DAG_ID=my_mongo_db_dag
AIRFLOW_CTX_TASK_ID=CheckMongoDBConnexion
AIRFLOW_CTX_EXECUTION_DATE=2022-12-06T13:26:25.483181+00:00
AIRFLOW_CTX_DAG_RUN_ID=scheduled__2022-12-06T13:26:25.483181+00:00
[2022-12-06 13:27:12,380] {logging_mixin.py:104} INFO - 8
[2022-12-06 13:27:12,380] {python.py:151} INFO - Done. Returned value was: None
[2022-12-06 13:27:12,390] {taskinstance.py:1211} INFO - Marking task as SUCCESS. dag_id=my_mongo_db_dag, task_id=CheckMongoDBConnexion, execution_date=20221206T132625, start_date=20221206T132712, end_date=20221206T132712
[2022-12-06 13:27:12,426] {taskinstance.py:1265} INFO - 2 downstream tasks scheduled from follow-on schedule check
[2022-12-06 13:27:12,453] {local_task_job.py:151} INFO - Task exited with return code 0
