[2022-12-06 09:18:37,616] {taskinstance.py:896} INFO - Dependencies all met for <TaskInstance: my_elastic_search_dag.CheckElasticSearchConnexion 2022-12-06T09:18:18.787588+00:00 [queued]>
[2022-12-06 09:18:37,629] {taskinstance.py:896} INFO - Dependencies all met for <TaskInstance: my_elastic_search_dag.CheckElasticSearchConnexion 2022-12-06T09:18:18.787588+00:00 [queued]>
[2022-12-06 09:18:37,630] {taskinstance.py:1087} INFO - 
--------------------------------------------------------------------------------
[2022-12-06 09:18:37,630] {taskinstance.py:1088} INFO - Starting attempt 4 of 51
[2022-12-06 09:18:37,630] {taskinstance.py:1089} INFO - 
--------------------------------------------------------------------------------
[2022-12-06 09:18:37,636] {taskinstance.py:1107} INFO - Executing <Task(PythonOperator): CheckElasticSearchConnexion> on 2022-12-06T09:18:18.787588+00:00
[2022-12-06 09:18:37,643] {standard_task_runner.py:76} INFO - Running: ['***', 'tasks', 'run', 'my_elastic_search_dag', 'CheckElasticSearchConnexion', '2022-12-06T09:18:18.787588+00:00', '--job-id', '30', '--pool', 'default_pool', '--raw', '--subdir', 'DAGS_FOLDER/my_elastic_search_dag.py', '--cfg-path', '/tmp/tmplg0hoqlu', '--error-file', '/tmp/tmp7fnasmj3']
[2022-12-06 09:18:37,639] {standard_task_runner.py:52} INFO - Started process 1190 to run task
[2022-12-06 09:18:37,643] {standard_task_runner.py:77} INFO - Job 30: Subtask CheckElasticSearchConnexion
[2022-12-06 09:18:37,680] {logging_mixin.py:104} INFO - Running <TaskInstance: my_elastic_search_dag.CheckElasticSearchConnexion 2022-12-06T09:18:18.787588+00:00 [running]> on host 27e998575b9f
[2022-12-06 09:18:37,724] {taskinstance.py:1302} INFO - Exporting the following env vars:
AIRFLOW_CTX_DAG_OWNER=***
AIRFLOW_CTX_DAG_ID=my_elastic_search_dag
AIRFLOW_CTX_TASK_ID=CheckElasticSearchConnexion
AIRFLOW_CTX_EXECUTION_DATE=2022-12-06T09:18:18.787588+00:00
AIRFLOW_CTX_DAG_RUN_ID=manual__2022-12-06T09:18:18.787588+00:00
[2022-12-06 09:18:37,725] {logging_mixin.py:104} INFO - 12
[2022-12-06 09:18:37,726] {python.py:151} INFO - Done. Returned value was: None
[2022-12-06 09:18:37,737] {taskinstance.py:1211} INFO - Marking task as SUCCESS. dag_id=my_elastic_search_dag, task_id=CheckElasticSearchConnexion, execution_date=20221206T091818, start_date=20221206T091837, end_date=20221206T091837
[2022-12-06 09:18:37,763] {taskinstance.py:1265} INFO - 2 downstream tasks scheduled from follow-on schedule check
[2022-12-06 09:18:37,777] {local_task_job.py:151} INFO - Task exited with return code 0
