[2022-12-06 09:12:18,548] {taskinstance.py:896} INFO - Dependencies all met for <TaskInstance: my_elastic_search_dag.DeleteOldDocumentsFromES 2022-12-06T09:11:33.393301+00:00 [queued]>
[2022-12-06 09:12:18,568] {taskinstance.py:896} INFO - Dependencies all met for <TaskInstance: my_elastic_search_dag.DeleteOldDocumentsFromES 2022-12-06T09:11:33.393301+00:00 [queued]>
[2022-12-06 09:12:18,569] {taskinstance.py:1087} INFO - 
--------------------------------------------------------------------------------
[2022-12-06 09:12:18,569] {taskinstance.py:1088} INFO - Starting attempt 1 of 1
[2022-12-06 09:12:18,569] {taskinstance.py:1089} INFO - 
--------------------------------------------------------------------------------
[2022-12-06 09:12:18,579] {taskinstance.py:1107} INFO - Executing <Task(PythonOperator): DeleteOldDocumentsFromES> on 2022-12-06T09:11:33.393301+00:00
[2022-12-06 09:12:18,584] {standard_task_runner.py:52} INFO - Started process 668 to run task
[2022-12-06 09:12:18,588] {standard_task_runner.py:76} INFO - Running: ['***', 'tasks', 'run', 'my_elastic_search_dag', 'DeleteOldDocumentsFromES', '2022-12-06T09:11:33.393301+00:00', '--job-id', '19', '--pool', 'default_pool', '--raw', '--subdir', 'DAGS_FOLDER/my_elastic_search_dag.py', '--cfg-path', '/tmp/tmp_qyzut3e', '--error-file', '/tmp/tmpi8_hsjq2']
[2022-12-06 09:12:18,589] {standard_task_runner.py:77} INFO - Job 19: Subtask DeleteOldDocumentsFromES
[2022-12-06 09:12:18,706] {logging_mixin.py:104} INFO - Running <TaskInstance: my_elastic_search_dag.DeleteOldDocumentsFromES 2022-12-06T09:11:33.393301+00:00 [running]> on host 27e998575b9f
[2022-12-06 09:12:18,758] {taskinstance.py:1302} INFO - Exporting the following env vars:
AIRFLOW_CTX_DAG_OWNER=***
AIRFLOW_CTX_DAG_ID=my_elastic_search_dag
AIRFLOW_CTX_TASK_ID=DeleteOldDocumentsFromES
AIRFLOW_CTX_EXECUTION_DATE=2022-12-06T09:11:33.393301+00:00
AIRFLOW_CTX_DAG_RUN_ID=manual__2022-12-06T09:11:33.393301+00:00
[2022-12-06 09:12:18,758] {logging_mixin.py:104} INFO - success
[2022-12-06 09:12:18,758] {python.py:151} INFO - Done. Returned value was: None
[2022-12-06 09:12:18,770] {taskinstance.py:1211} INFO - Marking task as SUCCESS. dag_id=my_elastic_search_dag, task_id=DeleteOldDocumentsFromES, execution_date=20221206T091133, start_date=20221206T091218, end_date=20221206T091218
[2022-12-06 09:12:18,793] {taskinstance.py:1265} INFO - 0 downstream tasks scheduled from follow-on schedule check
[2022-12-06 09:12:18,802] {local_task_job.py:151} INFO - Task exited with return code 0
