[2022-12-06 10:00:33,651] {taskinstance.py:896} INFO - Dependencies all met for <TaskInstance: my_elastic_search_dag.CheckElasticSearchConnexion 2022-12-06T10:00:32.958539+00:00 [queued]>
[2022-12-06 10:00:33,660] {taskinstance.py:896} INFO - Dependencies all met for <TaskInstance: my_elastic_search_dag.CheckElasticSearchConnexion 2022-12-06T10:00:32.958539+00:00 [queued]>
[2022-12-06 10:00:33,661] {taskinstance.py:1087} INFO - 
--------------------------------------------------------------------------------
[2022-12-06 10:00:33,661] {taskinstance.py:1088} INFO - Starting attempt 1 of 51
[2022-12-06 10:00:33,661] {taskinstance.py:1089} INFO - 
--------------------------------------------------------------------------------
[2022-12-06 10:00:33,672] {taskinstance.py:1107} INFO - Executing <Task(PythonOperator): CheckElasticSearchConnexion> on 2022-12-06T10:00:32.958539+00:00
[2022-12-06 10:00:33,679] {standard_task_runner.py:76} INFO - Running: ['***', 'tasks', 'run', 'my_elastic_search_dag', 'CheckElasticSearchConnexion', '2022-12-06T10:00:32.958539+00:00', '--job-id', '3', '--pool', 'default_pool', '--raw', '--subdir', 'DAGS_FOLDER/my_elastic_search_dag.py', '--cfg-path', '/tmp/tmp2az0mx58', '--error-file', '/tmp/tmppbhur2qa']
[2022-12-06 10:00:33,679] {standard_task_runner.py:77} INFO - Job 3: Subtask CheckElasticSearchConnexion
[2022-12-06 10:00:33,675] {standard_task_runner.py:52} INFO - Started process 322 to run task
[2022-12-06 10:00:33,716] {logging_mixin.py:104} INFO - Running <TaskInstance: my_elastic_search_dag.CheckElasticSearchConnexion 2022-12-06T10:00:32.958539+00:00 [running]> on host 3d95da7470fe
[2022-12-06 10:00:33,757] {taskinstance.py:1302} INFO - Exporting the following env vars:
AIRFLOW_CTX_DAG_OWNER=***
AIRFLOW_CTX_DAG_ID=my_elastic_search_dag
AIRFLOW_CTX_TASK_ID=CheckElasticSearchConnexion
AIRFLOW_CTX_EXECUTION_DATE=2022-12-06T10:00:32.958539+00:00
AIRFLOW_CTX_DAG_RUN_ID=manual__2022-12-06T10:00:32.958539+00:00
[2022-12-06 10:00:33,758] {logging_mixin.py:104} INFO - 9
[2022-12-06 10:00:33,758] {python.py:151} INFO - Done. Returned value was: None
[2022-12-06 10:00:33,768] {taskinstance.py:1211} INFO - Marking task as SUCCESS. dag_id=my_elastic_search_dag, task_id=CheckElasticSearchConnexion, execution_date=20221206T100032, start_date=20221206T100033, end_date=20221206T100033
[2022-12-06 10:00:33,794] {taskinstance.py:1265} INFO - 2 downstream tasks scheduled from follow-on schedule check
[2022-12-06 10:00:33,814] {local_task_job.py:151} INFO - Task exited with return code 0
