[2022-12-06 09:00:05,401] {taskinstance.py:1179} INFO - Dependencies all met for <TaskInstance: my_elastic_search_dag.DeleteOldDocumentsFromES scheduled__2022-12-05T00:00:00+00:00 [queued]>
[2022-12-06 09:00:05,413] {taskinstance.py:1179} INFO - Dependencies all met for <TaskInstance: my_elastic_search_dag.DeleteOldDocumentsFromES scheduled__2022-12-05T00:00:00+00:00 [queued]>
[2022-12-06 09:00:05,413] {taskinstance.py:1376} INFO - 
--------------------------------------------------------------------------------
[2022-12-06 09:00:05,413] {taskinstance.py:1377} INFO - Starting attempt 1 of 1
[2022-12-06 09:00:05,414] {taskinstance.py:1378} INFO - 
--------------------------------------------------------------------------------
[2022-12-06 09:00:05,435] {taskinstance.py:1397} INFO - Executing <Task(PythonOperator): DeleteOldDocumentsFromES> on 2022-12-05 00:00:00+00:00
[2022-12-06 09:00:05,442] {standard_task_runner.py:52} INFO - Started process 191 to run task
[2022-12-06 09:00:05,447] {standard_task_runner.py:79} INFO - Running: ['***', 'tasks', 'run', 'my_elastic_search_dag', 'DeleteOldDocumentsFromES', 'scheduled__2022-12-05T00:00:00+00:00', '--job-id', '5', '--raw', '--subdir', 'DAGS_FOLDER/my_elastic_search_dag.py', '--cfg-path', '/tmp/tmpzkoncxa2', '--error-file', '/tmp/tmpg0rov_mq']
[2022-12-06 09:00:05,449] {standard_task_runner.py:80} INFO - Job 5: Subtask DeleteOldDocumentsFromES
[2022-12-06 09:00:05,472] {warnings.py:110} WARNING - /home/***/.local/lib/python3.7/site-packages/***/configuration.py:528: DeprecationWarning: The sql_alchemy_conn option in [core] has been moved to the sql_alchemy_conn option in [database] - the old setting has been used, but please update your config.
  option = self._get_environment_variables(deprecated_key, deprecated_section, key, section)

[2022-12-06 09:00:05,564] {task_command.py:371} INFO - Running <TaskInstance: my_elastic_search_dag.DeleteOldDocumentsFromES scheduled__2022-12-05T00:00:00+00:00 [running]> on host 94e1b8231027
[2022-12-06 09:00:05,868] {taskinstance.py:1591} INFO - Exporting the following env vars:
AIRFLOW_CTX_DAG_OWNER=***
AIRFLOW_CTX_DAG_ID=my_elastic_search_dag
AIRFLOW_CTX_TASK_ID=DeleteOldDocumentsFromES
AIRFLOW_CTX_EXECUTION_DATE=2022-12-05T00:00:00+00:00
AIRFLOW_CTX_TRY_NUMBER=1
AIRFLOW_CTX_DAG_RUN_ID=scheduled__2022-12-05T00:00:00+00:00
[2022-12-06 09:00:05,869] {logging_mixin.py:115} INFO - success
[2022-12-06 09:00:05,869] {python.py:173} INFO - Done. Returned value was: None
[2022-12-06 09:00:05,893] {taskinstance.py:1420} INFO - Marking task as SUCCESS. dag_id=my_elastic_search_dag, task_id=DeleteOldDocumentsFromES, execution_date=20221205T000000, start_date=20221206T090005, end_date=20221206T090005
[2022-12-06 09:00:06,065] {local_task_job.py:156} INFO - Task exited with return code 0
[2022-12-06 09:00:06,119] {local_task_job.py:273} INFO - 0 downstream tasks scheduled from follow-on schedule check
