[2022-12-06 14:25:27,812] {taskinstance.py:896} INFO - Dependencies all met for <TaskInstance: my_mongo_db_dag.CheckMongoDBConnexion 2022-12-06T14:23:27.189761+00:00 [queued]>
[2022-12-06 14:25:27,820] {taskinstance.py:896} INFO - Dependencies all met for <TaskInstance: my_mongo_db_dag.CheckMongoDBConnexion 2022-12-06T14:23:27.189761+00:00 [queued]>
[2022-12-06 14:25:27,820] {taskinstance.py:1087} INFO - 
--------------------------------------------------------------------------------
[2022-12-06 14:25:27,820] {taskinstance.py:1088} INFO - Starting attempt 20 of 51
[2022-12-06 14:25:27,821] {taskinstance.py:1089} INFO - 
--------------------------------------------------------------------------------
[2022-12-06 14:25:27,831] {taskinstance.py:1107} INFO - Executing <Task(PythonOperator): CheckMongoDBConnexion> on 2022-12-06T14:23:27.189761+00:00
[2022-12-06 14:25:27,835] {standard_task_runner.py:52} INFO - Started process 358 to run task
[2022-12-06 14:25:27,839] {standard_task_runner.py:76} INFO - Running: ['***', 'tasks', 'run', 'my_mongo_db_dag', 'CheckMongoDBConnexion', '2022-12-06T14:23:27.189761+00:00', '--job-id', '23', '--pool', 'default_pool', '--raw', '--subdir', 'DAGS_FOLDER/my_mongo_db_dag.py', '--cfg-path', '/tmp/tmpoe17bpcf', '--error-file', '/tmp/tmp88dou2_z']
[2022-12-06 14:25:27,839] {standard_task_runner.py:77} INFO - Job 23: Subtask CheckMongoDBConnexion
[2022-12-06 14:25:27,876] {logging_mixin.py:104} INFO - Running <TaskInstance: my_mongo_db_dag.CheckMongoDBConnexion 2022-12-06T14:23:27.189761+00:00 [running]> on host afcdc98ce05d
[2022-12-06 14:25:27,915] {taskinstance.py:1302} INFO - Exporting the following env vars:
AIRFLOW_CTX_DAG_OWNER=***
AIRFLOW_CTX_DAG_ID=my_mongo_db_dag
AIRFLOW_CTX_TASK_ID=CheckMongoDBConnexion
AIRFLOW_CTX_EXECUTION_DATE=2022-12-06T14:23:27.189761+00:00
AIRFLOW_CTX_DAG_RUN_ID=manual__2022-12-06T14:23:27.189761+00:00
[2022-12-06 14:25:27,952] {python.py:151} INFO - Done. Returned value was: None
[2022-12-06 14:25:27,961] {taskinstance.py:1211} INFO - Marking task as SUCCESS. dag_id=my_mongo_db_dag, task_id=CheckMongoDBConnexion, execution_date=20221206T142327, start_date=20221206T142527, end_date=20221206T142527
[2022-12-06 14:25:27,987] {taskinstance.py:1265} INFO - 1 downstream tasks scheduled from follow-on schedule check
[2022-12-06 14:25:28,010] {local_task_job.py:151} INFO - Task exited with return code 0
