[2022-12-06 08:18:45,149] {taskinstance.py:896} INFO - Dependencies all met for <TaskInstance: my_elastic_search_dag.ExtractFlights 2022-12-06T08:17:37.200999+00:00 [queued]>
[2022-12-06 08:18:45,158] {taskinstance.py:896} INFO - Dependencies all met for <TaskInstance: my_elastic_search_dag.ExtractFlights 2022-12-06T08:17:37.200999+00:00 [queued]>
[2022-12-06 08:18:45,159] {taskinstance.py:1087} INFO - 
--------------------------------------------------------------------------------
[2022-12-06 08:18:45,159] {taskinstance.py:1088} INFO - Starting attempt 1 of 1
[2022-12-06 08:18:45,159] {taskinstance.py:1089} INFO - 
--------------------------------------------------------------------------------
[2022-12-06 08:18:45,170] {taskinstance.py:1107} INFO - Executing <Task(PythonOperator): ExtractFlights> on 2022-12-06T08:17:37.200999+00:00
[2022-12-06 08:18:45,173] {standard_task_runner.py:52} INFO - Started process 426 to run task
[2022-12-06 08:18:45,177] {standard_task_runner.py:76} INFO - Running: ['***', 'tasks', 'run', 'my_elastic_search_dag', 'ExtractFlights', '2022-12-06T08:17:37.200999+00:00', '--job-id', '22', '--pool', 'default_pool', '--raw', '--subdir', 'DAGS_FOLDER/my_elastic_search_dag.py', '--cfg-path', '/tmp/tmplkyal5p7', '--error-file', '/tmp/tmpw3rcx1ux']
[2022-12-06 08:18:45,178] {standard_task_runner.py:77} INFO - Job 22: Subtask ExtractFlights
[2022-12-06 08:18:45,213] {logging_mixin.py:104} INFO - Running <TaskInstance: my_elastic_search_dag.ExtractFlights 2022-12-06T08:17:37.200999+00:00 [running]> on host dca14bec1869
[2022-12-06 08:18:45,254] {taskinstance.py:1302} INFO - Exporting the following env vars:
AIRFLOW_CTX_DAG_OWNER=***
AIRFLOW_CTX_DAG_ID=my_elastic_search_dag
AIRFLOW_CTX_TASK_ID=ExtractFlights
AIRFLOW_CTX_EXECUTION_DATE=2022-12-06T08:17:37.200999+00:00
AIRFLOW_CTX_DAG_RUN_ID=manual__2022-12-06T08:17:37.200999+00:00
[2022-12-06 08:18:46,828] {python.py:151} INFO - Done. Returned value was: None
[2022-12-06 08:18:46,838] {taskinstance.py:1211} INFO - Marking task as SUCCESS. dag_id=my_elastic_search_dag, task_id=ExtractFlights, execution_date=20221206T081737, start_date=20221206T081845, end_date=20221206T081846
[2022-12-06 08:18:46,860] {taskinstance.py:1265} INFO - 1 downstream tasks scheduled from follow-on schedule check
[2022-12-06 08:18:46,878] {local_task_job.py:151} INFO - Task exited with return code 0
