[2022-12-06 10:00:34,624] {taskinstance.py:896} INFO - Dependencies all met for <TaskInstance: my_elastic_search_dag.DeleteOldDocumentsFromES 2022-12-06T10:00:32.958539+00:00 [queued]>
[2022-12-06 10:00:34,633] {taskinstance.py:896} INFO - Dependencies all met for <TaskInstance: my_elastic_search_dag.DeleteOldDocumentsFromES 2022-12-06T10:00:32.958539+00:00 [queued]>
[2022-12-06 10:00:34,633] {taskinstance.py:1087} INFO - 
--------------------------------------------------------------------------------
[2022-12-06 10:00:34,633] {taskinstance.py:1088} INFO - Starting attempt 1 of 1
[2022-12-06 10:00:34,633] {taskinstance.py:1089} INFO - 
--------------------------------------------------------------------------------
[2022-12-06 10:00:34,644] {taskinstance.py:1107} INFO - Executing <Task(PythonOperator): DeleteOldDocumentsFromES> on 2022-12-06T10:00:32.958539+00:00
[2022-12-06 10:00:34,647] {standard_task_runner.py:52} INFO - Started process 326 to run task
[2022-12-06 10:00:34,651] {standard_task_runner.py:76} INFO - Running: ['***', 'tasks', 'run', 'my_elastic_search_dag', 'DeleteOldDocumentsFromES', '2022-12-06T10:00:32.958539+00:00', '--job-id', '5', '--pool', 'default_pool', '--raw', '--subdir', 'DAGS_FOLDER/my_elastic_search_dag.py', '--cfg-path', '/tmp/tmps1fwxn6q', '--error-file', '/tmp/tmpttk71iuy']
[2022-12-06 10:00:34,651] {standard_task_runner.py:77} INFO - Job 5: Subtask DeleteOldDocumentsFromES
[2022-12-06 10:00:34,734] {logging_mixin.py:104} INFO - Running <TaskInstance: my_elastic_search_dag.DeleteOldDocumentsFromES 2022-12-06T10:00:32.958539+00:00 [running]> on host 3d95da7470fe
[2022-12-06 10:00:35,232] {taskinstance.py:1302} INFO - Exporting the following env vars:
AIRFLOW_CTX_DAG_OWNER=***
AIRFLOW_CTX_DAG_ID=my_elastic_search_dag
AIRFLOW_CTX_TASK_ID=DeleteOldDocumentsFromES
AIRFLOW_CTX_EXECUTION_DATE=2022-12-06T10:00:32.958539+00:00
AIRFLOW_CTX_DAG_RUN_ID=manual__2022-12-06T10:00:32.958539+00:00
[2022-12-06 10:00:35,233] {logging_mixin.py:104} INFO - success
[2022-12-06 10:00:35,233] {python.py:151} INFO - Done. Returned value was: None
[2022-12-06 10:00:35,243] {taskinstance.py:1211} INFO - Marking task as SUCCESS. dag_id=my_elastic_search_dag, task_id=DeleteOldDocumentsFromES, execution_date=20221206T100032, start_date=20221206T100034, end_date=20221206T100035
[2022-12-06 10:00:35,265] {taskinstance.py:1265} INFO - 0 downstream tasks scheduled from follow-on schedule check
[2022-12-06 10:00:35,307] {local_task_job.py:151} INFO - Task exited with return code 0
