[2022-12-06 09:00:37,473] {taskinstance.py:1179} INFO - Dependencies all met for <TaskInstance: my_elastic_search_dag.CheckElasticSearchConnexion manual__2022-12-06T08:59:53.859099+00:00 [queued]>
[2022-12-06 09:00:37,484] {taskinstance.py:1179} INFO - Dependencies all met for <TaskInstance: my_elastic_search_dag.CheckElasticSearchConnexion manual__2022-12-06T08:59:53.859099+00:00 [queued]>
[2022-12-06 09:00:37,484] {taskinstance.py:1376} INFO - 
--------------------------------------------------------------------------------
[2022-12-06 09:00:37,484] {taskinstance.py:1377} INFO - Starting attempt 6 of 51
[2022-12-06 09:00:37,484] {taskinstance.py:1378} INFO - 
--------------------------------------------------------------------------------
[2022-12-06 09:00:37,498] {taskinstance.py:1397} INFO - Executing <Task(PythonOperator): CheckElasticSearchConnexion> on 2022-12-06 08:59:53.859099+00:00
[2022-12-06 09:00:37,504] {standard_task_runner.py:52} INFO - Started process 228 to run task
[2022-12-06 09:00:37,507] {standard_task_runner.py:79} INFO - Running: ['***', 'tasks', 'run', 'my_elastic_search_dag', 'CheckElasticSearchConnexion', 'manual__2022-12-06T08:59:53.859099+00:00', '--job-id', '12', '--raw', '--subdir', 'DAGS_FOLDER/my_elastic_search_dag.py', '--cfg-path', '/tmp/tmp5syx7p9a', '--error-file', '/tmp/tmprj80y8jk']
[2022-12-06 09:00:37,509] {standard_task_runner.py:80} INFO - Job 12: Subtask CheckElasticSearchConnexion
[2022-12-06 09:00:37,581] {task_command.py:371} INFO - Running <TaskInstance: my_elastic_search_dag.CheckElasticSearchConnexion manual__2022-12-06T08:59:53.859099+00:00 [running]> on host 94e1b8231027
[2022-12-06 09:00:37,677] {taskinstance.py:1591} INFO - Exporting the following env vars:
AIRFLOW_CTX_DAG_OWNER=***
AIRFLOW_CTX_DAG_ID=my_elastic_search_dag
AIRFLOW_CTX_TASK_ID=CheckElasticSearchConnexion
AIRFLOW_CTX_EXECUTION_DATE=2022-12-06T08:59:53.859099+00:00
AIRFLOW_CTX_TRY_NUMBER=6
AIRFLOW_CTX_DAG_RUN_ID=manual__2022-12-06T08:59:53.859099+00:00
[2022-12-06 09:00:37,678] {logging_mixin.py:115} INFO - 1
[2022-12-06 09:00:37,678] {python.py:173} INFO - Done. Returned value was: None
[2022-12-06 09:00:37,693] {taskinstance.py:1420} INFO - Marking task as SUCCESS. dag_id=my_elastic_search_dag, task_id=CheckElasticSearchConnexion, execution_date=20221206T085953, start_date=20221206T090037, end_date=20221206T090037
[2022-12-06 09:00:37,719] {local_task_job.py:156} INFO - Task exited with return code 0
[2022-12-06 09:00:37,786] {local_task_job.py:273} INFO - 2 downstream tasks scheduled from follow-on schedule check
