[2022-12-06 08:18:44,581] {taskinstance.py:896} INFO - Dependencies all met for <TaskInstance: my_elastic_search_dag.CheckElasticSearchConnexion 2022-12-06T08:17:37.200999+00:00 [queued]>
[2022-12-06 08:18:44,594] {taskinstance.py:896} INFO - Dependencies all met for <TaskInstance: my_elastic_search_dag.CheckElasticSearchConnexion 2022-12-06T08:17:37.200999+00:00 [queued]>
[2022-12-06 08:18:44,594] {taskinstance.py:1087} INFO - 
--------------------------------------------------------------------------------
[2022-12-06 08:18:44,594] {taskinstance.py:1088} INFO - Starting attempt 12 of 51
[2022-12-06 08:18:44,594] {taskinstance.py:1089} INFO - 
--------------------------------------------------------------------------------
[2022-12-06 08:18:44,601] {taskinstance.py:1107} INFO - Executing <Task(PythonOperator): CheckElasticSearchConnexion> on 2022-12-06T08:17:37.200999+00:00
[2022-12-06 08:18:44,607] {standard_task_runner.py:76} INFO - Running: ['***', 'tasks', 'run', 'my_elastic_search_dag', 'CheckElasticSearchConnexion', '2022-12-06T08:17:37.200999+00:00', '--job-id', '20', '--pool', 'default_pool', '--raw', '--subdir', 'DAGS_FOLDER/my_elastic_search_dag.py', '--cfg-path', '/tmp/tmpjvs55iac', '--error-file', '/tmp/tmpwwpqg0jk']
[2022-12-06 08:18:44,607] {standard_task_runner.py:77} INFO - Job 20: Subtask CheckElasticSearchConnexion
[2022-12-06 08:18:44,603] {standard_task_runner.py:52} INFO - Started process 422 to run task
[2022-12-06 08:18:44,641] {logging_mixin.py:104} INFO - Running <TaskInstance: my_elastic_search_dag.CheckElasticSearchConnexion 2022-12-06T08:17:37.200999+00:00 [running]> on host dca14bec1869
[2022-12-06 08:18:44,679] {taskinstance.py:1302} INFO - Exporting the following env vars:
AIRFLOW_CTX_DAG_OWNER=***
AIRFLOW_CTX_DAG_ID=my_elastic_search_dag
AIRFLOW_CTX_TASK_ID=CheckElasticSearchConnexion
AIRFLOW_CTX_EXECUTION_DATE=2022-12-06T08:17:37.200999+00:00
AIRFLOW_CTX_DAG_RUN_ID=manual__2022-12-06T08:17:37.200999+00:00
[2022-12-06 08:18:44,680] {logging_mixin.py:104} INFO - 6
[2022-12-06 08:18:44,680] {python.py:151} INFO - Done. Returned value was: None
[2022-12-06 08:18:44,689] {taskinstance.py:1211} INFO - Marking task as SUCCESS. dag_id=my_elastic_search_dag, task_id=CheckElasticSearchConnexion, execution_date=20221206T081737, start_date=20221206T081844, end_date=20221206T081844
[2022-12-06 08:18:44,715] {taskinstance.py:1265} INFO - 2 downstream tasks scheduled from follow-on schedule check
[2022-12-06 08:18:44,742] {local_task_job.py:151} INFO - Task exited with return code 0
