[2022-12-06 09:53:21,737] {taskinstance.py:896} INFO - Dependencies all met for <TaskInstance: my_elastic_search_dag.DeleteOldDocumentsFromES 2022-12-06T09:53:07.437286+00:00 [queued]>
[2022-12-06 09:53:21,761] {taskinstance.py:896} INFO - Dependencies all met for <TaskInstance: my_elastic_search_dag.DeleteOldDocumentsFromES 2022-12-06T09:53:07.437286+00:00 [queued]>
[2022-12-06 09:53:21,761] {taskinstance.py:1087} INFO - 
--------------------------------------------------------------------------------
[2022-12-06 09:53:21,761] {taskinstance.py:1088} INFO - Starting attempt 1 of 1
[2022-12-06 09:53:21,761] {taskinstance.py:1089} INFO - 
--------------------------------------------------------------------------------
[2022-12-06 09:53:21,778] {taskinstance.py:1107} INFO - Executing <Task(PythonOperator): DeleteOldDocumentsFromES> on 2022-12-06T09:53:07.437286+00:00
[2022-12-06 09:53:21,782] {standard_task_runner.py:52} INFO - Started process 253 to run task
[2022-12-06 09:53:21,799] {standard_task_runner.py:76} INFO - Running: ['***', 'tasks', 'run', 'my_elastic_search_dag', 'DeleteOldDocumentsFromES', '2022-12-06T09:53:07.437286+00:00', '--job-id', '11', '--pool', 'default_pool', '--raw', '--subdir', 'DAGS_FOLDER/my_elastic_search_dag.py', '--cfg-path', '/tmp/tmppu1ad4no', '--error-file', '/tmp/tmpewu5z8ek']
[2022-12-06 09:53:21,800] {standard_task_runner.py:77} INFO - Job 11: Subtask DeleteOldDocumentsFromES
[2022-12-06 09:53:21,857] {logging_mixin.py:104} INFO - Running <TaskInstance: my_elastic_search_dag.DeleteOldDocumentsFromES 2022-12-06T09:53:07.437286+00:00 [running]> on host 4467c39e9c9a
[2022-12-06 09:53:21,926] {taskinstance.py:1302} INFO - Exporting the following env vars:
AIRFLOW_CTX_DAG_OWNER=***
AIRFLOW_CTX_DAG_ID=my_elastic_search_dag
AIRFLOW_CTX_TASK_ID=DeleteOldDocumentsFromES
AIRFLOW_CTX_EXECUTION_DATE=2022-12-06T09:53:07.437286+00:00
AIRFLOW_CTX_DAG_RUN_ID=manual__2022-12-06T09:53:07.437286+00:00
[2022-12-06 09:53:21,927] {logging_mixin.py:104} INFO - success
[2022-12-06 09:53:21,927] {python.py:151} INFO - Done. Returned value was: None
[2022-12-06 09:53:22,201] {taskinstance.py:1211} INFO - Marking task as SUCCESS. dag_id=my_elastic_search_dag, task_id=DeleteOldDocumentsFromES, execution_date=20221206T095307, start_date=20221206T095321, end_date=20221206T095322
[2022-12-06 09:53:22,234] {taskinstance.py:1265} INFO - 0 downstream tasks scheduled from follow-on schedule check
[2022-12-06 09:53:22,245] {local_task_job.py:151} INFO - Task exited with return code 0
