[2022-12-06 13:22:41,988] {taskinstance.py:896} INFO - Dependencies all met for <TaskInstance: my_mongo_db_dag.CheckMongoDBConnexion 2022-12-06T13:21:55.483181+00:00 [queued]>
[2022-12-06 13:22:41,996] {taskinstance.py:896} INFO - Dependencies all met for <TaskInstance: my_mongo_db_dag.CheckMongoDBConnexion 2022-12-06T13:21:55.483181+00:00 [queued]>
[2022-12-06 13:22:41,996] {taskinstance.py:1087} INFO - 
--------------------------------------------------------------------------------
[2022-12-06 13:22:41,996] {taskinstance.py:1088} INFO - Starting attempt 1 of 51
[2022-12-06 13:22:41,996] {taskinstance.py:1089} INFO - 
--------------------------------------------------------------------------------
[2022-12-06 13:22:42,007] {taskinstance.py:1107} INFO - Executing <Task(PythonOperator): CheckMongoDBConnexion> on 2022-12-06T13:21:55.483181+00:00
[2022-12-06 13:22:42,011] {standard_task_runner.py:52} INFO - Started process 362 to run task
[2022-12-06 13:22:42,015] {standard_task_runner.py:76} INFO - Running: ['***', 'tasks', 'run', 'my_mongo_db_dag', 'CheckMongoDBConnexion', '2022-12-06T13:21:55.483181+00:00', '--job-id', '13', '--pool', 'default_pool', '--raw', '--subdir', 'DAGS_FOLDER/my_mongo_db_dag.py', '--cfg-path', '/tmp/tmpvzcvbmrg', '--error-file', '/tmp/tmpuln4bz2w']
[2022-12-06 13:22:42,016] {standard_task_runner.py:77} INFO - Job 13: Subtask CheckMongoDBConnexion
[2022-12-06 13:22:42,053] {logging_mixin.py:104} INFO - Running <TaskInstance: my_mongo_db_dag.CheckMongoDBConnexion 2022-12-06T13:21:55.483181+00:00 [running]> on host 2e62a70a5623
[2022-12-06 13:22:42,093] {taskinstance.py:1302} INFO - Exporting the following env vars:
AIRFLOW_CTX_DAG_OWNER=***
AIRFLOW_CTX_DAG_ID=my_mongo_db_dag
AIRFLOW_CTX_TASK_ID=CheckMongoDBConnexion
AIRFLOW_CTX_EXECUTION_DATE=2022-12-06T13:21:55.483181+00:00
AIRFLOW_CTX_DAG_RUN_ID=scheduled__2022-12-06T13:21:55.483181+00:00
[2022-12-06 13:22:42,093] {logging_mixin.py:104} INFO - 9
[2022-12-06 13:22:42,093] {python.py:151} INFO - Done. Returned value was: None
[2022-12-06 13:22:42,101] {taskinstance.py:1211} INFO - Marking task as SUCCESS. dag_id=my_mongo_db_dag, task_id=CheckMongoDBConnexion, execution_date=20221206T132155, start_date=20221206T132241, end_date=20221206T132242
[2022-12-06 13:22:42,210] {taskinstance.py:1265} INFO - 2 downstream tasks scheduled from follow-on schedule check
[2022-12-06 13:22:42,226] {local_task_job.py:151} INFO - Task exited with return code 0
