[2022-12-06 10:21:55,948] {taskinstance.py:896} INFO - Dependencies all met for <TaskInstance: my_elastic_search_dag.ExtractFlights 2022-12-06T10:21:34.228708+00:00 [queued]>
[2022-12-06 10:21:55,962] {taskinstance.py:896} INFO - Dependencies all met for <TaskInstance: my_elastic_search_dag.ExtractFlights 2022-12-06T10:21:34.228708+00:00 [queued]>
[2022-12-06 10:21:55,962] {taskinstance.py:1087} INFO - 
--------------------------------------------------------------------------------
[2022-12-06 10:21:55,962] {taskinstance.py:1088} INFO - Starting attempt 1 of 1
[2022-12-06 10:21:55,962] {taskinstance.py:1089} INFO - 
--------------------------------------------------------------------------------
[2022-12-06 10:21:55,971] {taskinstance.py:1107} INFO - Executing <Task(PythonOperator): ExtractFlights> on 2022-12-06T10:21:34.228708+00:00
[2022-12-06 10:21:55,979] {standard_task_runner.py:76} INFO - Running: ['***', 'tasks', 'run', 'my_elastic_search_dag', 'ExtractFlights', '2022-12-06T10:21:34.228708+00:00', '--job-id', '16', '--pool', 'default_pool', '--raw', '--subdir', 'DAGS_FOLDER/my_elastic_search_dag.py', '--cfg-path', '/tmp/tmpksl8j44o', '--error-file', '/tmp/tmptm4r8kl4']
[2022-12-06 10:21:55,974] {standard_task_runner.py:52} INFO - Started process 384 to run task
[2022-12-06 10:21:55,979] {standard_task_runner.py:77} INFO - Job 16: Subtask ExtractFlights
[2022-12-06 10:21:56,016] {logging_mixin.py:104} INFO - Running <TaskInstance: my_elastic_search_dag.ExtractFlights 2022-12-06T10:21:34.228708+00:00 [running]> on host 33da1fe70ee2
[2022-12-06 10:21:56,064] {taskinstance.py:1302} INFO - Exporting the following env vars:
AIRFLOW_CTX_DAG_OWNER=***
AIRFLOW_CTX_DAG_ID=my_elastic_search_dag
AIRFLOW_CTX_TASK_ID=ExtractFlights
AIRFLOW_CTX_EXECUTION_DATE=2022-12-06T10:21:34.228708+00:00
AIRFLOW_CTX_DAG_RUN_ID=manual__2022-12-06T10:21:34.228708+00:00
[2022-12-06 10:21:58,130] {python.py:151} INFO - Done. Returned value was: None
[2022-12-06 10:21:58,142] {taskinstance.py:1211} INFO - Marking task as SUCCESS. dag_id=my_elastic_search_dag, task_id=ExtractFlights, execution_date=20221206T102134, start_date=20221206T102155, end_date=20221206T102158
[2022-12-06 10:21:58,167] {taskinstance.py:1265} INFO - 1 downstream tasks scheduled from follow-on schedule check
[2022-12-06 10:21:58,205] {local_task_job.py:151} INFO - Task exited with return code 0
