[2022-12-06 08:17:57,017] {taskinstance.py:896} INFO - Dependencies all met for <TaskInstance: my_elastic_search_dag.DeleteOldDocumentsFromES 2022-12-05T00:00:00+00:00 [queued]>
[2022-12-06 08:17:57,025] {taskinstance.py:896} INFO - Dependencies all met for <TaskInstance: my_elastic_search_dag.DeleteOldDocumentsFromES 2022-12-05T00:00:00+00:00 [queued]>
[2022-12-06 08:17:57,025] {taskinstance.py:1087} INFO - 
--------------------------------------------------------------------------------
[2022-12-06 08:17:57,025] {taskinstance.py:1088} INFO - Starting attempt 1 of 1
[2022-12-06 08:17:57,025] {taskinstance.py:1089} INFO - 
--------------------------------------------------------------------------------
[2022-12-06 08:17:57,037] {taskinstance.py:1107} INFO - Executing <Task(PythonOperator): DeleteOldDocumentsFromES> on 2022-12-05T00:00:00+00:00
[2022-12-06 08:17:57,040] {standard_task_runner.py:52} INFO - Started process 335 to run task
[2022-12-06 08:17:57,043] {standard_task_runner.py:76} INFO - Running: ['***', 'tasks', 'run', 'my_elastic_search_dag', 'DeleteOldDocumentsFromES', '2022-12-05T00:00:00+00:00', '--job-id', '10', '--pool', 'default_pool', '--raw', '--subdir', 'DAGS_FOLDER/my_elastic_search_dag.py', '--cfg-path', '/tmp/tmp2__ol4pu', '--error-file', '/tmp/tmphsak32uh']
[2022-12-06 08:17:57,044] {standard_task_runner.py:77} INFO - Job 10: Subtask DeleteOldDocumentsFromES
[2022-12-06 08:17:57,081] {logging_mixin.py:104} INFO - Running <TaskInstance: my_elastic_search_dag.DeleteOldDocumentsFromES 2022-12-05T00:00:00+00:00 [running]> on host dca14bec1869
[2022-12-06 08:17:57,123] {taskinstance.py:1302} INFO - Exporting the following env vars:
AIRFLOW_CTX_DAG_OWNER=***
AIRFLOW_CTX_DAG_ID=my_elastic_search_dag
AIRFLOW_CTX_TASK_ID=DeleteOldDocumentsFromES
AIRFLOW_CTX_EXECUTION_DATE=2022-12-05T00:00:00+00:00
AIRFLOW_CTX_DAG_RUN_ID=scheduled__2022-12-05T00:00:00+00:00
[2022-12-06 08:17:57,123] {logging_mixin.py:104} INFO - success
[2022-12-06 08:17:57,123] {python.py:151} INFO - Done. Returned value was: None
[2022-12-06 08:17:57,133] {taskinstance.py:1211} INFO - Marking task as SUCCESS. dag_id=my_elastic_search_dag, task_id=DeleteOldDocumentsFromES, execution_date=20221205T000000, start_date=20221206T081757, end_date=20221206T081757
[2022-12-06 08:17:57,154] {taskinstance.py:1265} INFO - 0 downstream tasks scheduled from follow-on schedule check
[2022-12-06 08:17:57,177] {local_task_job.py:151} INFO - Task exited with return code 0
[2022-12-06 09:11:55,525] {taskinstance.py:896} INFO - Dependencies all met for <TaskInstance: my_elastic_search_dag.DeleteOldDocumentsFromES 2022-12-05T00:00:00+00:00 [queued]>
[2022-12-06 09:11:55,540] {taskinstance.py:896} INFO - Dependencies all met for <TaskInstance: my_elastic_search_dag.DeleteOldDocumentsFromES 2022-12-05T00:00:00+00:00 [queued]>
[2022-12-06 09:11:55,540] {taskinstance.py:1087} INFO - 
--------------------------------------------------------------------------------
[2022-12-06 09:11:55,540] {taskinstance.py:1088} INFO - Starting attempt 1 of 1
[2022-12-06 09:11:55,540] {taskinstance.py:1089} INFO - 
--------------------------------------------------------------------------------
[2022-12-06 09:11:55,547] {taskinstance.py:1107} INFO - Executing <Task(PythonOperator): DeleteOldDocumentsFromES> on 2022-12-05T00:00:00+00:00
[2022-12-06 09:11:55,551] {standard_task_runner.py:52} INFO - Started process 626 to run task
[2022-12-06 09:11:55,554] {standard_task_runner.py:76} INFO - Running: ['***', 'tasks', 'run', 'my_elastic_search_dag', 'DeleteOldDocumentsFromES', '2022-12-05T00:00:00+00:00', '--job-id', '11', '--pool', 'default_pool', '--raw', '--subdir', 'DAGS_FOLDER/my_elastic_search_dag.py', '--cfg-path', '/tmp/tmp8c9pjtkc', '--error-file', '/tmp/tmpd2aje5vi']
[2022-12-06 09:11:55,555] {standard_task_runner.py:77} INFO - Job 11: Subtask DeleteOldDocumentsFromES
[2022-12-06 09:11:55,597] {logging_mixin.py:104} INFO - Running <TaskInstance: my_elastic_search_dag.DeleteOldDocumentsFromES 2022-12-05T00:00:00+00:00 [running]> on host 27e998575b9f
[2022-12-06 09:11:55,820] {taskinstance.py:1302} INFO - Exporting the following env vars:
AIRFLOW_CTX_DAG_OWNER=***
AIRFLOW_CTX_DAG_ID=my_elastic_search_dag
AIRFLOW_CTX_TASK_ID=DeleteOldDocumentsFromES
AIRFLOW_CTX_EXECUTION_DATE=2022-12-05T00:00:00+00:00
AIRFLOW_CTX_DAG_RUN_ID=scheduled__2022-12-05T00:00:00+00:00
[2022-12-06 09:11:55,822] {logging_mixin.py:104} INFO - success
[2022-12-06 09:11:55,823] {python.py:151} INFO - Done. Returned value was: None
[2022-12-06 09:11:55,850] {taskinstance.py:1211} INFO - Marking task as SUCCESS. dag_id=my_elastic_search_dag, task_id=DeleteOldDocumentsFromES, execution_date=20221205T000000, start_date=20221206T091155, end_date=20221206T091155
[2022-12-06 09:11:55,878] {taskinstance.py:1265} INFO - 0 downstream tasks scheduled from follow-on schedule check
[2022-12-06 09:11:55,916] {local_task_job.py:151} INFO - Task exited with return code 0
[2022-12-06 09:18:29,251] {taskinstance.py:896} INFO - Dependencies all met for <TaskInstance: my_elastic_search_dag.DeleteOldDocumentsFromES 2022-12-05T00:00:00+00:00 [queued]>
[2022-12-06 09:18:29,267] {taskinstance.py:896} INFO - Dependencies all met for <TaskInstance: my_elastic_search_dag.DeleteOldDocumentsFromES 2022-12-05T00:00:00+00:00 [queued]>
[2022-12-06 09:18:29,267] {taskinstance.py:1087} INFO - 
--------------------------------------------------------------------------------
[2022-12-06 09:18:29,267] {taskinstance.py:1088} INFO - Starting attempt 1 of 1
[2022-12-06 09:18:29,267] {taskinstance.py:1089} INFO - 
--------------------------------------------------------------------------------
[2022-12-06 09:18:29,275] {taskinstance.py:1107} INFO - Executing <Task(PythonOperator): DeleteOldDocumentsFromES> on 2022-12-05T00:00:00+00:00
[2022-12-06 09:18:29,279] {standard_task_runner.py:52} INFO - Started process 1177 to run task
[2022-12-06 09:18:29,283] {standard_task_runner.py:76} INFO - Running: ['***', 'tasks', 'run', 'my_elastic_search_dag', 'DeleteOldDocumentsFromES', '2022-12-05T00:00:00+00:00', '--job-id', '27', '--pool', 'default_pool', '--raw', '--subdir', 'DAGS_FOLDER/my_elastic_search_dag.py', '--cfg-path', '/tmp/tmpkikgwl6m', '--error-file', '/tmp/tmpgmrwb3of']
[2022-12-06 09:18:29,283] {standard_task_runner.py:77} INFO - Job 27: Subtask DeleteOldDocumentsFromES
[2022-12-06 09:18:29,320] {logging_mixin.py:104} INFO - Running <TaskInstance: my_elastic_search_dag.DeleteOldDocumentsFromES 2022-12-05T00:00:00+00:00 [running]> on host 27e998575b9f
[2022-12-06 09:18:29,390] {taskinstance.py:1302} INFO - Exporting the following env vars:
AIRFLOW_CTX_DAG_OWNER=***
AIRFLOW_CTX_DAG_ID=my_elastic_search_dag
AIRFLOW_CTX_TASK_ID=DeleteOldDocumentsFromES
AIRFLOW_CTX_EXECUTION_DATE=2022-12-05T00:00:00+00:00
AIRFLOW_CTX_DAG_RUN_ID=scheduled__2022-12-05T00:00:00+00:00
[2022-12-06 09:18:29,390] {logging_mixin.py:104} INFO - success
[2022-12-06 09:18:29,390] {python.py:151} INFO - Done. Returned value was: None
[2022-12-06 09:18:29,399] {taskinstance.py:1211} INFO - Marking task as SUCCESS. dag_id=my_elastic_search_dag, task_id=DeleteOldDocumentsFromES, execution_date=20221205T000000, start_date=20221206T091829, end_date=20221206T091829
[2022-12-06 09:18:29,420] {taskinstance.py:1265} INFO - 0 downstream tasks scheduled from follow-on schedule check
[2022-12-06 09:18:29,456] {local_task_job.py:151} INFO - Task exited with return code 0
[2022-12-06 09:53:15,255] {taskinstance.py:896} INFO - Dependencies all met for <TaskInstance: my_elastic_search_dag.DeleteOldDocumentsFromES 2022-12-05T00:00:00+00:00 [queued]>
[2022-12-06 09:53:15,283] {taskinstance.py:896} INFO - Dependencies all met for <TaskInstance: my_elastic_search_dag.DeleteOldDocumentsFromES 2022-12-05T00:00:00+00:00 [queued]>
[2022-12-06 09:53:15,283] {taskinstance.py:1087} INFO - 
--------------------------------------------------------------------------------
[2022-12-06 09:53:15,283] {taskinstance.py:1088} INFO - Starting attempt 1 of 1
[2022-12-06 09:53:15,283] {taskinstance.py:1089} INFO - 
--------------------------------------------------------------------------------
[2022-12-06 09:53:15,294] {taskinstance.py:1107} INFO - Executing <Task(PythonOperator): DeleteOldDocumentsFromES> on 2022-12-05T00:00:00+00:00
[2022-12-06 09:53:15,299] {standard_task_runner.py:52} INFO - Started process 228 to run task
[2022-12-06 09:53:15,305] {standard_task_runner.py:76} INFO - Running: ['***', 'tasks', 'run', 'my_elastic_search_dag', 'DeleteOldDocumentsFromES', '2022-12-05T00:00:00+00:00', '--job-id', '7', '--pool', 'default_pool', '--raw', '--subdir', 'DAGS_FOLDER/my_elastic_search_dag.py', '--cfg-path', '/tmp/tmpo9pgxr0z', '--error-file', '/tmp/tmptk_blmj9']
[2022-12-06 09:53:15,305] {standard_task_runner.py:77} INFO - Job 7: Subtask DeleteOldDocumentsFromES
[2022-12-06 09:53:15,361] {logging_mixin.py:104} INFO - Running <TaskInstance: my_elastic_search_dag.DeleteOldDocumentsFromES 2022-12-05T00:00:00+00:00 [running]> on host 4467c39e9c9a
[2022-12-06 09:53:15,441] {taskinstance.py:1302} INFO - Exporting the following env vars:
AIRFLOW_CTX_DAG_OWNER=***
AIRFLOW_CTX_DAG_ID=my_elastic_search_dag
AIRFLOW_CTX_TASK_ID=DeleteOldDocumentsFromES
AIRFLOW_CTX_EXECUTION_DATE=2022-12-05T00:00:00+00:00
AIRFLOW_CTX_DAG_RUN_ID=scheduled__2022-12-05T00:00:00+00:00
[2022-12-06 09:53:15,444] {logging_mixin.py:104} INFO - success
[2022-12-06 09:53:15,444] {python.py:151} INFO - Done. Returned value was: None
[2022-12-06 09:53:15,457] {taskinstance.py:1211} INFO - Marking task as SUCCESS. dag_id=my_elastic_search_dag, task_id=DeleteOldDocumentsFromES, execution_date=20221205T000000, start_date=20221206T095315, end_date=20221206T095315
[2022-12-06 09:53:15,488] {taskinstance.py:1265} INFO - 0 downstream tasks scheduled from follow-on schedule check
[2022-12-06 09:53:15,526] {local_task_job.py:151} INFO - Task exited with return code 0
[2022-12-06 10:00:56,116] {taskinstance.py:896} INFO - Dependencies all met for <TaskInstance: my_elastic_search_dag.DeleteOldDocumentsFromES 2022-12-05T00:00:00+00:00 [queued]>
[2022-12-06 10:00:56,124] {taskinstance.py:896} INFO - Dependencies all met for <TaskInstance: my_elastic_search_dag.DeleteOldDocumentsFromES 2022-12-05T00:00:00+00:00 [queued]>
[2022-12-06 10:00:56,125] {taskinstance.py:1087} INFO - 
--------------------------------------------------------------------------------
[2022-12-06 10:00:56,125] {taskinstance.py:1088} INFO - Starting attempt 1 of 1
[2022-12-06 10:00:56,125] {taskinstance.py:1089} INFO - 
--------------------------------------------------------------------------------
[2022-12-06 10:00:56,137] {taskinstance.py:1107} INFO - Executing <Task(PythonOperator): DeleteOldDocumentsFromES> on 2022-12-05T00:00:00+00:00
[2022-12-06 10:00:56,143] {standard_task_runner.py:76} INFO - Running: ['***', 'tasks', 'run', 'my_elastic_search_dag', 'DeleteOldDocumentsFromES', '2022-12-05T00:00:00+00:00', '--job-id', '12', '--pool', 'default_pool', '--raw', '--subdir', 'DAGS_FOLDER/my_elastic_search_dag.py', '--cfg-path', '/tmp/tmpnoflde51', '--error-file', '/tmp/tmp6e_mk558']
[2022-12-06 10:00:56,140] {standard_task_runner.py:52} INFO - Started process 375 to run task
[2022-12-06 10:00:56,144] {standard_task_runner.py:77} INFO - Job 12: Subtask DeleteOldDocumentsFromES
[2022-12-06 10:00:56,203] {logging_mixin.py:104} INFO - Running <TaskInstance: my_elastic_search_dag.DeleteOldDocumentsFromES 2022-12-05T00:00:00+00:00 [running]> on host 3d95da7470fe
[2022-12-06 10:00:56,247] {taskinstance.py:1302} INFO - Exporting the following env vars:
AIRFLOW_CTX_DAG_OWNER=***
AIRFLOW_CTX_DAG_ID=my_elastic_search_dag
AIRFLOW_CTX_TASK_ID=DeleteOldDocumentsFromES
AIRFLOW_CTX_EXECUTION_DATE=2022-12-05T00:00:00+00:00
AIRFLOW_CTX_DAG_RUN_ID=scheduled__2022-12-05T00:00:00+00:00
[2022-12-06 10:00:56,248] {logging_mixin.py:104} INFO - success
[2022-12-06 10:00:56,248] {python.py:151} INFO - Done. Returned value was: None
[2022-12-06 10:00:56,258] {taskinstance.py:1211} INFO - Marking task as SUCCESS. dag_id=my_elastic_search_dag, task_id=DeleteOldDocumentsFromES, execution_date=20221205T000000, start_date=20221206T100056, end_date=20221206T100056
[2022-12-06 10:00:56,280] {taskinstance.py:1265} INFO - 0 downstream tasks scheduled from follow-on schedule check
[2022-12-06 10:00:56,318] {local_task_job.py:151} INFO - Task exited with return code 0
[2022-12-06 10:20:44,945] {taskinstance.py:896} INFO - Dependencies all met for <TaskInstance: my_elastic_search_dag.DeleteOldDocumentsFromES 2022-12-05T00:00:00+00:00 [queued]>
[2022-12-06 10:20:44,967] {taskinstance.py:896} INFO - Dependencies all met for <TaskInstance: my_elastic_search_dag.DeleteOldDocumentsFromES 2022-12-05T00:00:00+00:00 [queued]>
[2022-12-06 10:20:44,968] {taskinstance.py:1087} INFO - 
--------------------------------------------------------------------------------
[2022-12-06 10:20:44,968] {taskinstance.py:1088} INFO - Starting attempt 1 of 1
[2022-12-06 10:20:44,968] {taskinstance.py:1089} INFO - 
--------------------------------------------------------------------------------
[2022-12-06 10:20:44,979] {taskinstance.py:1107} INFO - Executing <Task(PythonOperator): DeleteOldDocumentsFromES> on 2022-12-05T00:00:00+00:00
[2022-12-06 10:20:44,984] {standard_task_runner.py:52} INFO - Started process 285 to run task
[2022-12-06 10:20:44,990] {standard_task_runner.py:76} INFO - Running: ['***', 'tasks', 'run', 'my_elastic_search_dag', 'DeleteOldDocumentsFromES', '2022-12-05T00:00:00+00:00', '--job-id', '9', '--pool', 'default_pool', '--raw', '--subdir', 'DAGS_FOLDER/my_elastic_search_dag.py', '--cfg-path', '/tmp/tmpudlhfkoe', '--error-file', '/tmp/tmp_ty3jz7b']
[2022-12-06 10:20:44,990] {standard_task_runner.py:77} INFO - Job 9: Subtask DeleteOldDocumentsFromES
[2022-12-06 10:20:45,052] {logging_mixin.py:104} INFO - Running <TaskInstance: my_elastic_search_dag.DeleteOldDocumentsFromES 2022-12-05T00:00:00+00:00 [running]> on host 33da1fe70ee2
[2022-12-06 10:20:45,294] {taskinstance.py:1302} INFO - Exporting the following env vars:
AIRFLOW_CTX_DAG_OWNER=***
AIRFLOW_CTX_DAG_ID=my_elastic_search_dag
AIRFLOW_CTX_TASK_ID=DeleteOldDocumentsFromES
AIRFLOW_CTX_EXECUTION_DATE=2022-12-05T00:00:00+00:00
AIRFLOW_CTX_DAG_RUN_ID=scheduled__2022-12-05T00:00:00+00:00
[2022-12-06 10:20:45,295] {logging_mixin.py:104} INFO - success
[2022-12-06 10:20:45,295] {python.py:151} INFO - Done. Returned value was: None
[2022-12-06 10:20:45,310] {taskinstance.py:1211} INFO - Marking task as SUCCESS. dag_id=my_elastic_search_dag, task_id=DeleteOldDocumentsFromES, execution_date=20221205T000000, start_date=20221206T102044, end_date=20221206T102045
[2022-12-06 10:20:45,459] {taskinstance.py:1265} INFO - 0 downstream tasks scheduled from follow-on schedule check
[2022-12-06 10:20:45,486] {local_task_job.py:151} INFO - Task exited with return code 0
[2022-12-06 15:39:03,296] {taskinstance.py:896} INFO - Dependencies all met for <TaskInstance: my_elastic_search_dag.DeleteOldDocumentsFromES 2022-12-05T00:00:00+00:00 [queued]>
[2022-12-06 15:39:03,316] {taskinstance.py:896} INFO - Dependencies all met for <TaskInstance: my_elastic_search_dag.DeleteOldDocumentsFromES 2022-12-05T00:00:00+00:00 [queued]>
[2022-12-06 15:39:03,316] {taskinstance.py:1087} INFO - 
--------------------------------------------------------------------------------
[2022-12-06 15:39:03,317] {taskinstance.py:1088} INFO - Starting attempt 1 of 1
[2022-12-06 15:39:03,317] {taskinstance.py:1089} INFO - 
--------------------------------------------------------------------------------
[2022-12-06 15:39:03,336] {taskinstance.py:1107} INFO - Executing <Task(PythonOperator): DeleteOldDocumentsFromES> on 2022-12-05T00:00:00+00:00
[2022-12-06 15:39:03,363] {standard_task_runner.py:52} INFO - Started process 205 to run task
[2022-12-06 15:39:03,371] {standard_task_runner.py:76} INFO - Running: ['***', 'tasks', 'run', 'my_elastic_search_dag', 'DeleteOldDocumentsFromES', '2022-12-05T00:00:00+00:00', '--job-id', '4', '--pool', 'default_pool', '--raw', '--subdir', 'DAGS_FOLDER/my_elastic_search_dag.py', '--cfg-path', '/tmp/tmplcsw24kl', '--error-file', '/tmp/tmpvkps0zbh']
[2022-12-06 15:39:03,372] {standard_task_runner.py:77} INFO - Job 4: Subtask DeleteOldDocumentsFromES
[2022-12-06 15:39:03,478] {logging_mixin.py:104} INFO - Running <TaskInstance: my_elastic_search_dag.DeleteOldDocumentsFromES 2022-12-05T00:00:00+00:00 [running]> on host a73eb81819c0
[2022-12-06 15:39:03,550] {taskinstance.py:1302} INFO - Exporting the following env vars:
AIRFLOW_CTX_DAG_OWNER=***
AIRFLOW_CTX_DAG_ID=my_elastic_search_dag
AIRFLOW_CTX_TASK_ID=DeleteOldDocumentsFromES
AIRFLOW_CTX_EXECUTION_DATE=2022-12-05T00:00:00+00:00
AIRFLOW_CTX_DAG_RUN_ID=scheduled__2022-12-05T00:00:00+00:00
[2022-12-06 15:39:03,551] {logging_mixin.py:104} INFO - success
[2022-12-06 15:39:03,552] {python.py:151} INFO - Done. Returned value was: None
[2022-12-06 15:39:03,567] {taskinstance.py:1211} INFO - Marking task as SUCCESS. dag_id=my_elastic_search_dag, task_id=DeleteOldDocumentsFromES, execution_date=20221205T000000, start_date=20221206T153903, end_date=20221206T153903
[2022-12-06 15:39:03,602] {taskinstance.py:1265} INFO - 0 downstream tasks scheduled from follow-on schedule check
[2022-12-06 15:39:03,627] {local_task_job.py:151} INFO - Task exited with return code 0
[2022-12-06 21:19:23,056] {taskinstance.py:896} INFO - Dependencies all met for <TaskInstance: my_elastic_search_dag.DeleteOldDocumentsFromES 2022-12-05T00:00:00+00:00 [queued]>
[2022-12-06 21:19:23,068] {taskinstance.py:896} INFO - Dependencies all met for <TaskInstance: my_elastic_search_dag.DeleteOldDocumentsFromES 2022-12-05T00:00:00+00:00 [queued]>
[2022-12-06 21:19:23,069] {taskinstance.py:1087} INFO - 
--------------------------------------------------------------------------------
[2022-12-06 21:19:23,069] {taskinstance.py:1088} INFO - Starting attempt 1 of 1
[2022-12-06 21:19:23,069] {taskinstance.py:1089} INFO - 
--------------------------------------------------------------------------------
[2022-12-06 21:19:23,083] {taskinstance.py:1107} INFO - Executing <Task(PythonOperator): DeleteOldDocumentsFromES> on 2022-12-05T00:00:00+00:00
[2022-12-06 21:19:23,224] {standard_task_runner.py:76} INFO - Running: ['***', 'tasks', 'run', 'my_elastic_search_dag', 'DeleteOldDocumentsFromES', '2022-12-05T00:00:00+00:00', '--job-id', '17', '--pool', 'default_pool', '--raw', '--subdir', 'DAGS_FOLDER/my_elastic_search_dag.py', '--cfg-path', '/tmp/tmpcefmxg5t', '--error-file', '/tmp/tmp6wvgyreq']
[2022-12-06 21:19:23,220] {standard_task_runner.py:52} INFO - Started process 341 to run task
[2022-12-06 21:19:23,225] {standard_task_runner.py:77} INFO - Job 17: Subtask DeleteOldDocumentsFromES
[2022-12-06 21:19:23,270] {logging_mixin.py:104} INFO - Running <TaskInstance: my_elastic_search_dag.DeleteOldDocumentsFromES 2022-12-05T00:00:00+00:00 [running]> on host 38e99ed76088
[2022-12-06 21:19:23,313] {taskinstance.py:1302} INFO - Exporting the following env vars:
AIRFLOW_CTX_DAG_OWNER=***
AIRFLOW_CTX_DAG_ID=my_elastic_search_dag
AIRFLOW_CTX_TASK_ID=DeleteOldDocumentsFromES
AIRFLOW_CTX_EXECUTION_DATE=2022-12-05T00:00:00+00:00
AIRFLOW_CTX_DAG_RUN_ID=scheduled__2022-12-05T00:00:00+00:00
[2022-12-06 21:19:23,313] {logging_mixin.py:104} INFO - success
[2022-12-06 21:19:23,313] {python.py:151} INFO - Done. Returned value was: None
[2022-12-06 21:19:23,323] {taskinstance.py:1211} INFO - Marking task as SUCCESS. dag_id=my_elastic_search_dag, task_id=DeleteOldDocumentsFromES, execution_date=20221205T000000, start_date=20221206T211923, end_date=20221206T211923
[2022-12-06 21:19:23,344] {taskinstance.py:1265} INFO - 0 downstream tasks scheduled from follow-on schedule check
[2022-12-06 21:19:23,359] {local_task_job.py:151} INFO - Task exited with return code 0
[2022-12-06 21:50:26,566] {taskinstance.py:896} INFO - Dependencies all met for <TaskInstance: my_elastic_search_dag.DeleteOldDocumentsFromES 2022-12-05T00:00:00+00:00 [queued]>
[2022-12-06 21:50:26,582] {taskinstance.py:896} INFO - Dependencies all met for <TaskInstance: my_elastic_search_dag.DeleteOldDocumentsFromES 2022-12-05T00:00:00+00:00 [queued]>
[2022-12-06 21:50:26,582] {taskinstance.py:1087} INFO - 
--------------------------------------------------------------------------------
[2022-12-06 21:50:26,583] {taskinstance.py:1088} INFO - Starting attempt 1 of 1
[2022-12-06 21:50:26,583] {taskinstance.py:1089} INFO - 
--------------------------------------------------------------------------------
[2022-12-06 21:50:27,119] {taskinstance.py:1107} INFO - Executing <Task(PythonOperator): DeleteOldDocumentsFromES> on 2022-12-05T00:00:00+00:00
[2022-12-06 21:50:27,126] {standard_task_runner.py:52} INFO - Started process 223 to run task
[2022-12-06 21:50:27,411] {standard_task_runner.py:76} INFO - Running: ['***', 'tasks', 'run', 'my_elastic_search_dag', 'DeleteOldDocumentsFromES', '2022-12-05T00:00:00+00:00', '--job-id', '5', '--pool', 'default_pool', '--raw', '--subdir', 'DAGS_FOLDER/my_elastic_search_dag.py', '--cfg-path', '/tmp/tmpr2i5n3mk', '--error-file', '/tmp/tmpq48x2av8']
[2022-12-06 21:50:27,412] {standard_task_runner.py:77} INFO - Job 5: Subtask DeleteOldDocumentsFromES
[2022-12-06 21:50:27,857] {logging_mixin.py:104} INFO - Running <TaskInstance: my_elastic_search_dag.DeleteOldDocumentsFromES 2022-12-05T00:00:00+00:00 [running]> on host f6470d6d4cfc
[2022-12-06 21:50:27,993] {taskinstance.py:1302} INFO - Exporting the following env vars:
AIRFLOW_CTX_DAG_OWNER=***
AIRFLOW_CTX_DAG_ID=my_elastic_search_dag
AIRFLOW_CTX_TASK_ID=DeleteOldDocumentsFromES
AIRFLOW_CTX_EXECUTION_DATE=2022-12-05T00:00:00+00:00
AIRFLOW_CTX_DAG_RUN_ID=scheduled__2022-12-05T00:00:00+00:00
[2022-12-06 21:50:27,994] {logging_mixin.py:104} INFO - success
[2022-12-06 21:50:27,995] {python.py:151} INFO - Done. Returned value was: None
[2022-12-06 21:50:28,020] {taskinstance.py:1211} INFO - Marking task as SUCCESS. dag_id=my_elastic_search_dag, task_id=DeleteOldDocumentsFromES, execution_date=20221205T000000, start_date=20221206T215026, end_date=20221206T215028
[2022-12-06 21:50:28,111] {taskinstance.py:1265} INFO - 0 downstream tasks scheduled from follow-on schedule check
[2022-12-06 21:50:28,146] {local_task_job.py:151} INFO - Task exited with return code 0
[2022-12-06 22:05:06,527] {taskinstance.py:896} INFO - Dependencies all met for <TaskInstance: my_elastic_search_dag.DeleteOldDocumentsFromES 2022-12-05T00:00:00+00:00 [queued]>
[2022-12-06 22:05:06,546] {taskinstance.py:896} INFO - Dependencies all met for <TaskInstance: my_elastic_search_dag.DeleteOldDocumentsFromES 2022-12-05T00:00:00+00:00 [queued]>
[2022-12-06 22:05:06,547] {taskinstance.py:1087} INFO - 
--------------------------------------------------------------------------------
[2022-12-06 22:05:06,547] {taskinstance.py:1088} INFO - Starting attempt 1 of 1
[2022-12-06 22:05:06,547] {taskinstance.py:1089} INFO - 
--------------------------------------------------------------------------------
[2022-12-06 22:05:06,558] {taskinstance.py:1107} INFO - Executing <Task(PythonOperator): DeleteOldDocumentsFromES> on 2022-12-05T00:00:00+00:00
[2022-12-06 22:05:06,568] {standard_task_runner.py:52} INFO - Started process 266 to run task
[2022-12-06 22:05:06,573] {standard_task_runner.py:76} INFO - Running: ['***', 'tasks', 'run', 'my_elastic_search_dag', 'DeleteOldDocumentsFromES', '2022-12-05T00:00:00+00:00', '--job-id', '7', '--pool', 'default_pool', '--raw', '--subdir', 'DAGS_FOLDER/my_elastic_search_dag.py', '--cfg-path', '/tmp/tmphy952gon', '--error-file', '/tmp/tmpowrq0zap']
[2022-12-06 22:05:06,574] {standard_task_runner.py:77} INFO - Job 7: Subtask DeleteOldDocumentsFromES
[2022-12-06 22:05:06,631] {logging_mixin.py:104} INFO - Running <TaskInstance: my_elastic_search_dag.DeleteOldDocumentsFromES 2022-12-05T00:00:00+00:00 [running]> on host 7fa6b411e012
[2022-12-06 22:05:06,703] {taskinstance.py:1302} INFO - Exporting the following env vars:
AIRFLOW_CTX_DAG_OWNER=***
AIRFLOW_CTX_DAG_ID=my_elastic_search_dag
AIRFLOW_CTX_TASK_ID=DeleteOldDocumentsFromES
AIRFLOW_CTX_EXECUTION_DATE=2022-12-05T00:00:00+00:00
AIRFLOW_CTX_DAG_RUN_ID=scheduled__2022-12-05T00:00:00+00:00
[2022-12-06 22:05:06,704] {logging_mixin.py:104} INFO - success
[2022-12-06 22:05:06,704] {python.py:151} INFO - Done. Returned value was: None
[2022-12-06 22:05:06,718] {taskinstance.py:1211} INFO - Marking task as SUCCESS. dag_id=my_elastic_search_dag, task_id=DeleteOldDocumentsFromES, execution_date=20221205T000000, start_date=20221206T220506, end_date=20221206T220506
[2022-12-06 22:05:06,747] {taskinstance.py:1265} INFO - 0 downstream tasks scheduled from follow-on schedule check
[2022-12-06 22:05:06,788] {local_task_job.py:151} INFO - Task exited with return code 0
[2022-12-06 22:30:06,015] {taskinstance.py:896} INFO - Dependencies all met for <TaskInstance: my_elastic_search_dag.DeleteOldDocumentsFromES 2022-12-05T00:00:00+00:00 [queued]>
[2022-12-06 22:30:06,031] {taskinstance.py:896} INFO - Dependencies all met for <TaskInstance: my_elastic_search_dag.DeleteOldDocumentsFromES 2022-12-05T00:00:00+00:00 [queued]>
[2022-12-06 22:30:06,031] {taskinstance.py:1087} INFO - 
--------------------------------------------------------------------------------
[2022-12-06 22:30:06,031] {taskinstance.py:1088} INFO - Starting attempt 1 of 1
[2022-12-06 22:30:06,031] {taskinstance.py:1089} INFO - 
--------------------------------------------------------------------------------
[2022-12-06 22:30:06,039] {taskinstance.py:1107} INFO - Executing <Task(PythonOperator): DeleteOldDocumentsFromES> on 2022-12-05T00:00:00+00:00
[2022-12-06 22:30:06,043] {standard_task_runner.py:52} INFO - Started process 709 to run task
[2022-12-06 22:30:06,047] {standard_task_runner.py:76} INFO - Running: ['***', 'tasks', 'run', 'my_elastic_search_dag', 'DeleteOldDocumentsFromES', '2022-12-05T00:00:00+00:00', '--job-id', '28', '--pool', 'default_pool', '--raw', '--subdir', 'DAGS_FOLDER/my_elastic_search_dag.py', '--cfg-path', '/tmp/tmpgob8yjj6', '--error-file', '/tmp/tmpsrmnorfz']
[2022-12-06 22:30:06,047] {standard_task_runner.py:77} INFO - Job 28: Subtask DeleteOldDocumentsFromES
[2022-12-06 22:30:06,181] {logging_mixin.py:104} INFO - Running <TaskInstance: my_elastic_search_dag.DeleteOldDocumentsFromES 2022-12-05T00:00:00+00:00 [running]> on host fa2e38feb0e6
[2022-12-06 22:30:06,222] {taskinstance.py:1302} INFO - Exporting the following env vars:
AIRFLOW_CTX_DAG_OWNER=***
AIRFLOW_CTX_DAG_ID=my_elastic_search_dag
AIRFLOW_CTX_TASK_ID=DeleteOldDocumentsFromES
AIRFLOW_CTX_EXECUTION_DATE=2022-12-05T00:00:00+00:00
AIRFLOW_CTX_DAG_RUN_ID=scheduled__2022-12-05T00:00:00+00:00
[2022-12-06 22:30:06,223] {logging_mixin.py:104} INFO - success
[2022-12-06 22:30:06,223] {python.py:151} INFO - Done. Returned value was: None
[2022-12-06 22:30:06,232] {taskinstance.py:1211} INFO - Marking task as SUCCESS. dag_id=my_elastic_search_dag, task_id=DeleteOldDocumentsFromES, execution_date=20221205T000000, start_date=20221206T223006, end_date=20221206T223006
[2022-12-06 22:30:06,254] {taskinstance.py:1265} INFO - 0 downstream tasks scheduled from follow-on schedule check
[2022-12-06 22:30:06,301] {local_task_job.py:151} INFO - Task exited with return code 0
[2022-12-06 22:37:47,640] {taskinstance.py:896} INFO - Dependencies all met for <TaskInstance: my_elastic_search_dag.DeleteOldDocumentsFromES 2022-12-05T00:00:00+00:00 [queued]>
[2022-12-06 22:37:47,655] {taskinstance.py:896} INFO - Dependencies all met for <TaskInstance: my_elastic_search_dag.DeleteOldDocumentsFromES 2022-12-05T00:00:00+00:00 [queued]>
[2022-12-06 22:37:47,655] {taskinstance.py:1087} INFO - 
--------------------------------------------------------------------------------
[2022-12-06 22:37:47,655] {taskinstance.py:1088} INFO - Starting attempt 1 of 1
[2022-12-06 22:37:47,655] {taskinstance.py:1089} INFO - 
--------------------------------------------------------------------------------
[2022-12-06 22:37:47,667] {taskinstance.py:1107} INFO - Executing <Task(PythonOperator): DeleteOldDocumentsFromES> on 2022-12-05T00:00:00+00:00
[2022-12-06 22:37:47,674] {standard_task_runner.py:76} INFO - Running: ['***', 'tasks', 'run', 'my_elastic_search_dag', 'DeleteOldDocumentsFromES', '2022-12-05T00:00:00+00:00', '--job-id', '13', '--pool', 'default_pool', '--raw', '--subdir', 'DAGS_FOLDER/my_elastic_search_dag.py', '--cfg-path', '/tmp/tmpo0ic0owa', '--error-file', '/tmp/tmp161lpjie']
[2022-12-06 22:37:47,670] {standard_task_runner.py:52} INFO - Started process 345 to run task
[2022-12-06 22:37:47,674] {standard_task_runner.py:77} INFO - Job 13: Subtask DeleteOldDocumentsFromES
[2022-12-06 22:37:47,814] {logging_mixin.py:104} INFO - Running <TaskInstance: my_elastic_search_dag.DeleteOldDocumentsFromES 2022-12-05T00:00:00+00:00 [running]> on host 294ee582fed7
[2022-12-06 22:37:47,886] {taskinstance.py:1302} INFO - Exporting the following env vars:
AIRFLOW_CTX_DAG_OWNER=***
AIRFLOW_CTX_DAG_ID=my_elastic_search_dag
AIRFLOW_CTX_TASK_ID=DeleteOldDocumentsFromES
AIRFLOW_CTX_EXECUTION_DATE=2022-12-05T00:00:00+00:00
AIRFLOW_CTX_DAG_RUN_ID=scheduled__2022-12-05T00:00:00+00:00
[2022-12-06 22:37:47,887] {logging_mixin.py:104} INFO - success
[2022-12-06 22:37:47,887] {python.py:151} INFO - Done. Returned value was: None
[2022-12-06 22:37:47,898] {taskinstance.py:1211} INFO - Marking task as SUCCESS. dag_id=my_elastic_search_dag, task_id=DeleteOldDocumentsFromES, execution_date=20221205T000000, start_date=20221206T223747, end_date=20221206T223747
[2022-12-06 22:37:47,918] {taskinstance.py:1265} INFO - 0 downstream tasks scheduled from follow-on schedule check
[2022-12-06 22:37:47,929] {local_task_job.py:151} INFO - Task exited with return code 0
