[2022-12-06 14:28:31,951] {taskinstance.py:896} INFO - Dependencies all met for <TaskInstance: my_mongo_db_dag.ExtractPositions 2022-12-06T14:28:18.765624+00:00 [queued]>
[2022-12-06 14:28:32,029] {taskinstance.py:896} INFO - Dependencies all met for <TaskInstance: my_mongo_db_dag.ExtractPositions 2022-12-06T14:28:18.765624+00:00 [queued]>
[2022-12-06 14:28:32,029] {taskinstance.py:1087} INFO - 
--------------------------------------------------------------------------------
[2022-12-06 14:28:32,029] {taskinstance.py:1088} INFO - Starting attempt 1 of 1
[2022-12-06 14:28:32,029] {taskinstance.py:1089} INFO - 
--------------------------------------------------------------------------------
[2022-12-06 14:28:32,041] {taskinstance.py:1107} INFO - Executing <Task(PythonOperator): ExtractPositions> on 2022-12-06T14:28:18.765624+00:00
[2022-12-06 14:28:32,047] {standard_task_runner.py:52} INFO - Started process 203 to run task
[2022-12-06 14:28:32,081] {standard_task_runner.py:76} INFO - Running: ['***', 'tasks', 'run', 'my_mongo_db_dag', 'ExtractPositions', '2022-12-06T14:28:18.765624+00:00', '--job-id', '8', '--pool', 'default_pool', '--raw', '--subdir', 'DAGS_FOLDER/my_mongo_db_dag.py', '--cfg-path', '/tmp/tmpz0ofqmr0', '--error-file', '/tmp/tmpg_e213q4']
[2022-12-06 14:28:32,082] {standard_task_runner.py:77} INFO - Job 8: Subtask ExtractPositions
[2022-12-06 14:28:32,146] {logging_mixin.py:104} INFO - Running <TaskInstance: my_mongo_db_dag.ExtractPositions 2022-12-06T14:28:18.765624+00:00 [running]> on host db4794db4ef9
[2022-12-06 14:28:32,215] {taskinstance.py:1302} INFO - Exporting the following env vars:
AIRFLOW_CTX_DAG_OWNER=***
AIRFLOW_CTX_DAG_ID=my_mongo_db_dag
AIRFLOW_CTX_TASK_ID=ExtractPositions
AIRFLOW_CTX_EXECUTION_DATE=2022-12-06T14:28:18.765624+00:00
AIRFLOW_CTX_DAG_RUN_ID=manual__2022-12-06T14:28:18.765624+00:00
[2022-12-06 14:28:33,708] {python.py:151} INFO - Done. Returned value was: None
[2022-12-06 14:28:33,719] {taskinstance.py:1211} INFO - Marking task as SUCCESS. dag_id=my_mongo_db_dag, task_id=ExtractPositions, execution_date=20221206T142818, start_date=20221206T142831, end_date=20221206T142833
[2022-12-06 14:28:33,751] {taskinstance.py:1265} INFO - 1 downstream tasks scheduled from follow-on schedule check
[2022-12-06 14:28:33,780] {local_task_job.py:151} INFO - Task exited with return code 0
