[2022-12-06 08:18:45,147] {taskinstance.py:896} INFO - Dependencies all met for <TaskInstance: my_elastic_search_dag.DeleteOldDocumentsFromES 2022-12-06T08:17:37.200999+00:00 [queued]>
[2022-12-06 08:18:45,156] {taskinstance.py:896} INFO - Dependencies all met for <TaskInstance: my_elastic_search_dag.DeleteOldDocumentsFromES 2022-12-06T08:17:37.200999+00:00 [queued]>
[2022-12-06 08:18:45,156] {taskinstance.py:1087} INFO - 
--------------------------------------------------------------------------------
[2022-12-06 08:18:45,156] {taskinstance.py:1088} INFO - Starting attempt 1 of 1
[2022-12-06 08:18:45,156] {taskinstance.py:1089} INFO - 
--------------------------------------------------------------------------------
[2022-12-06 08:18:45,168] {taskinstance.py:1107} INFO - Executing <Task(PythonOperator): DeleteOldDocumentsFromES> on 2022-12-06T08:17:37.200999+00:00
[2022-12-06 08:18:45,171] {standard_task_runner.py:52} INFO - Started process 425 to run task
[2022-12-06 08:18:45,175] {standard_task_runner.py:76} INFO - Running: ['***', 'tasks', 'run', 'my_elastic_search_dag', 'DeleteOldDocumentsFromES', '2022-12-06T08:17:37.200999+00:00', '--job-id', '21', '--pool', 'default_pool', '--raw', '--subdir', 'DAGS_FOLDER/my_elastic_search_dag.py', '--cfg-path', '/tmp/tmpfh_a7vvi', '--error-file', '/tmp/tmpiriho2gd']
[2022-12-06 08:18:45,176] {standard_task_runner.py:77} INFO - Job 21: Subtask DeleteOldDocumentsFromES
[2022-12-06 08:18:45,212] {logging_mixin.py:104} INFO - Running <TaskInstance: my_elastic_search_dag.DeleteOldDocumentsFromES 2022-12-06T08:17:37.200999+00:00 [running]> on host dca14bec1869
[2022-12-06 08:18:45,254] {taskinstance.py:1302} INFO - Exporting the following env vars:
AIRFLOW_CTX_DAG_OWNER=***
AIRFLOW_CTX_DAG_ID=my_elastic_search_dag
AIRFLOW_CTX_TASK_ID=DeleteOldDocumentsFromES
AIRFLOW_CTX_EXECUTION_DATE=2022-12-06T08:17:37.200999+00:00
AIRFLOW_CTX_DAG_RUN_ID=manual__2022-12-06T08:17:37.200999+00:00
[2022-12-06 08:18:45,255] {logging_mixin.py:104} INFO - success
[2022-12-06 08:18:45,255] {python.py:151} INFO - Done. Returned value was: None
[2022-12-06 08:18:45,264] {taskinstance.py:1211} INFO - Marking task as SUCCESS. dag_id=my_elastic_search_dag, task_id=DeleteOldDocumentsFromES, execution_date=20221206T081737, start_date=20221206T081845, end_date=20221206T081845
[2022-12-06 08:18:45,289] {taskinstance.py:1265} INFO - 0 downstream tasks scheduled from follow-on schedule check
[2022-12-06 08:18:45,309] {local_task_job.py:151} INFO - Task exited with return code 0
