[2022-12-06 11:17:28,514] {taskinstance.py:896} INFO - Dependencies all met for <TaskInstance: my_mongo_db_dag.ExtractPositions 2022-12-05T00:00:00+00:00 [queued]>
[2022-12-06 11:17:28,599] {taskinstance.py:896} INFO - Dependencies all met for <TaskInstance: my_mongo_db_dag.ExtractPositions 2022-12-05T00:00:00+00:00 [queued]>
[2022-12-06 11:17:28,599] {taskinstance.py:1087} INFO - 
--------------------------------------------------------------------------------
[2022-12-06 11:17:28,599] {taskinstance.py:1088} INFO - Starting attempt 1 of 1
[2022-12-06 11:17:28,599] {taskinstance.py:1089} INFO - 
--------------------------------------------------------------------------------
[2022-12-06 11:17:28,622] {taskinstance.py:1107} INFO - Executing <Task(PythonOperator): ExtractPositions> on 2022-12-05T00:00:00+00:00
[2022-12-06 11:17:28,662] {standard_task_runner.py:52} INFO - Started process 205 to run task
[2022-12-06 11:17:28,676] {standard_task_runner.py:76} INFO - Running: ['***', 'tasks', 'run', 'my_mongo_db_dag', 'ExtractPositions', '2022-12-05T00:00:00+00:00', '--job-id', '3', '--pool', 'default_pool', '--raw', '--subdir', 'DAGS_FOLDER/my_mongo_db_dag.py', '--cfg-path', '/tmp/tmp2ucdmhea', '--error-file', '/tmp/tmp62f8erc8']
[2022-12-06 11:17:28,676] {standard_task_runner.py:77} INFO - Job 3: Subtask ExtractPositions
[2022-12-06 11:17:28,851] {logging_mixin.py:104} INFO - Running <TaskInstance: my_mongo_db_dag.ExtractPositions 2022-12-05T00:00:00+00:00 [running]> on host 90b7908d868d
[2022-12-06 11:17:28,945] {taskinstance.py:1302} INFO - Exporting the following env vars:
AIRFLOW_CTX_DAG_OWNER=***
AIRFLOW_CTX_DAG_ID=my_mongo_db_dag
AIRFLOW_CTX_TASK_ID=ExtractPositions
AIRFLOW_CTX_EXECUTION_DATE=2022-12-05T00:00:00+00:00
AIRFLOW_CTX_DAG_RUN_ID=scheduled__2022-12-05T00:00:00+00:00
[2022-12-06 11:17:30,321] {python.py:151} INFO - Done. Returned value was: None
[2022-12-06 11:17:30,331] {taskinstance.py:1211} INFO - Marking task as SUCCESS. dag_id=my_mongo_db_dag, task_id=ExtractPositions, execution_date=20221205T000000, start_date=20221206T111728, end_date=20221206T111730
[2022-12-06 11:17:30,380] {taskinstance.py:1265} INFO - 1 downstream tasks scheduled from follow-on schedule check
[2022-12-06 11:17:30,391] {local_task_job.py:151} INFO - Task exited with return code 0
[2022-12-06 11:55:48,608] {taskinstance.py:896} INFO - Dependencies all met for <TaskInstance: my_mongo_db_dag.ExtractPositions 2022-12-05T00:00:00+00:00 [queued]>
[2022-12-06 11:55:48,624] {taskinstance.py:896} INFO - Dependencies all met for <TaskInstance: my_mongo_db_dag.ExtractPositions 2022-12-05T00:00:00+00:00 [queued]>
[2022-12-06 11:55:48,624] {taskinstance.py:1087} INFO - 
--------------------------------------------------------------------------------
[2022-12-06 11:55:48,624] {taskinstance.py:1088} INFO - Starting attempt 1 of 1
[2022-12-06 11:55:48,625] {taskinstance.py:1089} INFO - 
--------------------------------------------------------------------------------
[2022-12-06 11:55:48,643] {taskinstance.py:1107} INFO - Executing <Task(PythonOperator): ExtractPositions> on 2022-12-05T00:00:00+00:00
[2022-12-06 11:55:48,648] {standard_task_runner.py:52} INFO - Started process 266 to run task
[2022-12-06 11:55:48,652] {standard_task_runner.py:76} INFO - Running: ['***', 'tasks', 'run', 'my_mongo_db_dag', 'ExtractPositions', '2022-12-05T00:00:00+00:00', '--job-id', '6', '--pool', 'default_pool', '--raw', '--subdir', 'DAGS_FOLDER/my_mongo_db_dag.py', '--cfg-path', '/tmp/tmpifxjqipo', '--error-file', '/tmp/tmpacv1788o']
[2022-12-06 11:55:48,653] {standard_task_runner.py:77} INFO - Job 6: Subtask ExtractPositions
[2022-12-06 11:55:48,754] {logging_mixin.py:104} INFO - Running <TaskInstance: my_mongo_db_dag.ExtractPositions 2022-12-05T00:00:00+00:00 [running]> on host d4b3d166a83f
[2022-12-06 11:55:48,889] {taskinstance.py:1302} INFO - Exporting the following env vars:
AIRFLOW_CTX_DAG_OWNER=***
AIRFLOW_CTX_DAG_ID=my_mongo_db_dag
AIRFLOW_CTX_TASK_ID=ExtractPositions
AIRFLOW_CTX_EXECUTION_DATE=2022-12-05T00:00:00+00:00
AIRFLOW_CTX_DAG_RUN_ID=scheduled__2022-12-05T00:00:00+00:00
[2022-12-06 11:55:53,610] {python.py:151} INFO - Done. Returned value was: None
[2022-12-06 11:55:53,622] {taskinstance.py:1211} INFO - Marking task as SUCCESS. dag_id=my_mongo_db_dag, task_id=ExtractPositions, execution_date=20221205T000000, start_date=20221206T115548, end_date=20221206T115553
[2022-12-06 11:55:53,657] {taskinstance.py:1265} INFO - 1 downstream tasks scheduled from follow-on schedule check
[2022-12-06 11:55:53,689] {local_task_job.py:151} INFO - Task exited with return code 0
