[2022-12-06 09:53:21,719] {taskinstance.py:896} INFO - Dependencies all met for <TaskInstance: my_elastic_search_dag.ExtractFlights 2022-12-06T09:53:07.437286+00:00 [queued]>
[2022-12-06 09:53:21,742] {taskinstance.py:896} INFO - Dependencies all met for <TaskInstance: my_elastic_search_dag.ExtractFlights 2022-12-06T09:53:07.437286+00:00 [queued]>
[2022-12-06 09:53:21,743] {taskinstance.py:1087} INFO - 
--------------------------------------------------------------------------------
[2022-12-06 09:53:21,743] {taskinstance.py:1088} INFO - Starting attempt 1 of 1
[2022-12-06 09:53:21,743] {taskinstance.py:1089} INFO - 
--------------------------------------------------------------------------------
[2022-12-06 09:53:21,756] {taskinstance.py:1107} INFO - Executing <Task(PythonOperator): ExtractFlights> on 2022-12-06T09:53:07.437286+00:00
[2022-12-06 09:53:21,761] {standard_task_runner.py:52} INFO - Started process 252 to run task
[2022-12-06 09:53:21,767] {standard_task_runner.py:76} INFO - Running: ['***', 'tasks', 'run', 'my_elastic_search_dag', 'ExtractFlights', '2022-12-06T09:53:07.437286+00:00', '--job-id', '10', '--pool', 'default_pool', '--raw', '--subdir', 'DAGS_FOLDER/my_elastic_search_dag.py', '--cfg-path', '/tmp/tmpnk6fvi_k', '--error-file', '/tmp/tmpk0ragzry']
[2022-12-06 09:53:21,768] {standard_task_runner.py:77} INFO - Job 10: Subtask ExtractFlights
[2022-12-06 09:53:21,823] {logging_mixin.py:104} INFO - Running <TaskInstance: my_elastic_search_dag.ExtractFlights 2022-12-06T09:53:07.437286+00:00 [running]> on host 4467c39e9c9a
[2022-12-06 09:53:21,889] {taskinstance.py:1302} INFO - Exporting the following env vars:
AIRFLOW_CTX_DAG_OWNER=***
AIRFLOW_CTX_DAG_ID=my_elastic_search_dag
AIRFLOW_CTX_TASK_ID=ExtractFlights
AIRFLOW_CTX_EXECUTION_DATE=2022-12-06T09:53:07.437286+00:00
AIRFLOW_CTX_DAG_RUN_ID=manual__2022-12-06T09:53:07.437286+00:00
[2022-12-06 09:53:24,279] {python.py:151} INFO - Done. Returned value was: None
[2022-12-06 09:53:24,290] {taskinstance.py:1211} INFO - Marking task as SUCCESS. dag_id=my_elastic_search_dag, task_id=ExtractFlights, execution_date=20221206T095307, start_date=20221206T095321, end_date=20221206T095324
[2022-12-06 09:53:24,318] {taskinstance.py:1265} INFO - 1 downstream tasks scheduled from follow-on schedule check
[2022-12-06 09:53:24,355] {local_task_job.py:151} INFO - Task exited with return code 0
