[2022-12-06 08:57:49,205] {processor.py:153} INFO - Started process (PID=86) to work on /home/airflow/.local/lib/python3.7/site-packages/airflow/example_dags/example_branch_operator_decorator.py
[2022-12-06 08:57:49,219] {processor.py:641} INFO - Processing file /home/airflow/.local/lib/python3.7/site-packages/airflow/example_dags/example_branch_operator_decorator.py for tasks to queue
[2022-12-06 08:57:49,275] {logging_mixin.py:115} INFO - [2022-12-06 08:57:49,275] {dagbag.py:508} INFO - Filling up the DagBag from /home/airflow/.local/lib/python3.7/site-packages/airflow/example_dags/example_branch_operator_decorator.py
[2022-12-06 08:57:49,318] {processor.py:651} INFO - DAG(s) dict_keys(['example_branch_python_operator_decorator']) retrieved from /home/airflow/.local/lib/python3.7/site-packages/airflow/example_dags/example_branch_operator_decorator.py
[2022-12-06 08:57:49,523] {logging_mixin.py:115} INFO - [2022-12-06 08:57:49,523] {manager.py:508} INFO - Created Permission View: can read on DAG:example_branch_python_operator_decorator
[2022-12-06 08:57:49,569] {logging_mixin.py:115} INFO - [2022-12-06 08:57:49,569] {manager.py:508} INFO - Created Permission View: can delete on DAG:example_branch_python_operator_decorator
[2022-12-06 08:57:49,578] {logging_mixin.py:115} INFO - [2022-12-06 08:57:49,578] {manager.py:508} INFO - Created Permission View: can edit on DAG:example_branch_python_operator_decorator
[2022-12-06 08:57:49,578] {logging_mixin.py:115} INFO - [2022-12-06 08:57:49,578] {dag.py:2420} INFO - Sync 1 DAGs
[2022-12-06 08:57:49,593] {logging_mixin.py:115} INFO - [2022-12-06 08:57:49,593] {dag.py:2439} INFO - Creating ORM DAG for example_branch_python_operator_decorator
[2022-12-06 08:57:49,620] {logging_mixin.py:115} INFO - [2022-12-06 08:57:49,620] {dag.py:2972} INFO - Setting next_dagrun for example_branch_python_operator_decorator to 2022-12-05T00:00:00+00:00, run_after=2022-12-06T00:00:00+00:00
[2022-12-06 08:57:50,279] {processor.py:161} INFO - Processing /home/airflow/.local/lib/python3.7/site-packages/airflow/example_dags/example_branch_operator_decorator.py took 1.078 seconds
[2022-12-06 08:58:20,779] {processor.py:153} INFO - Started process (PID=139) to work on /home/airflow/.local/lib/python3.7/site-packages/airflow/example_dags/example_branch_operator_decorator.py
[2022-12-06 08:58:20,780] {processor.py:641} INFO - Processing file /home/airflow/.local/lib/python3.7/site-packages/airflow/example_dags/example_branch_operator_decorator.py for tasks to queue
[2022-12-06 08:58:20,781] {logging_mixin.py:115} INFO - [2022-12-06 08:58:20,781] {dagbag.py:508} INFO - Filling up the DagBag from /home/airflow/.local/lib/python3.7/site-packages/airflow/example_dags/example_branch_operator_decorator.py
[2022-12-06 08:58:20,816] {processor.py:651} INFO - DAG(s) dict_keys(['example_branch_python_operator_decorator']) retrieved from /home/airflow/.local/lib/python3.7/site-packages/airflow/example_dags/example_branch_operator_decorator.py
[2022-12-06 08:58:20,926] {logging_mixin.py:115} INFO - [2022-12-06 08:58:20,925] {dag.py:2420} INFO - Sync 1 DAGs
[2022-12-06 08:58:20,985] {logging_mixin.py:115} INFO - [2022-12-06 08:58:20,985] {dag.py:2972} INFO - Setting next_dagrun for example_branch_python_operator_decorator to 2022-12-05T00:00:00+00:00, run_after=2022-12-06T00:00:00+00:00
[2022-12-06 08:58:21,041] {processor.py:161} INFO - Processing /home/airflow/.local/lib/python3.7/site-packages/airflow/example_dags/example_branch_operator_decorator.py took 0.270 seconds
[2022-12-06 08:58:51,478] {processor.py:153} INFO - Started process (PID=189) to work on /home/airflow/.local/lib/python3.7/site-packages/airflow/example_dags/example_branch_operator_decorator.py
[2022-12-06 08:58:51,479] {processor.py:641} INFO - Processing file /home/airflow/.local/lib/python3.7/site-packages/airflow/example_dags/example_branch_operator_decorator.py for tasks to queue
[2022-12-06 08:58:51,479] {logging_mixin.py:115} INFO - [2022-12-06 08:58:51,479] {dagbag.py:508} INFO - Filling up the DagBag from /home/airflow/.local/lib/python3.7/site-packages/airflow/example_dags/example_branch_operator_decorator.py
[2022-12-06 08:58:51,531] {processor.py:651} INFO - DAG(s) dict_keys(['example_branch_python_operator_decorator']) retrieved from /home/airflow/.local/lib/python3.7/site-packages/airflow/example_dags/example_branch_operator_decorator.py
[2022-12-06 08:58:51,585] {logging_mixin.py:115} INFO - [2022-12-06 08:58:51,585] {dag.py:2420} INFO - Sync 1 DAGs
[2022-12-06 08:58:51,627] {logging_mixin.py:115} INFO - [2022-12-06 08:58:51,627] {dag.py:2972} INFO - Setting next_dagrun for example_branch_python_operator_decorator to 2022-12-05T00:00:00+00:00, run_after=2022-12-06T00:00:00+00:00
[2022-12-06 08:58:51,642] {processor.py:161} INFO - Processing /home/airflow/.local/lib/python3.7/site-packages/airflow/example_dags/example_branch_operator_decorator.py took 0.170 seconds
[2022-12-06 08:59:21,859] {processor.py:153} INFO - Started process (PID=250) to work on /home/airflow/.local/lib/python3.7/site-packages/airflow/example_dags/example_branch_operator_decorator.py
[2022-12-06 08:59:21,876] {processor.py:641} INFO - Processing file /home/airflow/.local/lib/python3.7/site-packages/airflow/example_dags/example_branch_operator_decorator.py for tasks to queue
[2022-12-06 08:59:21,876] {logging_mixin.py:115} INFO - [2022-12-06 08:59:21,876] {dagbag.py:508} INFO - Filling up the DagBag from /home/airflow/.local/lib/python3.7/site-packages/airflow/example_dags/example_branch_operator_decorator.py
[2022-12-06 08:59:21,908] {processor.py:651} INFO - DAG(s) dict_keys(['example_branch_python_operator_decorator']) retrieved from /home/airflow/.local/lib/python3.7/site-packages/airflow/example_dags/example_branch_operator_decorator.py
[2022-12-06 08:59:22,217] {logging_mixin.py:115} INFO - [2022-12-06 08:59:22,216] {dag.py:2420} INFO - Sync 1 DAGs
[2022-12-06 08:59:22,263] {logging_mixin.py:115} INFO - [2022-12-06 08:59:22,262] {dag.py:2972} INFO - Setting next_dagrun for example_branch_python_operator_decorator to 2022-12-05T00:00:00+00:00, run_after=2022-12-06T00:00:00+00:00
[2022-12-06 08:59:22,300] {processor.py:161} INFO - Processing /home/airflow/.local/lib/python3.7/site-packages/airflow/example_dags/example_branch_operator_decorator.py took 0.443 seconds
[2022-12-06 08:59:52,326] {processor.py:153} INFO - Started process (PID=308) to work on /home/airflow/.local/lib/python3.7/site-packages/airflow/example_dags/example_branch_operator_decorator.py
[2022-12-06 08:59:52,327] {processor.py:641} INFO - Processing file /home/airflow/.local/lib/python3.7/site-packages/airflow/example_dags/example_branch_operator_decorator.py for tasks to queue
[2022-12-06 08:59:52,328] {logging_mixin.py:115} INFO - [2022-12-06 08:59:52,328] {dagbag.py:508} INFO - Filling up the DagBag from /home/airflow/.local/lib/python3.7/site-packages/airflow/example_dags/example_branch_operator_decorator.py
[2022-12-06 08:59:52,357] {processor.py:651} INFO - DAG(s) dict_keys(['example_branch_python_operator_decorator']) retrieved from /home/airflow/.local/lib/python3.7/site-packages/airflow/example_dags/example_branch_operator_decorator.py
[2022-12-06 08:59:52,388] {logging_mixin.py:115} INFO - [2022-12-06 08:59:52,388] {dag.py:2420} INFO - Sync 1 DAGs
[2022-12-06 08:59:52,423] {logging_mixin.py:115} INFO - [2022-12-06 08:59:52,423] {dag.py:2972} INFO - Setting next_dagrun for example_branch_python_operator_decorator to 2022-12-05T00:00:00+00:00, run_after=2022-12-06T00:00:00+00:00
[2022-12-06 08:59:52,438] {processor.py:161} INFO - Processing /home/airflow/.local/lib/python3.7/site-packages/airflow/example_dags/example_branch_operator_decorator.py took 0.116 seconds
[2022-12-06 09:00:22,957] {processor.py:153} INFO - Started process (PID=372) to work on /home/airflow/.local/lib/python3.7/site-packages/airflow/example_dags/example_branch_operator_decorator.py
[2022-12-06 09:00:22,959] {processor.py:641} INFO - Processing file /home/airflow/.local/lib/python3.7/site-packages/airflow/example_dags/example_branch_operator_decorator.py for tasks to queue
[2022-12-06 09:00:22,960] {logging_mixin.py:115} INFO - [2022-12-06 09:00:22,959] {dagbag.py:508} INFO - Filling up the DagBag from /home/airflow/.local/lib/python3.7/site-packages/airflow/example_dags/example_branch_operator_decorator.py
[2022-12-06 09:00:22,999] {processor.py:651} INFO - DAG(s) dict_keys(['example_branch_python_operator_decorator']) retrieved from /home/airflow/.local/lib/python3.7/site-packages/airflow/example_dags/example_branch_operator_decorator.py
[2022-12-06 09:00:23,074] {logging_mixin.py:115} INFO - [2022-12-06 09:00:23,074] {dag.py:2420} INFO - Sync 1 DAGs
[2022-12-06 09:00:23,128] {logging_mixin.py:115} INFO - [2022-12-06 09:00:23,127] {dag.py:2972} INFO - Setting next_dagrun for example_branch_python_operator_decorator to 2022-12-05T00:00:00+00:00, run_after=2022-12-06T00:00:00+00:00
[2022-12-06 09:00:23,146] {processor.py:161} INFO - Processing /home/airflow/.local/lib/python3.7/site-packages/airflow/example_dags/example_branch_operator_decorator.py took 0.193 seconds
[2022-12-06 09:00:53,407] {processor.py:153} INFO - Started process (PID=440) to work on /home/airflow/.local/lib/python3.7/site-packages/airflow/example_dags/example_branch_operator_decorator.py
[2022-12-06 09:00:53,408] {processor.py:641} INFO - Processing file /home/airflow/.local/lib/python3.7/site-packages/airflow/example_dags/example_branch_operator_decorator.py for tasks to queue
[2022-12-06 09:00:53,408] {logging_mixin.py:115} INFO - [2022-12-06 09:00:53,408] {dagbag.py:508} INFO - Filling up the DagBag from /home/airflow/.local/lib/python3.7/site-packages/airflow/example_dags/example_branch_operator_decorator.py
[2022-12-06 09:00:53,427] {processor.py:651} INFO - DAG(s) dict_keys(['example_branch_python_operator_decorator']) retrieved from /home/airflow/.local/lib/python3.7/site-packages/airflow/example_dags/example_branch_operator_decorator.py
[2022-12-06 09:00:53,455] {logging_mixin.py:115} INFO - [2022-12-06 09:00:53,455] {dag.py:2420} INFO - Sync 1 DAGs
[2022-12-06 09:00:53,482] {logging_mixin.py:115} INFO - [2022-12-06 09:00:53,482] {dag.py:2972} INFO - Setting next_dagrun for example_branch_python_operator_decorator to 2022-12-05T00:00:00+00:00, run_after=2022-12-06T00:00:00+00:00
[2022-12-06 09:00:53,494] {processor.py:161} INFO - Processing /home/airflow/.local/lib/python3.7/site-packages/airflow/example_dags/example_branch_operator_decorator.py took 0.092 seconds
[2022-12-06 09:01:23,632] {processor.py:153} INFO - Started process (PID=494) to work on /home/airflow/.local/lib/python3.7/site-packages/airflow/example_dags/example_branch_operator_decorator.py
[2022-12-06 09:01:23,633] {processor.py:641} INFO - Processing file /home/airflow/.local/lib/python3.7/site-packages/airflow/example_dags/example_branch_operator_decorator.py for tasks to queue
[2022-12-06 09:01:23,634] {logging_mixin.py:115} INFO - [2022-12-06 09:01:23,633] {dagbag.py:508} INFO - Filling up the DagBag from /home/airflow/.local/lib/python3.7/site-packages/airflow/example_dags/example_branch_operator_decorator.py
[2022-12-06 09:01:23,663] {processor.py:651} INFO - DAG(s) dict_keys(['example_branch_python_operator_decorator']) retrieved from /home/airflow/.local/lib/python3.7/site-packages/airflow/example_dags/example_branch_operator_decorator.py
[2022-12-06 09:01:23,694] {logging_mixin.py:115} INFO - [2022-12-06 09:01:23,694] {dag.py:2420} INFO - Sync 1 DAGs
[2022-12-06 09:01:23,719] {logging_mixin.py:115} INFO - [2022-12-06 09:01:23,719] {dag.py:2972} INFO - Setting next_dagrun for example_branch_python_operator_decorator to 2022-12-05T00:00:00+00:00, run_after=2022-12-06T00:00:00+00:00
[2022-12-06 09:01:23,733] {processor.py:161} INFO - Processing /home/airflow/.local/lib/python3.7/site-packages/airflow/example_dags/example_branch_operator_decorator.py took 0.105 seconds
[2022-12-06 09:01:53,847] {processor.py:153} INFO - Started process (PID=558) to work on /home/airflow/.local/lib/python3.7/site-packages/airflow/example_dags/example_branch_operator_decorator.py
[2022-12-06 09:01:53,848] {processor.py:641} INFO - Processing file /home/airflow/.local/lib/python3.7/site-packages/airflow/example_dags/example_branch_operator_decorator.py for tasks to queue
[2022-12-06 09:01:53,848] {logging_mixin.py:115} INFO - [2022-12-06 09:01:53,848] {dagbag.py:508} INFO - Filling up the DagBag from /home/airflow/.local/lib/python3.7/site-packages/airflow/example_dags/example_branch_operator_decorator.py
[2022-12-06 09:01:53,877] {processor.py:651} INFO - DAG(s) dict_keys(['example_branch_python_operator_decorator']) retrieved from /home/airflow/.local/lib/python3.7/site-packages/airflow/example_dags/example_branch_operator_decorator.py
[2022-12-06 09:01:53,911] {logging_mixin.py:115} INFO - [2022-12-06 09:01:53,911] {dag.py:2420} INFO - Sync 1 DAGs
[2022-12-06 09:01:53,939] {logging_mixin.py:115} INFO - [2022-12-06 09:01:53,939] {dag.py:2972} INFO - Setting next_dagrun for example_branch_python_operator_decorator to 2022-12-05T00:00:00+00:00, run_after=2022-12-06T00:00:00+00:00
[2022-12-06 09:01:53,951] {processor.py:161} INFO - Processing /home/airflow/.local/lib/python3.7/site-packages/airflow/example_dags/example_branch_operator_decorator.py took 0.109 seconds
[2022-12-06 09:02:24,204] {processor.py:153} INFO - Started process (PID=621) to work on /home/airflow/.local/lib/python3.7/site-packages/airflow/example_dags/example_branch_operator_decorator.py
[2022-12-06 09:02:24,205] {processor.py:641} INFO - Processing file /home/airflow/.local/lib/python3.7/site-packages/airflow/example_dags/example_branch_operator_decorator.py for tasks to queue
[2022-12-06 09:02:24,206] {logging_mixin.py:115} INFO - [2022-12-06 09:02:24,205] {dagbag.py:508} INFO - Filling up the DagBag from /home/airflow/.local/lib/python3.7/site-packages/airflow/example_dags/example_branch_operator_decorator.py
[2022-12-06 09:02:24,230] {processor.py:651} INFO - DAG(s) dict_keys(['example_branch_python_operator_decorator']) retrieved from /home/airflow/.local/lib/python3.7/site-packages/airflow/example_dags/example_branch_operator_decorator.py
[2022-12-06 09:02:24,265] {logging_mixin.py:115} INFO - [2022-12-06 09:02:24,265] {dag.py:2420} INFO - Sync 1 DAGs
[2022-12-06 09:02:24,296] {logging_mixin.py:115} INFO - [2022-12-06 09:02:24,296] {dag.py:2972} INFO - Setting next_dagrun for example_branch_python_operator_decorator to 2022-12-05T00:00:00+00:00, run_after=2022-12-06T00:00:00+00:00
[2022-12-06 09:02:24,311] {processor.py:161} INFO - Processing /home/airflow/.local/lib/python3.7/site-packages/airflow/example_dags/example_branch_operator_decorator.py took 0.111 seconds
[2022-12-06 09:02:54,343] {processor.py:153} INFO - Started process (PID=675) to work on /home/airflow/.local/lib/python3.7/site-packages/airflow/example_dags/example_branch_operator_decorator.py
[2022-12-06 09:02:54,344] {processor.py:641} INFO - Processing file /home/airflow/.local/lib/python3.7/site-packages/airflow/example_dags/example_branch_operator_decorator.py for tasks to queue
[2022-12-06 09:02:54,344] {logging_mixin.py:115} INFO - [2022-12-06 09:02:54,344] {dagbag.py:508} INFO - Filling up the DagBag from /home/airflow/.local/lib/python3.7/site-packages/airflow/example_dags/example_branch_operator_decorator.py
[2022-12-06 09:02:54,366] {processor.py:651} INFO - DAG(s) dict_keys(['example_branch_python_operator_decorator']) retrieved from /home/airflow/.local/lib/python3.7/site-packages/airflow/example_dags/example_branch_operator_decorator.py
[2022-12-06 09:02:54,394] {logging_mixin.py:115} INFO - [2022-12-06 09:02:54,394] {dag.py:2420} INFO - Sync 1 DAGs
[2022-12-06 09:02:54,417] {logging_mixin.py:115} INFO - [2022-12-06 09:02:54,417] {dag.py:2972} INFO - Setting next_dagrun for example_branch_python_operator_decorator to 2022-12-05T00:00:00+00:00, run_after=2022-12-06T00:00:00+00:00
[2022-12-06 09:02:54,428] {processor.py:161} INFO - Processing /home/airflow/.local/lib/python3.7/site-packages/airflow/example_dags/example_branch_operator_decorator.py took 0.088 seconds
[2022-12-06 09:03:24,889] {processor.py:153} INFO - Started process (PID=730) to work on /home/airflow/.local/lib/python3.7/site-packages/airflow/example_dags/example_branch_operator_decorator.py
[2022-12-06 09:03:24,890] {processor.py:641} INFO - Processing file /home/airflow/.local/lib/python3.7/site-packages/airflow/example_dags/example_branch_operator_decorator.py for tasks to queue
[2022-12-06 09:03:24,890] {logging_mixin.py:115} INFO - [2022-12-06 09:03:24,890] {dagbag.py:508} INFO - Filling up the DagBag from /home/airflow/.local/lib/python3.7/site-packages/airflow/example_dags/example_branch_operator_decorator.py
[2022-12-06 09:03:24,907] {processor.py:651} INFO - DAG(s) dict_keys(['example_branch_python_operator_decorator']) retrieved from /home/airflow/.local/lib/python3.7/site-packages/airflow/example_dags/example_branch_operator_decorator.py
[2022-12-06 09:03:24,932] {logging_mixin.py:115} INFO - [2022-12-06 09:03:24,932] {dag.py:2420} INFO - Sync 1 DAGs
[2022-12-06 09:03:24,956] {logging_mixin.py:115} INFO - [2022-12-06 09:03:24,956] {dag.py:2972} INFO - Setting next_dagrun for example_branch_python_operator_decorator to 2022-12-05T00:00:00+00:00, run_after=2022-12-06T00:00:00+00:00
[2022-12-06 09:03:24,967] {processor.py:161} INFO - Processing /home/airflow/.local/lib/python3.7/site-packages/airflow/example_dags/example_branch_operator_decorator.py took 0.081 seconds
