[2022-12-06 08:58:03,807] {processor.py:153} INFO - Started process (PID=106) to work on /home/airflow/.local/lib/python3.7/site-packages/airflow/example_dags/example_sla_dag.py
[2022-12-06 08:58:03,808] {processor.py:641} INFO - Processing file /home/airflow/.local/lib/python3.7/site-packages/airflow/example_dags/example_sla_dag.py for tasks to queue
[2022-12-06 08:58:03,809] {logging_mixin.py:115} INFO - [2022-12-06 08:58:03,809] {dagbag.py:508} INFO - Filling up the DagBag from /home/airflow/.local/lib/python3.7/site-packages/airflow/example_dags/example_sla_dag.py
[2022-12-06 08:58:03,857] {processor.py:651} INFO - DAG(s) dict_keys(['example_sla_dag']) retrieved from /home/airflow/.local/lib/python3.7/site-packages/airflow/example_dags/example_sla_dag.py
[2022-12-06 08:58:04,234] {logging_mixin.py:115} INFO - [2022-12-06 08:58:04,233] {manager.py:508} INFO - Created Permission View: can read on DAG:example_sla_dag
[2022-12-06 08:58:04,277] {logging_mixin.py:115} INFO - [2022-12-06 08:58:04,277] {manager.py:508} INFO - Created Permission View: can delete on DAG:example_sla_dag
[2022-12-06 08:58:04,303] {logging_mixin.py:115} INFO - [2022-12-06 08:58:04,303] {manager.py:508} INFO - Created Permission View: can edit on DAG:example_sla_dag
[2022-12-06 08:58:04,305] {logging_mixin.py:115} INFO - [2022-12-06 08:58:04,305] {dag.py:2420} INFO - Sync 1 DAGs
[2022-12-06 08:58:04,337] {logging_mixin.py:115} INFO - [2022-12-06 08:58:04,337] {dag.py:2439} INFO - Creating ORM DAG for example_sla_dag
[2022-12-06 08:58:04,401] {logging_mixin.py:115} INFO - [2022-12-06 08:58:04,401] {dag.py:2972} INFO - Setting next_dagrun for example_sla_dag to 2022-12-06T08:56:00+00:00, run_after=2022-12-06T08:58:00+00:00
[2022-12-06 08:58:04,442] {processor.py:161} INFO - Processing /home/airflow/.local/lib/python3.7/site-packages/airflow/example_dags/example_sla_dag.py took 0.646 seconds
[2022-12-06 08:58:47,110] {processor.py:153} INFO - Started process (PID=169) to work on /home/airflow/.local/lib/python3.7/site-packages/airflow/example_dags/example_sla_dag.py
[2022-12-06 08:58:47,125] {processor.py:641} INFO - Processing file /home/airflow/.local/lib/python3.7/site-packages/airflow/example_dags/example_sla_dag.py for tasks to queue
[2022-12-06 08:58:47,126] {logging_mixin.py:115} INFO - [2022-12-06 08:58:47,126] {dagbag.py:508} INFO - Filling up the DagBag from /home/airflow/.local/lib/python3.7/site-packages/airflow/example_dags/example_sla_dag.py
[2022-12-06 08:58:47,173] {processor.py:651} INFO - DAG(s) dict_keys(['example_sla_dag']) retrieved from /home/airflow/.local/lib/python3.7/site-packages/airflow/example_dags/example_sla_dag.py
[2022-12-06 08:58:47,234] {logging_mixin.py:115} INFO - [2022-12-06 08:58:47,234] {dag.py:2420} INFO - Sync 1 DAGs
[2022-12-06 08:58:47,281] {logging_mixin.py:115} INFO - [2022-12-06 08:58:47,281] {dag.py:2972} INFO - Setting next_dagrun for example_sla_dag to 2022-12-06T08:56:00+00:00, run_after=2022-12-06T08:58:00+00:00
[2022-12-06 08:58:47,308] {processor.py:161} INFO - Processing /home/airflow/.local/lib/python3.7/site-packages/airflow/example_dags/example_sla_dag.py took 0.205 seconds
[2022-12-06 08:59:18,313] {processor.py:153} INFO - Started process (PID=223) to work on /home/airflow/.local/lib/python3.7/site-packages/airflow/example_dags/example_sla_dag.py
[2022-12-06 08:59:18,314] {processor.py:641} INFO - Processing file /home/airflow/.local/lib/python3.7/site-packages/airflow/example_dags/example_sla_dag.py for tasks to queue
[2022-12-06 08:59:18,315] {logging_mixin.py:115} INFO - [2022-12-06 08:59:18,315] {dagbag.py:508} INFO - Filling up the DagBag from /home/airflow/.local/lib/python3.7/site-packages/airflow/example_dags/example_sla_dag.py
[2022-12-06 08:59:18,357] {processor.py:651} INFO - DAG(s) dict_keys(['example_sla_dag']) retrieved from /home/airflow/.local/lib/python3.7/site-packages/airflow/example_dags/example_sla_dag.py
[2022-12-06 08:59:18,412] {logging_mixin.py:115} INFO - [2022-12-06 08:59:18,411] {dag.py:2420} INFO - Sync 1 DAGs
[2022-12-06 08:59:18,483] {logging_mixin.py:115} INFO - [2022-12-06 08:59:18,483] {dag.py:2972} INFO - Setting next_dagrun for example_sla_dag to 2022-12-06T08:56:00+00:00, run_after=2022-12-06T08:58:00+00:00
[2022-12-06 08:59:18,508] {processor.py:161} INFO - Processing /home/airflow/.local/lib/python3.7/site-packages/airflow/example_dags/example_sla_dag.py took 0.203 seconds
[2022-12-06 08:59:48,580] {processor.py:153} INFO - Started process (PID=287) to work on /home/airflow/.local/lib/python3.7/site-packages/airflow/example_dags/example_sla_dag.py
[2022-12-06 08:59:48,581] {processor.py:641} INFO - Processing file /home/airflow/.local/lib/python3.7/site-packages/airflow/example_dags/example_sla_dag.py for tasks to queue
[2022-12-06 08:59:48,582] {logging_mixin.py:115} INFO - [2022-12-06 08:59:48,582] {dagbag.py:508} INFO - Filling up the DagBag from /home/airflow/.local/lib/python3.7/site-packages/airflow/example_dags/example_sla_dag.py
[2022-12-06 08:59:48,611] {processor.py:651} INFO - DAG(s) dict_keys(['example_sla_dag']) retrieved from /home/airflow/.local/lib/python3.7/site-packages/airflow/example_dags/example_sla_dag.py
[2022-12-06 08:59:48,650] {logging_mixin.py:115} INFO - [2022-12-06 08:59:48,649] {dag.py:2420} INFO - Sync 1 DAGs
[2022-12-06 08:59:48,694] {logging_mixin.py:115} INFO - [2022-12-06 08:59:48,694] {dag.py:2972} INFO - Setting next_dagrun for example_sla_dag to 2022-12-06T08:56:00+00:00, run_after=2022-12-06T08:58:00+00:00
[2022-12-06 08:59:48,709] {processor.py:161} INFO - Processing /home/airflow/.local/lib/python3.7/site-packages/airflow/example_dags/example_sla_dag.py took 0.134 seconds
[2022-12-06 09:00:18,758] {processor.py:153} INFO - Started process (PID=351) to work on /home/airflow/.local/lib/python3.7/site-packages/airflow/example_dags/example_sla_dag.py
[2022-12-06 09:00:18,759] {processor.py:641} INFO - Processing file /home/airflow/.local/lib/python3.7/site-packages/airflow/example_dags/example_sla_dag.py for tasks to queue
[2022-12-06 09:00:18,760] {logging_mixin.py:115} INFO - [2022-12-06 09:00:18,760] {dagbag.py:508} INFO - Filling up the DagBag from /home/airflow/.local/lib/python3.7/site-packages/airflow/example_dags/example_sla_dag.py
[2022-12-06 09:00:18,786] {processor.py:651} INFO - DAG(s) dict_keys(['example_sla_dag']) retrieved from /home/airflow/.local/lib/python3.7/site-packages/airflow/example_dags/example_sla_dag.py
[2022-12-06 09:00:18,828] {logging_mixin.py:115} INFO - [2022-12-06 09:00:18,828] {dag.py:2420} INFO - Sync 1 DAGs
[2022-12-06 09:00:18,880] {logging_mixin.py:115} INFO - [2022-12-06 09:00:18,880] {dag.py:2972} INFO - Setting next_dagrun for example_sla_dag to 2022-12-06T08:58:00+00:00, run_after=2022-12-06T09:00:00+00:00
[2022-12-06 09:00:18,897] {processor.py:161} INFO - Processing /home/airflow/.local/lib/python3.7/site-packages/airflow/example_dags/example_sla_dag.py took 0.144 seconds
[2022-12-06 09:00:49,358] {processor.py:153} INFO - Started process (PID=411) to work on /home/airflow/.local/lib/python3.7/site-packages/airflow/example_dags/example_sla_dag.py
[2022-12-06 09:00:49,359] {processor.py:641} INFO - Processing file /home/airflow/.local/lib/python3.7/site-packages/airflow/example_dags/example_sla_dag.py for tasks to queue
[2022-12-06 09:00:49,360] {logging_mixin.py:115} INFO - [2022-12-06 09:00:49,360] {dagbag.py:508} INFO - Filling up the DagBag from /home/airflow/.local/lib/python3.7/site-packages/airflow/example_dags/example_sla_dag.py
[2022-12-06 09:00:49,382] {processor.py:651} INFO - DAG(s) dict_keys(['example_sla_dag']) retrieved from /home/airflow/.local/lib/python3.7/site-packages/airflow/example_dags/example_sla_dag.py
[2022-12-06 09:00:49,428] {logging_mixin.py:115} INFO - [2022-12-06 09:00:49,428] {dag.py:2420} INFO - Sync 1 DAGs
[2022-12-06 09:00:49,454] {logging_mixin.py:115} INFO - [2022-12-06 09:00:49,454] {dag.py:2972} INFO - Setting next_dagrun for example_sla_dag to 2022-12-06T08:58:00+00:00, run_after=2022-12-06T09:00:00+00:00
[2022-12-06 09:00:49,465] {processor.py:161} INFO - Processing /home/airflow/.local/lib/python3.7/site-packages/airflow/example_dags/example_sla_dag.py took 0.112 seconds
[2022-12-06 09:01:20,408] {processor.py:153} INFO - Started process (PID=474) to work on /home/airflow/.local/lib/python3.7/site-packages/airflow/example_dags/example_sla_dag.py
[2022-12-06 09:01:20,409] {processor.py:641} INFO - Processing file /home/airflow/.local/lib/python3.7/site-packages/airflow/example_dags/example_sla_dag.py for tasks to queue
[2022-12-06 09:01:20,410] {logging_mixin.py:115} INFO - [2022-12-06 09:01:20,410] {dagbag.py:508} INFO - Filling up the DagBag from /home/airflow/.local/lib/python3.7/site-packages/airflow/example_dags/example_sla_dag.py
[2022-12-06 09:01:20,438] {processor.py:651} INFO - DAG(s) dict_keys(['example_sla_dag']) retrieved from /home/airflow/.local/lib/python3.7/site-packages/airflow/example_dags/example_sla_dag.py
[2022-12-06 09:01:20,497] {logging_mixin.py:115} INFO - [2022-12-06 09:01:20,497] {dag.py:2420} INFO - Sync 1 DAGs
[2022-12-06 09:01:20,526] {logging_mixin.py:115} INFO - [2022-12-06 09:01:20,525] {dag.py:2972} INFO - Setting next_dagrun for example_sla_dag to 2022-12-06T08:58:00+00:00, run_after=2022-12-06T09:00:00+00:00
[2022-12-06 09:01:20,543] {processor.py:161} INFO - Processing /home/airflow/.local/lib/python3.7/site-packages/airflow/example_dags/example_sla_dag.py took 0.138 seconds
[2022-12-06 09:01:50,686] {processor.py:153} INFO - Started process (PID=538) to work on /home/airflow/.local/lib/python3.7/site-packages/airflow/example_dags/example_sla_dag.py
[2022-12-06 09:01:50,686] {processor.py:641} INFO - Processing file /home/airflow/.local/lib/python3.7/site-packages/airflow/example_dags/example_sla_dag.py for tasks to queue
[2022-12-06 09:01:50,686] {logging_mixin.py:115} INFO - [2022-12-06 09:01:50,686] {dagbag.py:508} INFO - Filling up the DagBag from /home/airflow/.local/lib/python3.7/site-packages/airflow/example_dags/example_sla_dag.py
[2022-12-06 09:01:50,709] {processor.py:651} INFO - DAG(s) dict_keys(['example_sla_dag']) retrieved from /home/airflow/.local/lib/python3.7/site-packages/airflow/example_dags/example_sla_dag.py
[2022-12-06 09:01:50,733] {logging_mixin.py:115} INFO - [2022-12-06 09:01:50,733] {dag.py:2420} INFO - Sync 1 DAGs
[2022-12-06 09:01:50,759] {logging_mixin.py:115} INFO - [2022-12-06 09:01:50,759] {dag.py:2972} INFO - Setting next_dagrun for example_sla_dag to 2022-12-06T08:58:00+00:00, run_after=2022-12-06T09:00:00+00:00
[2022-12-06 09:01:50,769] {processor.py:161} INFO - Processing /home/airflow/.local/lib/python3.7/site-packages/airflow/example_dags/example_sla_dag.py took 0.086 seconds
[2022-12-06 09:02:20,899] {processor.py:153} INFO - Started process (PID=592) to work on /home/airflow/.local/lib/python3.7/site-packages/airflow/example_dags/example_sla_dag.py
[2022-12-06 09:02:20,900] {processor.py:641} INFO - Processing file /home/airflow/.local/lib/python3.7/site-packages/airflow/example_dags/example_sla_dag.py for tasks to queue
[2022-12-06 09:02:20,900] {logging_mixin.py:115} INFO - [2022-12-06 09:02:20,900] {dagbag.py:508} INFO - Filling up the DagBag from /home/airflow/.local/lib/python3.7/site-packages/airflow/example_dags/example_sla_dag.py
[2022-12-06 09:02:20,917] {processor.py:651} INFO - DAG(s) dict_keys(['example_sla_dag']) retrieved from /home/airflow/.local/lib/python3.7/site-packages/airflow/example_dags/example_sla_dag.py
[2022-12-06 09:02:20,942] {logging_mixin.py:115} INFO - [2022-12-06 09:02:20,942] {dag.py:2420} INFO - Sync 1 DAGs
[2022-12-06 09:02:20,968] {logging_mixin.py:115} INFO - [2022-12-06 09:02:20,968] {dag.py:2972} INFO - Setting next_dagrun for example_sla_dag to 2022-12-06T09:00:00+00:00, run_after=2022-12-06T09:02:00+00:00
[2022-12-06 09:02:20,979] {processor.py:161} INFO - Processing /home/airflow/.local/lib/python3.7/site-packages/airflow/example_dags/example_sla_dag.py took 0.083 seconds
[2022-12-06 09:02:51,097] {processor.py:153} INFO - Started process (PID=655) to work on /home/airflow/.local/lib/python3.7/site-packages/airflow/example_dags/example_sla_dag.py
[2022-12-06 09:02:51,098] {processor.py:641} INFO - Processing file /home/airflow/.local/lib/python3.7/site-packages/airflow/example_dags/example_sla_dag.py for tasks to queue
[2022-12-06 09:02:51,098] {logging_mixin.py:115} INFO - [2022-12-06 09:02:51,098] {dagbag.py:508} INFO - Filling up the DagBag from /home/airflow/.local/lib/python3.7/site-packages/airflow/example_dags/example_sla_dag.py
[2022-12-06 09:02:51,114] {processor.py:651} INFO - DAG(s) dict_keys(['example_sla_dag']) retrieved from /home/airflow/.local/lib/python3.7/site-packages/airflow/example_dags/example_sla_dag.py
[2022-12-06 09:02:51,138] {logging_mixin.py:115} INFO - [2022-12-06 09:02:51,138] {dag.py:2420} INFO - Sync 1 DAGs
[2022-12-06 09:02:51,165] {logging_mixin.py:115} INFO - [2022-12-06 09:02:51,165] {dag.py:2972} INFO - Setting next_dagrun for example_sla_dag to 2022-12-06T09:00:00+00:00, run_after=2022-12-06T09:02:00+00:00
[2022-12-06 09:02:51,175] {processor.py:161} INFO - Processing /home/airflow/.local/lib/python3.7/site-packages/airflow/example_dags/example_sla_dag.py took 0.081 seconds
[2022-12-06 09:03:21,245] {processor.py:153} INFO - Started process (PID=717) to work on /home/airflow/.local/lib/python3.7/site-packages/airflow/example_dags/example_sla_dag.py
[2022-12-06 09:03:21,246] {processor.py:641} INFO - Processing file /home/airflow/.local/lib/python3.7/site-packages/airflow/example_dags/example_sla_dag.py for tasks to queue
[2022-12-06 09:03:21,246] {logging_mixin.py:115} INFO - [2022-12-06 09:03:21,246] {dagbag.py:508} INFO - Filling up the DagBag from /home/airflow/.local/lib/python3.7/site-packages/airflow/example_dags/example_sla_dag.py
[2022-12-06 09:03:21,262] {processor.py:651} INFO - DAG(s) dict_keys(['example_sla_dag']) retrieved from /home/airflow/.local/lib/python3.7/site-packages/airflow/example_dags/example_sla_dag.py
[2022-12-06 09:03:21,285] {logging_mixin.py:115} INFO - [2022-12-06 09:03:21,285] {dag.py:2420} INFO - Sync 1 DAGs
[2022-12-06 09:03:21,310] {logging_mixin.py:115} INFO - [2022-12-06 09:03:21,310] {dag.py:2972} INFO - Setting next_dagrun for example_sla_dag to 2022-12-06T09:00:00+00:00, run_after=2022-12-06T09:02:00+00:00
[2022-12-06 09:03:21,321] {processor.py:161} INFO - Processing /home/airflow/.local/lib/python3.7/site-packages/airflow/example_dags/example_sla_dag.py took 0.078 seconds
