[2022-12-06 13:27:56,080] {taskinstance.py:896} INFO - Dependencies all met for <TaskInstance: my_mongo_db_dag.CheckMongoDBConnexion 2022-12-06T13:27:10.483181+00:00 [queued]>
[2022-12-06 13:27:56,087] {taskinstance.py:896} INFO - Dependencies all met for <TaskInstance: my_mongo_db_dag.CheckMongoDBConnexion 2022-12-06T13:27:10.483181+00:00 [queued]>
[2022-12-06 13:27:56,088] {taskinstance.py:1087} INFO - 
--------------------------------------------------------------------------------
[2022-12-06 13:27:56,088] {taskinstance.py:1088} INFO - Starting attempt 1 of 51
[2022-12-06 13:27:56,088] {taskinstance.py:1089} INFO - 
--------------------------------------------------------------------------------
[2022-12-06 13:27:56,098] {taskinstance.py:1107} INFO - Executing <Task(PythonOperator): CheckMongoDBConnexion> on 2022-12-06T13:27:10.483181+00:00
[2022-12-06 13:27:56,102] {standard_task_runner.py:52} INFO - Started process 878 to run task
[2022-12-06 13:27:56,105] {standard_task_runner.py:76} INFO - Running: ['***', 'tasks', 'run', 'my_mongo_db_dag', 'CheckMongoDBConnexion', '2022-12-06T13:27:10.483181+00:00', '--job-id', '47', '--pool', 'default_pool', '--raw', '--subdir', 'DAGS_FOLDER/my_mongo_db_dag.py', '--cfg-path', '/tmp/tmpx4oehtqu', '--error-file', '/tmp/tmp4jbxer81']
[2022-12-06 13:27:56,105] {standard_task_runner.py:77} INFO - Job 47: Subtask CheckMongoDBConnexion
[2022-12-06 13:27:56,140] {logging_mixin.py:104} INFO - Running <TaskInstance: my_mongo_db_dag.CheckMongoDBConnexion 2022-12-06T13:27:10.483181+00:00 [running]> on host 2e62a70a5623
[2022-12-06 13:27:56,183] {taskinstance.py:1302} INFO - Exporting the following env vars:
AIRFLOW_CTX_DAG_OWNER=***
AIRFLOW_CTX_DAG_ID=my_mongo_db_dag
AIRFLOW_CTX_TASK_ID=CheckMongoDBConnexion
AIRFLOW_CTX_EXECUTION_DATE=2022-12-06T13:27:10.483181+00:00
AIRFLOW_CTX_DAG_RUN_ID=scheduled__2022-12-06T13:27:10.483181+00:00
[2022-12-06 13:27:56,183] {logging_mixin.py:104} INFO - 3
[2022-12-06 13:27:56,183] {python.py:151} INFO - Done. Returned value was: None
[2022-12-06 13:27:56,191] {taskinstance.py:1211} INFO - Marking task as SUCCESS. dag_id=my_mongo_db_dag, task_id=CheckMongoDBConnexion, execution_date=20221206T132710, start_date=20221206T132756, end_date=20221206T132756
[2022-12-06 13:27:56,224] {taskinstance.py:1265} INFO - 2 downstream tasks scheduled from follow-on schedule check
[2022-12-06 13:27:56,236] {local_task_job.py:151} INFO - Task exited with return code 0
