[2022-12-06 10:00:34,600] {taskinstance.py:896} INFO - Dependencies all met for <TaskInstance: my_elastic_search_dag.ExtractFlights 2022-12-06T10:00:32.958539+00:00 [queued]>
[2022-12-06 10:00:34,609] {taskinstance.py:896} INFO - Dependencies all met for <TaskInstance: my_elastic_search_dag.ExtractFlights 2022-12-06T10:00:32.958539+00:00 [queued]>
[2022-12-06 10:00:34,609] {taskinstance.py:1087} INFO - 
--------------------------------------------------------------------------------
[2022-12-06 10:00:34,609] {taskinstance.py:1088} INFO - Starting attempt 1 of 1
[2022-12-06 10:00:34,609] {taskinstance.py:1089} INFO - 
--------------------------------------------------------------------------------
[2022-12-06 10:00:34,619] {taskinstance.py:1107} INFO - Executing <Task(PythonOperator): ExtractFlights> on 2022-12-06T10:00:32.958539+00:00
[2022-12-06 10:00:34,622] {standard_task_runner.py:52} INFO - Started process 325 to run task
[2022-12-06 10:00:34,626] {standard_task_runner.py:76} INFO - Running: ['***', 'tasks', 'run', 'my_elastic_search_dag', 'ExtractFlights', '2022-12-06T10:00:32.958539+00:00', '--job-id', '4', '--pool', 'default_pool', '--raw', '--subdir', 'DAGS_FOLDER/my_elastic_search_dag.py', '--cfg-path', '/tmp/tmpbvoi56fq', '--error-file', '/tmp/tmpb0h47amh']
[2022-12-06 10:00:34,626] {standard_task_runner.py:77} INFO - Job 4: Subtask ExtractFlights
[2022-12-06 10:00:34,721] {logging_mixin.py:104} INFO - Running <TaskInstance: my_elastic_search_dag.ExtractFlights 2022-12-06T10:00:32.958539+00:00 [running]> on host 3d95da7470fe
[2022-12-06 10:00:34,982] {taskinstance.py:1302} INFO - Exporting the following env vars:
AIRFLOW_CTX_DAG_OWNER=***
AIRFLOW_CTX_DAG_ID=my_elastic_search_dag
AIRFLOW_CTX_TASK_ID=ExtractFlights
AIRFLOW_CTX_EXECUTION_DATE=2022-12-06T10:00:32.958539+00:00
AIRFLOW_CTX_DAG_RUN_ID=manual__2022-12-06T10:00:32.958539+00:00
[2022-12-06 10:00:36,823] {python.py:151} INFO - Done. Returned value was: None
[2022-12-06 10:00:36,836] {taskinstance.py:1211} INFO - Marking task as SUCCESS. dag_id=my_elastic_search_dag, task_id=ExtractFlights, execution_date=20221206T100032, start_date=20221206T100034, end_date=20221206T100036
[2022-12-06 10:00:36,864] {taskinstance.py:1265} INFO - 1 downstream tasks scheduled from follow-on schedule check
[2022-12-06 10:00:36,891] {local_task_job.py:151} INFO - Task exited with return code 0
