[2022-12-06 14:28:25,582] {taskinstance.py:896} INFO - Dependencies all met for <TaskInstance: my_mongo_db_dag.ExtractPositions 2022-12-06T14:27:16.856178+00:00 [queued]>
[2022-12-06 14:28:25,611] {taskinstance.py:896} INFO - Dependencies all met for <TaskInstance: my_mongo_db_dag.ExtractPositions 2022-12-06T14:27:16.856178+00:00 [queued]>
[2022-12-06 14:28:25,612] {taskinstance.py:1087} INFO - 
--------------------------------------------------------------------------------
[2022-12-06 14:28:25,612] {taskinstance.py:1088} INFO - Starting attempt 1 of 1
[2022-12-06 14:28:25,612] {taskinstance.py:1089} INFO - 
--------------------------------------------------------------------------------
[2022-12-06 14:28:25,626] {taskinstance.py:1107} INFO - Executing <Task(PythonOperator): ExtractPositions> on 2022-12-06T14:27:16.856178+00:00
[2022-12-06 14:28:25,632] {standard_task_runner.py:52} INFO - Started process 183 to run task
[2022-12-06 14:28:25,637] {standard_task_runner.py:76} INFO - Running: ['***', 'tasks', 'run', 'my_mongo_db_dag', 'ExtractPositions', '2022-12-06T14:27:16.856178+00:00', '--job-id', '6', '--pool', 'default_pool', '--raw', '--subdir', 'DAGS_FOLDER/my_mongo_db_dag.py', '--cfg-path', '/tmp/tmpp_pncjff', '--error-file', '/tmp/tmpo6_6q27v']
[2022-12-06 14:28:25,638] {standard_task_runner.py:77} INFO - Job 6: Subtask ExtractPositions
[2022-12-06 14:28:25,715] {logging_mixin.py:104} INFO - Running <TaskInstance: my_mongo_db_dag.ExtractPositions 2022-12-06T14:27:16.856178+00:00 [running]> on host db4794db4ef9
[2022-12-06 14:28:25,782] {taskinstance.py:1302} INFO - Exporting the following env vars:
AIRFLOW_CTX_DAG_OWNER=***
AIRFLOW_CTX_DAG_ID=my_mongo_db_dag
AIRFLOW_CTX_TASK_ID=ExtractPositions
AIRFLOW_CTX_EXECUTION_DATE=2022-12-06T14:27:16.856178+00:00
AIRFLOW_CTX_DAG_RUN_ID=scheduled__2022-12-06T14:27:16.856178+00:00
[2022-12-06 14:28:28,632] {python.py:151} INFO - Done. Returned value was: None
[2022-12-06 14:28:28,782] {taskinstance.py:1211} INFO - Marking task as SUCCESS. dag_id=my_mongo_db_dag, task_id=ExtractPositions, execution_date=20221206T142716, start_date=20221206T142825, end_date=20221206T142828
[2022-12-06 14:28:28,929] {taskinstance.py:1265} INFO - 1 downstream tasks scheduled from follow-on schedule check
[2022-12-06 14:28:28,941] {local_task_job.py:151} INFO - Task exited with return code 0
