[2022-12-06 09:12:18,542] {taskinstance.py:896} INFO - Dependencies all met for <TaskInstance: my_elastic_search_dag.ExtractFlights 2022-12-06T09:11:33.393301+00:00 [queued]>
[2022-12-06 09:12:18,558] {taskinstance.py:896} INFO - Dependencies all met for <TaskInstance: my_elastic_search_dag.ExtractFlights 2022-12-06T09:11:33.393301+00:00 [queued]>
[2022-12-06 09:12:18,558] {taskinstance.py:1087} INFO - 
--------------------------------------------------------------------------------
[2022-12-06 09:12:18,558] {taskinstance.py:1088} INFO - Starting attempt 1 of 1
[2022-12-06 09:12:18,558] {taskinstance.py:1089} INFO - 
--------------------------------------------------------------------------------
[2022-12-06 09:12:18,567] {taskinstance.py:1107} INFO - Executing <Task(PythonOperator): ExtractFlights> on 2022-12-06T09:11:33.393301+00:00
[2022-12-06 09:12:18,571] {standard_task_runner.py:52} INFO - Started process 667 to run task
[2022-12-06 09:12:18,575] {standard_task_runner.py:76} INFO - Running: ['***', 'tasks', 'run', 'my_elastic_search_dag', 'ExtractFlights', '2022-12-06T09:11:33.393301+00:00', '--job-id', '18', '--pool', 'default_pool', '--raw', '--subdir', 'DAGS_FOLDER/my_elastic_search_dag.py', '--cfg-path', '/tmp/tmpiww5imfb', '--error-file', '/tmp/tmpdux3y70b']
[2022-12-06 09:12:18,576] {standard_task_runner.py:77} INFO - Job 18: Subtask ExtractFlights
[2022-12-06 09:12:18,660] {logging_mixin.py:104} INFO - Running <TaskInstance: my_elastic_search_dag.ExtractFlights 2022-12-06T09:11:33.393301+00:00 [running]> on host 27e998575b9f
[2022-12-06 09:12:18,729] {taskinstance.py:1302} INFO - Exporting the following env vars:
AIRFLOW_CTX_DAG_OWNER=***
AIRFLOW_CTX_DAG_ID=my_elastic_search_dag
AIRFLOW_CTX_TASK_ID=ExtractFlights
AIRFLOW_CTX_EXECUTION_DATE=2022-12-06T09:11:33.393301+00:00
AIRFLOW_CTX_DAG_RUN_ID=manual__2022-12-06T09:11:33.393301+00:00
[2022-12-06 09:12:20,541] {python.py:151} INFO - Done. Returned value was: None
[2022-12-06 09:12:20,553] {taskinstance.py:1211} INFO - Marking task as SUCCESS. dag_id=my_elastic_search_dag, task_id=ExtractFlights, execution_date=20221206T091133, start_date=20221206T091218, end_date=20221206T091220
[2022-12-06 09:12:20,577] {taskinstance.py:1265} INFO - 1 downstream tasks scheduled from follow-on schedule check
[2022-12-06 09:12:20,599] {local_task_job.py:151} INFO - Task exited with return code 0
