[2022-12-06 13:22:29,757] {taskinstance.py:896} INFO - Dependencies all met for <TaskInstance: my_mongo_db_dag.DeleteOldDocumentsFromMongoDB 2022-12-06T13:21:10.483181+00:00 [queued]>
[2022-12-06 13:22:29,767] {taskinstance.py:896} INFO - Dependencies all met for <TaskInstance: my_mongo_db_dag.DeleteOldDocumentsFromMongoDB 2022-12-06T13:21:10.483181+00:00 [queued]>
[2022-12-06 13:22:29,767] {taskinstance.py:1087} INFO - 
--------------------------------------------------------------------------------
[2022-12-06 13:22:29,768] {taskinstance.py:1088} INFO - Starting attempt 1 of 1
[2022-12-06 13:22:29,768] {taskinstance.py:1089} INFO - 
--------------------------------------------------------------------------------
[2022-12-06 13:22:29,784] {taskinstance.py:1107} INFO - Executing <Task(PythonOperator): DeleteOldDocumentsFromMongoDB> on 2022-12-06T13:21:10.483181+00:00
[2022-12-06 13:22:29,789] {standard_task_runner.py:52} INFO - Started process 324 to run task
[2022-12-06 13:22:29,794] {standard_task_runner.py:76} INFO - Running: ['***', 'tasks', 'run', 'my_mongo_db_dag', 'DeleteOldDocumentsFromMongoDB', '2022-12-06T13:21:10.483181+00:00', '--job-id', '6', '--pool', 'default_pool', '--raw', '--subdir', 'DAGS_FOLDER/my_mongo_db_dag.py', '--cfg-path', '/tmp/tmp6oji1uuf', '--error-file', '/tmp/tmpu03sdxzw']
[2022-12-06 13:22:29,794] {standard_task_runner.py:77} INFO - Job 6: Subtask DeleteOldDocumentsFromMongoDB
[2022-12-06 13:22:30,000] {logging_mixin.py:104} INFO - Running <TaskInstance: my_mongo_db_dag.DeleteOldDocumentsFromMongoDB 2022-12-06T13:21:10.483181+00:00 [running]> on host 2e62a70a5623
[2022-12-06 13:22:30,041] {taskinstance.py:1302} INFO - Exporting the following env vars:
AIRFLOW_CTX_DAG_OWNER=***
AIRFLOW_CTX_DAG_ID=my_mongo_db_dag
AIRFLOW_CTX_TASK_ID=DeleteOldDocumentsFromMongoDB
AIRFLOW_CTX_EXECUTION_DATE=2022-12-06T13:21:10.483181+00:00
AIRFLOW_CTX_DAG_RUN_ID=scheduled__2022-12-06T13:21:10.483181+00:00
[2022-12-06 13:22:30,042] {logging_mixin.py:104} INFO - success
[2022-12-06 13:22:30,042] {python.py:151} INFO - Done. Returned value was: None
[2022-12-06 13:22:30,050] {taskinstance.py:1211} INFO - Marking task as SUCCESS. dag_id=my_mongo_db_dag, task_id=DeleteOldDocumentsFromMongoDB, execution_date=20221206T132110, start_date=20221206T132229, end_date=20221206T132230
[2022-12-06 13:22:30,071] {taskinstance.py:1265} INFO - 0 downstream tasks scheduled from follow-on schedule check
[2022-12-06 13:22:30,086] {local_task_job.py:151} INFO - Task exited with return code 0
