[2022-12-06 13:22:37,051] {taskinstance.py:896} INFO - Dependencies all met for <TaskInstance: my_mongo_db_dag.CheckMongoDBConnexion 2022-12-06T13:22:23.111222+00:00 [queued]>
[2022-12-06 13:22:37,060] {taskinstance.py:896} INFO - Dependencies all met for <TaskInstance: my_mongo_db_dag.CheckMongoDBConnexion 2022-12-06T13:22:23.111222+00:00 [queued]>
[2022-12-06 13:22:37,060] {taskinstance.py:1087} INFO - 
--------------------------------------------------------------------------------
[2022-12-06 13:22:37,060] {taskinstance.py:1088} INFO - Starting attempt 3 of 51
[2022-12-06 13:22:37,060] {taskinstance.py:1089} INFO - 
--------------------------------------------------------------------------------
[2022-12-06 13:22:37,072] {taskinstance.py:1107} INFO - Executing <Task(PythonOperator): CheckMongoDBConnexion> on 2022-12-06T13:22:23.111222+00:00
[2022-12-06 13:22:37,076] {standard_task_runner.py:52} INFO - Started process 351 to run task
[2022-12-06 13:22:37,080] {standard_task_runner.py:76} INFO - Running: ['***', 'tasks', 'run', 'my_mongo_db_dag', 'CheckMongoDBConnexion', '2022-12-06T13:22:23.111222+00:00', '--job-id', '9', '--pool', 'default_pool', '--raw', '--subdir', 'DAGS_FOLDER/my_mongo_db_dag.py', '--cfg-path', '/tmp/tmp7y3xz6ut', '--error-file', '/tmp/tmpy4f_64wf']
[2022-12-06 13:22:37,080] {standard_task_runner.py:77} INFO - Job 9: Subtask CheckMongoDBConnexion
[2022-12-06 13:22:37,120] {logging_mixin.py:104} INFO - Running <TaskInstance: my_mongo_db_dag.CheckMongoDBConnexion 2022-12-06T13:22:23.111222+00:00 [running]> on host 2e62a70a5623
[2022-12-06 13:22:37,161] {taskinstance.py:1302} INFO - Exporting the following env vars:
AIRFLOW_CTX_DAG_OWNER=***
AIRFLOW_CTX_DAG_ID=my_mongo_db_dag
AIRFLOW_CTX_TASK_ID=CheckMongoDBConnexion
AIRFLOW_CTX_EXECUTION_DATE=2022-12-06T13:22:23.111222+00:00
AIRFLOW_CTX_DAG_RUN_ID=manual__2022-12-06T13:22:23.111222+00:00
[2022-12-06 13:22:37,162] {logging_mixin.py:104} INFO - 3
[2022-12-06 13:22:37,162] {python.py:151} INFO - Done. Returned value was: None
[2022-12-06 13:22:37,170] {taskinstance.py:1211} INFO - Marking task as SUCCESS. dag_id=my_mongo_db_dag, task_id=CheckMongoDBConnexion, execution_date=20221206T132223, start_date=20221206T132237, end_date=20221206T132237
[2022-12-06 13:22:37,198] {taskinstance.py:1265} INFO - 2 downstream tasks scheduled from follow-on schedule check
[2022-12-06 13:22:37,212] {local_task_job.py:151} INFO - Task exited with return code 0
