[2022-12-06 11:55:52,270] {taskinstance.py:896} INFO - Dependencies all met for <TaskInstance: my_mongo_db_dag.DeleteOldDocumentsFromMongoDB 2022-12-06T11:55:45.549993+00:00 [queued]>
[2022-12-06 11:55:52,330] {taskinstance.py:896} INFO - Dependencies all met for <TaskInstance: my_mongo_db_dag.DeleteOldDocumentsFromMongoDB 2022-12-06T11:55:45.549993+00:00 [queued]>
[2022-12-06 11:55:52,331] {taskinstance.py:1087} INFO - 
--------------------------------------------------------------------------------
[2022-12-06 11:55:52,331] {taskinstance.py:1088} INFO - Starting attempt 1 of 1
[2022-12-06 11:55:52,331] {taskinstance.py:1089} INFO - 
--------------------------------------------------------------------------------
[2022-12-06 11:55:52,357] {taskinstance.py:1107} INFO - Executing <Task(PythonOperator): DeleteOldDocumentsFromMongoDB> on 2022-12-06T11:55:45.549993+00:00
[2022-12-06 11:55:52,362] {standard_task_runner.py:52} INFO - Started process 277 to run task
[2022-12-06 11:55:52,368] {standard_task_runner.py:76} INFO - Running: ['***', 'tasks', 'run', 'my_mongo_db_dag', 'DeleteOldDocumentsFromMongoDB', '2022-12-06T11:55:45.549993+00:00', '--job-id', '7', '--pool', 'default_pool', '--raw', '--subdir', 'DAGS_FOLDER/my_mongo_db_dag.py', '--cfg-path', '/tmp/tmpd46iyl0j', '--error-file', '/tmp/tmpwrtahxjm']
[2022-12-06 11:55:52,368] {standard_task_runner.py:77} INFO - Job 7: Subtask DeleteOldDocumentsFromMongoDB
[2022-12-06 11:55:52,580] {logging_mixin.py:104} INFO - Running <TaskInstance: my_mongo_db_dag.DeleteOldDocumentsFromMongoDB 2022-12-06T11:55:45.549993+00:00 [running]> on host d4b3d166a83f
[2022-12-06 11:55:52,731] {taskinstance.py:1302} INFO - Exporting the following env vars:
AIRFLOW_CTX_DAG_OWNER=***
AIRFLOW_CTX_DAG_ID=my_mongo_db_dag
AIRFLOW_CTX_TASK_ID=DeleteOldDocumentsFromMongoDB
AIRFLOW_CTX_EXECUTION_DATE=2022-12-06T11:55:45.549993+00:00
AIRFLOW_CTX_DAG_RUN_ID=manual__2022-12-06T11:55:45.549993+00:00
[2022-12-06 11:55:52,733] {logging_mixin.py:104} INFO - success
[2022-12-06 11:55:52,733] {python.py:151} INFO - Done. Returned value was: None
[2022-12-06 11:55:52,753] {taskinstance.py:1211} INFO - Marking task as SUCCESS. dag_id=my_mongo_db_dag, task_id=DeleteOldDocumentsFromMongoDB, execution_date=20221206T115545, start_date=20221206T115552, end_date=20221206T115552
[2022-12-06 11:55:52,852] {taskinstance.py:1265} INFO - 0 downstream tasks scheduled from follow-on schedule check
[2022-12-06 11:55:52,877] {local_task_job.py:151} INFO - Task exited with return code 0
