[2022-12-06 11:17:28,639] {taskinstance.py:896} INFO - Dependencies all met for <TaskInstance: my_mongo_db_dag.DeleteOldDocumentsFromMongoDB 2022-12-05T00:00:00+00:00 [queued]>
[2022-12-06 11:17:28,706] {taskinstance.py:896} INFO - Dependencies all met for <TaskInstance: my_mongo_db_dag.DeleteOldDocumentsFromMongoDB 2022-12-05T00:00:00+00:00 [queued]>
[2022-12-06 11:17:28,707] {taskinstance.py:1087} INFO - 
--------------------------------------------------------------------------------
[2022-12-06 11:17:28,707] {taskinstance.py:1088} INFO - Starting attempt 1 of 1
[2022-12-06 11:17:28,707] {taskinstance.py:1089} INFO - 
--------------------------------------------------------------------------------
[2022-12-06 11:17:28,785] {taskinstance.py:1107} INFO - Executing <Task(PythonOperator): DeleteOldDocumentsFromMongoDB> on 2022-12-05T00:00:00+00:00
[2022-12-06 11:17:28,810] {standard_task_runner.py:52} INFO - Started process 206 to run task
[2022-12-06 11:17:28,815] {standard_task_runner.py:76} INFO - Running: ['***', 'tasks', 'run', 'my_mongo_db_dag', 'DeleteOldDocumentsFromMongoDB', '2022-12-05T00:00:00+00:00', '--job-id', '4', '--pool', 'default_pool', '--raw', '--subdir', 'DAGS_FOLDER/my_mongo_db_dag.py', '--cfg-path', '/tmp/tmp8pnupjp1', '--error-file', '/tmp/tmpgse_rily']
[2022-12-06 11:17:28,816] {standard_task_runner.py:77} INFO - Job 4: Subtask DeleteOldDocumentsFromMongoDB
[2022-12-06 11:17:28,916] {logging_mixin.py:104} INFO - Running <TaskInstance: my_mongo_db_dag.DeleteOldDocumentsFromMongoDB 2022-12-05T00:00:00+00:00 [running]> on host 90b7908d868d
[2022-12-06 11:17:28,997] {taskinstance.py:1302} INFO - Exporting the following env vars:
AIRFLOW_CTX_DAG_OWNER=***
AIRFLOW_CTX_DAG_ID=my_mongo_db_dag
AIRFLOW_CTX_TASK_ID=DeleteOldDocumentsFromMongoDB
AIRFLOW_CTX_EXECUTION_DATE=2022-12-05T00:00:00+00:00
AIRFLOW_CTX_DAG_RUN_ID=scheduled__2022-12-05T00:00:00+00:00
[2022-12-06 11:17:28,998] {logging_mixin.py:104} INFO - success
[2022-12-06 11:17:28,998] {python.py:151} INFO - Done. Returned value was: None
[2022-12-06 11:17:29,013] {taskinstance.py:1211} INFO - Marking task as SUCCESS. dag_id=my_mongo_db_dag, task_id=DeleteOldDocumentsFromMongoDB, execution_date=20221205T000000, start_date=20221206T111728, end_date=20221206T111729
[2022-12-06 11:17:29,092] {taskinstance.py:1265} INFO - 0 downstream tasks scheduled from follow-on schedule check
[2022-12-06 11:17:29,109] {local_task_job.py:151} INFO - Task exited with return code 0
[2022-12-06 11:55:47,146] {taskinstance.py:896} INFO - Dependencies all met for <TaskInstance: my_mongo_db_dag.DeleteOldDocumentsFromMongoDB 2022-12-05T00:00:00+00:00 [queued]>
[2022-12-06 11:55:47,161] {taskinstance.py:896} INFO - Dependencies all met for <TaskInstance: my_mongo_db_dag.DeleteOldDocumentsFromMongoDB 2022-12-05T00:00:00+00:00 [queued]>
[2022-12-06 11:55:47,161] {taskinstance.py:1087} INFO - 
--------------------------------------------------------------------------------
[2022-12-06 11:55:47,161] {taskinstance.py:1088} INFO - Starting attempt 1 of 1
[2022-12-06 11:55:47,161] {taskinstance.py:1089} INFO - 
--------------------------------------------------------------------------------
[2022-12-06 11:55:47,192] {taskinstance.py:1107} INFO - Executing <Task(PythonOperator): DeleteOldDocumentsFromMongoDB> on 2022-12-05T00:00:00+00:00
[2022-12-06 11:55:47,198] {standard_task_runner.py:52} INFO - Started process 262 to run task
[2022-12-06 11:55:47,205] {standard_task_runner.py:76} INFO - Running: ['***', 'tasks', 'run', 'my_mongo_db_dag', 'DeleteOldDocumentsFromMongoDB', '2022-12-05T00:00:00+00:00', '--job-id', '4', '--pool', 'default_pool', '--raw', '--subdir', 'DAGS_FOLDER/my_mongo_db_dag.py', '--cfg-path', '/tmp/tmp8sa6k64i', '--error-file', '/tmp/tmp4bipsdwx']
[2022-12-06 11:55:47,206] {standard_task_runner.py:77} INFO - Job 4: Subtask DeleteOldDocumentsFromMongoDB
[2022-12-06 11:55:47,272] {logging_mixin.py:104} INFO - Running <TaskInstance: my_mongo_db_dag.DeleteOldDocumentsFromMongoDB 2022-12-05T00:00:00+00:00 [running]> on host d4b3d166a83f
[2022-12-06 11:55:47,353] {taskinstance.py:1302} INFO - Exporting the following env vars:
AIRFLOW_CTX_DAG_OWNER=***
AIRFLOW_CTX_DAG_ID=my_mongo_db_dag
AIRFLOW_CTX_TASK_ID=DeleteOldDocumentsFromMongoDB
AIRFLOW_CTX_EXECUTION_DATE=2022-12-05T00:00:00+00:00
AIRFLOW_CTX_DAG_RUN_ID=scheduled__2022-12-05T00:00:00+00:00
[2022-12-06 11:55:47,354] {logging_mixin.py:104} INFO - success
[2022-12-06 11:55:47,354] {python.py:151} INFO - Done. Returned value was: None
[2022-12-06 11:55:47,367] {taskinstance.py:1211} INFO - Marking task as SUCCESS. dag_id=my_mongo_db_dag, task_id=DeleteOldDocumentsFromMongoDB, execution_date=20221205T000000, start_date=20221206T115547, end_date=20221206T115547
[2022-12-06 11:55:47,421] {taskinstance.py:1265} INFO - 0 downstream tasks scheduled from follow-on schedule check
[2022-12-06 11:55:47,441] {local_task_job.py:151} INFO - Task exited with return code 0
