[2022-12-06 09:00:39,166] {taskinstance.py:1179} INFO - Dependencies all met for <TaskInstance: my_elastic_search_dag.DeleteOldDocumentsFromES manual__2022-12-06T08:59:53.859099+00:00 [queued]>
[2022-12-06 09:00:39,175] {taskinstance.py:1179} INFO - Dependencies all met for <TaskInstance: my_elastic_search_dag.DeleteOldDocumentsFromES manual__2022-12-06T08:59:53.859099+00:00 [queued]>
[2022-12-06 09:00:39,176] {taskinstance.py:1376} INFO - 
--------------------------------------------------------------------------------
[2022-12-06 09:00:39,176] {taskinstance.py:1377} INFO - Starting attempt 1 of 1
[2022-12-06 09:00:39,176] {taskinstance.py:1378} INFO - 
--------------------------------------------------------------------------------
[2022-12-06 09:00:39,192] {taskinstance.py:1397} INFO - Executing <Task(PythonOperator): DeleteOldDocumentsFromES> on 2022-12-06 08:59:53.859099+00:00
[2022-12-06 09:00:39,200] {standard_task_runner.py:52} INFO - Started process 234 to run task
[2022-12-06 09:00:39,205] {standard_task_runner.py:79} INFO - Running: ['***', 'tasks', 'run', 'my_elastic_search_dag', 'DeleteOldDocumentsFromES', 'manual__2022-12-06T08:59:53.859099+00:00', '--job-id', '13', '--raw', '--subdir', 'DAGS_FOLDER/my_elastic_search_dag.py', '--cfg-path', '/tmp/tmpo6_dd5l6', '--error-file', '/tmp/tmpc0rbjote']
[2022-12-06 09:00:39,206] {standard_task_runner.py:80} INFO - Job 13: Subtask DeleteOldDocumentsFromES
[2022-12-06 09:00:39,371] {task_command.py:371} INFO - Running <TaskInstance: my_elastic_search_dag.DeleteOldDocumentsFromES manual__2022-12-06T08:59:53.859099+00:00 [running]> on host 94e1b8231027
[2022-12-06 09:00:39,476] {taskinstance.py:1591} INFO - Exporting the following env vars:
AIRFLOW_CTX_DAG_OWNER=***
AIRFLOW_CTX_DAG_ID=my_elastic_search_dag
AIRFLOW_CTX_TASK_ID=DeleteOldDocumentsFromES
AIRFLOW_CTX_EXECUTION_DATE=2022-12-06T08:59:53.859099+00:00
AIRFLOW_CTX_TRY_NUMBER=1
AIRFLOW_CTX_DAG_RUN_ID=manual__2022-12-06T08:59:53.859099+00:00
[2022-12-06 09:00:39,477] {logging_mixin.py:115} INFO - success
[2022-12-06 09:00:39,478] {python.py:173} INFO - Done. Returned value was: None
[2022-12-06 09:00:39,496] {taskinstance.py:1420} INFO - Marking task as SUCCESS. dag_id=my_elastic_search_dag, task_id=DeleteOldDocumentsFromES, execution_date=20221206T085953, start_date=20221206T090039, end_date=20221206T090039
[2022-12-06 09:00:39,521] {local_task_job.py:156} INFO - Task exited with return code 0
[2022-12-06 09:00:39,573] {local_task_job.py:273} INFO - 0 downstream tasks scheduled from follow-on schedule check
