[2022-12-06 09:12:17,221] {taskinstance.py:896} INFO - Dependencies all met for <TaskInstance: my_elastic_search_dag.CheckElasticSearchConnexion 2022-12-06T09:11:33.393301+00:00 [queued]>
[2022-12-06 09:12:17,235] {taskinstance.py:896} INFO - Dependencies all met for <TaskInstance: my_elastic_search_dag.CheckElasticSearchConnexion 2022-12-06T09:11:33.393301+00:00 [queued]>
[2022-12-06 09:12:17,235] {taskinstance.py:1087} INFO - 
--------------------------------------------------------------------------------
[2022-12-06 09:12:17,235] {taskinstance.py:1088} INFO - Starting attempt 8 of 51
[2022-12-06 09:12:17,235] {taskinstance.py:1089} INFO - 
--------------------------------------------------------------------------------
[2022-12-06 09:12:17,243] {taskinstance.py:1107} INFO - Executing <Task(PythonOperator): CheckElasticSearchConnexion> on 2022-12-06T09:11:33.393301+00:00
[2022-12-06 09:12:17,246] {standard_task_runner.py:52} INFO - Started process 654 to run task
[2022-12-06 09:12:17,250] {standard_task_runner.py:76} INFO - Running: ['***', 'tasks', 'run', 'my_elastic_search_dag', 'CheckElasticSearchConnexion', '2022-12-06T09:11:33.393301+00:00', '--job-id', '17', '--pool', 'default_pool', '--raw', '--subdir', 'DAGS_FOLDER/my_elastic_search_dag.py', '--cfg-path', '/tmp/tmpv7qia2vb', '--error-file', '/tmp/tmpmc3ghmh7']
[2022-12-06 09:12:17,251] {standard_task_runner.py:77} INFO - Job 17: Subtask CheckElasticSearchConnexion
[2022-12-06 09:12:17,286] {logging_mixin.py:104} INFO - Running <TaskInstance: my_elastic_search_dag.CheckElasticSearchConnexion 2022-12-06T09:11:33.393301+00:00 [running]> on host 27e998575b9f
[2022-12-06 09:12:17,330] {taskinstance.py:1302} INFO - Exporting the following env vars:
AIRFLOW_CTX_DAG_OWNER=***
AIRFLOW_CTX_DAG_ID=my_elastic_search_dag
AIRFLOW_CTX_TASK_ID=CheckElasticSearchConnexion
AIRFLOW_CTX_EXECUTION_DATE=2022-12-06T09:11:33.393301+00:00
AIRFLOW_CTX_DAG_RUN_ID=manual__2022-12-06T09:11:33.393301+00:00
[2022-12-06 09:12:17,331] {logging_mixin.py:104} INFO - 5
[2022-12-06 09:12:17,331] {python.py:151} INFO - Done. Returned value was: None
[2022-12-06 09:12:17,341] {taskinstance.py:1211} INFO - Marking task as SUCCESS. dag_id=my_elastic_search_dag, task_id=CheckElasticSearchConnexion, execution_date=20221206T091133, start_date=20221206T091217, end_date=20221206T091217
[2022-12-06 09:12:17,366] {taskinstance.py:1265} INFO - 2 downstream tasks scheduled from follow-on schedule check
[2022-12-06 09:12:17,384] {local_task_job.py:151} INFO - Task exited with return code 0
