[2022-12-06 14:25:29,015] {taskinstance.py:896} INFO - Dependencies all met for <TaskInstance: my_mongo_db_dag.ExtractPositions 2022-12-06T14:23:27.189761+00:00 [queued]>
[2022-12-06 14:25:29,024] {taskinstance.py:896} INFO - Dependencies all met for <TaskInstance: my_mongo_db_dag.ExtractPositions 2022-12-06T14:23:27.189761+00:00 [queued]>
[2022-12-06 14:25:29,024] {taskinstance.py:1087} INFO - 
--------------------------------------------------------------------------------
[2022-12-06 14:25:29,024] {taskinstance.py:1088} INFO - Starting attempt 1 of 1
[2022-12-06 14:25:29,024] {taskinstance.py:1089} INFO - 
--------------------------------------------------------------------------------
[2022-12-06 14:25:29,036] {taskinstance.py:1107} INFO - Executing <Task(PythonOperator): ExtractPositions> on 2022-12-06T14:23:27.189761+00:00
[2022-12-06 14:25:29,040] {standard_task_runner.py:52} INFO - Started process 363 to run task
[2022-12-06 14:25:29,043] {standard_task_runner.py:76} INFO - Running: ['***', 'tasks', 'run', 'my_mongo_db_dag', 'ExtractPositions', '2022-12-06T14:23:27.189761+00:00', '--job-id', '24', '--pool', 'default_pool', '--raw', '--subdir', 'DAGS_FOLDER/my_mongo_db_dag.py', '--cfg-path', '/tmp/tmpofasa2ex', '--error-file', '/tmp/tmpgxgipw4h']
[2022-12-06 14:25:29,044] {standard_task_runner.py:77} INFO - Job 24: Subtask ExtractPositions
[2022-12-06 14:25:29,168] {logging_mixin.py:104} INFO - Running <TaskInstance: my_mongo_db_dag.ExtractPositions 2022-12-06T14:23:27.189761+00:00 [running]> on host afcdc98ce05d
[2022-12-06 14:25:29,207] {taskinstance.py:1302} INFO - Exporting the following env vars:
AIRFLOW_CTX_DAG_OWNER=***
AIRFLOW_CTX_DAG_ID=my_mongo_db_dag
AIRFLOW_CTX_TASK_ID=ExtractPositions
AIRFLOW_CTX_EXECUTION_DATE=2022-12-06T14:23:27.189761+00:00
AIRFLOW_CTX_DAG_RUN_ID=manual__2022-12-06T14:23:27.189761+00:00
[2022-12-06 14:25:30,680] {python.py:151} INFO - Done. Returned value was: None
[2022-12-06 14:25:30,688] {taskinstance.py:1211} INFO - Marking task as SUCCESS. dag_id=my_mongo_db_dag, task_id=ExtractPositions, execution_date=20221206T142327, start_date=20221206T142529, end_date=20221206T142530
[2022-12-06 14:25:30,712] {taskinstance.py:1265} INFO - 1 downstream tasks scheduled from follow-on schedule check
[2022-12-06 14:25:30,740] {local_task_job.py:151} INFO - Task exited with return code 0
