[2022-12-06 09:18:38,895] {taskinstance.py:896} INFO - Dependencies all met for <TaskInstance: my_elastic_search_dag.ExtractFlights 2022-12-06T09:18:18.787588+00:00 [queued]>
[2022-12-06 09:18:38,911] {taskinstance.py:896} INFO - Dependencies all met for <TaskInstance: my_elastic_search_dag.ExtractFlights 2022-12-06T09:18:18.787588+00:00 [queued]>
[2022-12-06 09:18:38,911] {taskinstance.py:1087} INFO - 
--------------------------------------------------------------------------------
[2022-12-06 09:18:38,911] {taskinstance.py:1088} INFO - Starting attempt 1 of 1
[2022-12-06 09:18:38,911] {taskinstance.py:1089} INFO - 
--------------------------------------------------------------------------------
[2022-12-06 09:18:38,964] {taskinstance.py:1107} INFO - Executing <Task(PythonOperator): ExtractFlights> on 2022-12-06T09:18:18.787588+00:00
[2022-12-06 09:18:38,978] {standard_task_runner.py:76} INFO - Running: ['***', 'tasks', 'run', 'my_elastic_search_dag', 'ExtractFlights', '2022-12-06T09:18:18.787588+00:00', '--job-id', '31', '--pool', 'default_pool', '--raw', '--subdir', 'DAGS_FOLDER/my_elastic_search_dag.py', '--cfg-path', '/tmp/tmph_5bif9k', '--error-file', '/tmp/tmpchozfcfe']
[2022-12-06 09:18:38,970] {standard_task_runner.py:52} INFO - Started process 1193 to run task
[2022-12-06 09:18:38,978] {standard_task_runner.py:77} INFO - Job 31: Subtask ExtractFlights
[2022-12-06 09:18:39,029] {logging_mixin.py:104} INFO - Running <TaskInstance: my_elastic_search_dag.ExtractFlights 2022-12-06T09:18:18.787588+00:00 [running]> on host 27e998575b9f
[2022-12-06 09:18:39,071] {taskinstance.py:1302} INFO - Exporting the following env vars:
AIRFLOW_CTX_DAG_OWNER=***
AIRFLOW_CTX_DAG_ID=my_elastic_search_dag
AIRFLOW_CTX_TASK_ID=ExtractFlights
AIRFLOW_CTX_EXECUTION_DATE=2022-12-06T09:18:18.787588+00:00
AIRFLOW_CTX_DAG_RUN_ID=manual__2022-12-06T09:18:18.787588+00:00
[2022-12-06 09:18:40,911] {python.py:151} INFO - Done. Returned value was: None
[2022-12-06 09:18:40,921] {taskinstance.py:1211} INFO - Marking task as SUCCESS. dag_id=my_elastic_search_dag, task_id=ExtractFlights, execution_date=20221206T091818, start_date=20221206T091838, end_date=20221206T091840
[2022-12-06 09:18:40,949] {taskinstance.py:1265} INFO - 1 downstream tasks scheduled from follow-on schedule check
[2022-12-06 09:18:40,962] {local_task_job.py:151} INFO - Task exited with return code 0
