[2022-12-06 11:55:48,430] {taskinstance.py:896} INFO - Dependencies all met for <TaskInstance: my_mongo_db_dag.ExtractPositions 2022-12-06T11:55:45.549993+00:00 [queued]>
[2022-12-06 11:55:48,442] {taskinstance.py:896} INFO - Dependencies all met for <TaskInstance: my_mongo_db_dag.ExtractPositions 2022-12-06T11:55:45.549993+00:00 [queued]>
[2022-12-06 11:55:48,442] {taskinstance.py:1087} INFO - 
--------------------------------------------------------------------------------
[2022-12-06 11:55:48,442] {taskinstance.py:1088} INFO - Starting attempt 1 of 1
[2022-12-06 11:55:48,442] {taskinstance.py:1089} INFO - 
--------------------------------------------------------------------------------
[2022-12-06 11:55:48,457] {taskinstance.py:1107} INFO - Executing <Task(PythonOperator): ExtractPositions> on 2022-12-06T11:55:45.549993+00:00
[2022-12-06 11:55:48,462] {standard_task_runner.py:52} INFO - Started process 265 to run task
[2022-12-06 11:55:48,468] {standard_task_runner.py:76} INFO - Running: ['***', 'tasks', 'run', 'my_mongo_db_dag', 'ExtractPositions', '2022-12-06T11:55:45.549993+00:00', '--job-id', '5', '--pool', 'default_pool', '--raw', '--subdir', 'DAGS_FOLDER/my_mongo_db_dag.py', '--cfg-path', '/tmp/tmp3ryuti4y', '--error-file', '/tmp/tmp94ux6qct']
[2022-12-06 11:55:48,469] {standard_task_runner.py:77} INFO - Job 5: Subtask ExtractPositions
[2022-12-06 11:55:48,522] {logging_mixin.py:104} INFO - Running <TaskInstance: my_mongo_db_dag.ExtractPositions 2022-12-06T11:55:45.549993+00:00 [running]> on host d4b3d166a83f
[2022-12-06 11:55:48,580] {taskinstance.py:1302} INFO - Exporting the following env vars:
AIRFLOW_CTX_DAG_OWNER=***
AIRFLOW_CTX_DAG_ID=my_mongo_db_dag
AIRFLOW_CTX_TASK_ID=ExtractPositions
AIRFLOW_CTX_EXECUTION_DATE=2022-12-06T11:55:45.549993+00:00
AIRFLOW_CTX_DAG_RUN_ID=manual__2022-12-06T11:55:45.549993+00:00
[2022-12-06 11:55:52,046] {python.py:151} INFO - Done. Returned value was: None
[2022-12-06 11:55:52,268] {taskinstance.py:1211} INFO - Marking task as SUCCESS. dag_id=my_mongo_db_dag, task_id=ExtractPositions, execution_date=20221206T115545, start_date=20221206T115548, end_date=20221206T115552
[2022-12-06 11:55:52,339] {taskinstance.py:1265} INFO - 1 downstream tasks scheduled from follow-on schedule check
[2022-12-06 11:55:52,392] {local_task_job.py:151} INFO - Task exited with return code 0
