[2022-12-06 11:18:16,833] {taskinstance.py:896} INFO - Dependencies all met for <TaskInstance: my_mongo_db_dag.DeleteOldDocumentsFromMongoDB 2022-12-06T11:17:48.712978+00:00 [queued]>
[2022-12-06 11:18:16,857] {taskinstance.py:896} INFO - Dependencies all met for <TaskInstance: my_mongo_db_dag.DeleteOldDocumentsFromMongoDB 2022-12-06T11:17:48.712978+00:00 [queued]>
[2022-12-06 11:18:16,857] {taskinstance.py:1087} INFO - 
--------------------------------------------------------------------------------
[2022-12-06 11:18:16,858] {taskinstance.py:1088} INFO - Starting attempt 1 of 1
[2022-12-06 11:18:16,858] {taskinstance.py:1089} INFO - 
--------------------------------------------------------------------------------
[2022-12-06 11:18:16,871] {taskinstance.py:1107} INFO - Executing <Task(PythonOperator): DeleteOldDocumentsFromMongoDB> on 2022-12-06T11:17:48.712978+00:00
[2022-12-06 11:18:16,901] {standard_task_runner.py:52} INFO - Started process 285 to run task
[2022-12-06 11:18:16,907] {standard_task_runner.py:76} INFO - Running: ['***', 'tasks', 'run', 'my_mongo_db_dag', 'DeleteOldDocumentsFromMongoDB', '2022-12-06T11:17:48.712978+00:00', '--job-id', '12', '--pool', 'default_pool', '--raw', '--subdir', 'DAGS_FOLDER/my_mongo_db_dag.py', '--cfg-path', '/tmp/tmp_2gvi29x', '--error-file', '/tmp/tmp9eglfsm8']
[2022-12-06 11:18:16,908] {standard_task_runner.py:77} INFO - Job 12: Subtask DeleteOldDocumentsFromMongoDB
[2022-12-06 11:18:17,210] {logging_mixin.py:104} INFO - Running <TaskInstance: my_mongo_db_dag.DeleteOldDocumentsFromMongoDB 2022-12-06T11:17:48.712978+00:00 [running]> on host 90b7908d868d
[2022-12-06 11:18:17,538] {taskinstance.py:1302} INFO - Exporting the following env vars:
AIRFLOW_CTX_DAG_OWNER=***
AIRFLOW_CTX_DAG_ID=my_mongo_db_dag
AIRFLOW_CTX_TASK_ID=DeleteOldDocumentsFromMongoDB
AIRFLOW_CTX_EXECUTION_DATE=2022-12-06T11:17:48.712978+00:00
AIRFLOW_CTX_DAG_RUN_ID=manual__2022-12-06T11:17:48.712978+00:00
[2022-12-06 11:18:17,539] {logging_mixin.py:104} INFO - success
[2022-12-06 11:18:17,539] {python.py:151} INFO - Done. Returned value was: None
[2022-12-06 11:18:17,550] {taskinstance.py:1211} INFO - Marking task as SUCCESS. dag_id=my_mongo_db_dag, task_id=DeleteOldDocumentsFromMongoDB, execution_date=20221206T111748, start_date=20221206T111816, end_date=20221206T111817
[2022-12-06 11:18:17,586] {taskinstance.py:1265} INFO - 0 downstream tasks scheduled from follow-on schedule check
[2022-12-06 11:18:17,607] {local_task_job.py:151} INFO - Task exited with return code 0
