[2022-12-06 11:18:14,947] {taskinstance.py:896} INFO - Dependencies all met for <TaskInstance: my_mongo_db_dag.CheckMongoDBConnexion 2022-12-06T11:17:48.712978+00:00 [queued]>
[2022-12-06 11:18:14,967] {taskinstance.py:896} INFO - Dependencies all met for <TaskInstance: my_mongo_db_dag.CheckMongoDBConnexion 2022-12-06T11:17:48.712978+00:00 [queued]>
[2022-12-06 11:18:14,968] {taskinstance.py:1087} INFO - 
--------------------------------------------------------------------------------
[2022-12-06 11:18:14,968] {taskinstance.py:1088} INFO - Starting attempt 5 of 51
[2022-12-06 11:18:14,968] {taskinstance.py:1089} INFO - 
--------------------------------------------------------------------------------
[2022-12-06 11:18:14,981] {taskinstance.py:1107} INFO - Executing <Task(PythonOperator): CheckMongoDBConnexion> on 2022-12-06T11:17:48.712978+00:00
[2022-12-06 11:18:14,986] {standard_task_runner.py:52} INFO - Started process 281 to run task
[2022-12-06 11:18:14,991] {standard_task_runner.py:76} INFO - Running: ['***', 'tasks', 'run', 'my_mongo_db_dag', 'CheckMongoDBConnexion', '2022-12-06T11:17:48.712978+00:00', '--job-id', '10', '--pool', 'default_pool', '--raw', '--subdir', 'DAGS_FOLDER/my_mongo_db_dag.py', '--cfg-path', '/tmp/tmpz0j9qron', '--error-file', '/tmp/tmpi5ekkshc']
[2022-12-06 11:18:14,991] {standard_task_runner.py:77} INFO - Job 10: Subtask CheckMongoDBConnexion
[2022-12-06 11:18:15,052] {logging_mixin.py:104} INFO - Running <TaskInstance: my_mongo_db_dag.CheckMongoDBConnexion 2022-12-06T11:17:48.712978+00:00 [running]> on host 90b7908d868d
[2022-12-06 11:18:15,113] {taskinstance.py:1302} INFO - Exporting the following env vars:
AIRFLOW_CTX_DAG_OWNER=***
AIRFLOW_CTX_DAG_ID=my_mongo_db_dag
AIRFLOW_CTX_TASK_ID=CheckMongoDBConnexion
AIRFLOW_CTX_EXECUTION_DATE=2022-12-06T11:17:48.712978+00:00
AIRFLOW_CTX_DAG_RUN_ID=manual__2022-12-06T11:17:48.712978+00:00
[2022-12-06 11:18:15,114] {logging_mixin.py:104} INFO - 19
[2022-12-06 11:18:15,114] {python.py:151} INFO - Done. Returned value was: None
[2022-12-06 11:18:15,125] {taskinstance.py:1211} INFO - Marking task as SUCCESS. dag_id=my_mongo_db_dag, task_id=CheckMongoDBConnexion, execution_date=20221206T111748, start_date=20221206T111814, end_date=20221206T111815
[2022-12-06 11:18:15,165] {taskinstance.py:1265} INFO - 2 downstream tasks scheduled from follow-on schedule check
[2022-12-06 11:18:15,202] {local_task_job.py:151} INFO - Task exited with return code 0
