[2022-12-06 13:30:48,028] {taskinstance.py:896} INFO - Dependencies all met for <TaskInstance: my_mongo_db_dag.CheckMongoDBConnexion 2022-12-06T13:29:25.483181+00:00 [queued]>
[2022-12-06 13:30:48,036] {taskinstance.py:896} INFO - Dependencies all met for <TaskInstance: my_mongo_db_dag.CheckMongoDBConnexion 2022-12-06T13:29:25.483181+00:00 [queued]>
[2022-12-06 13:30:48,036] {taskinstance.py:1087} INFO - 
--------------------------------------------------------------------------------
[2022-12-06 13:30:48,037] {taskinstance.py:1088} INFO - Starting attempt 7 of 51
[2022-12-06 13:30:48,037] {taskinstance.py:1089} INFO - 
--------------------------------------------------------------------------------
[2022-12-06 13:30:48,047] {taskinstance.py:1107} INFO - Executing <Task(PythonOperator): CheckMongoDBConnexion> on 2022-12-06T13:29:25.483181+00:00
[2022-12-06 13:30:48,052] {standard_task_runner.py:52} INFO - Started process 1160 to run task
[2022-12-06 13:30:48,055] {standard_task_runner.py:76} INFO - Running: ['***', 'tasks', 'run', 'my_mongo_db_dag', 'CheckMongoDBConnexion', '2022-12-06T13:29:25.483181+00:00', '--job-id', '68', '--pool', 'default_pool', '--raw', '--subdir', 'DAGS_FOLDER/my_mongo_db_dag.py', '--cfg-path', '/tmp/tmpe1k4cp0p', '--error-file', '/tmp/tmpgxvs2b8j']
[2022-12-06 13:30:48,055] {standard_task_runner.py:77} INFO - Job 68: Subtask CheckMongoDBConnexion
[2022-12-06 13:30:48,091] {logging_mixin.py:104} INFO - Running <TaskInstance: my_mongo_db_dag.CheckMongoDBConnexion 2022-12-06T13:29:25.483181+00:00 [running]> on host 2e62a70a5623
[2022-12-06 13:30:48,130] {taskinstance.py:1302} INFO - Exporting the following env vars:
AIRFLOW_CTX_DAG_OWNER=***
AIRFLOW_CTX_DAG_ID=my_mongo_db_dag
AIRFLOW_CTX_TASK_ID=CheckMongoDBConnexion
AIRFLOW_CTX_EXECUTION_DATE=2022-12-06T13:29:25.483181+00:00
AIRFLOW_CTX_DAG_RUN_ID=scheduled__2022-12-06T13:29:25.483181+00:00
[2022-12-06 13:30:48,131] {logging_mixin.py:104} INFO - 20
[2022-12-06 13:30:48,131] {python.py:151} INFO - Done. Returned value was: None
[2022-12-06 13:30:48,138] {taskinstance.py:1211} INFO - Marking task as SUCCESS. dag_id=my_mongo_db_dag, task_id=CheckMongoDBConnexion, execution_date=20221206T132925, start_date=20221206T133048, end_date=20221206T133048
[2022-12-06 13:30:48,165] {taskinstance.py:1265} INFO - 2 downstream tasks scheduled from follow-on schedule check
[2022-12-06 13:30:48,186] {local_task_job.py:151} INFO - Task exited with return code 0
