[2022-12-06 09:00:03,515] {taskinstance.py:1179} INFO - Dependencies all met for <TaskInstance: my_elastic_search_dag.CheckElasticSearchConnexion scheduled__2022-12-05T00:00:00+00:00 [queued]>
[2022-12-06 09:00:03,531] {taskinstance.py:1179} INFO - Dependencies all met for <TaskInstance: my_elastic_search_dag.CheckElasticSearchConnexion scheduled__2022-12-05T00:00:00+00:00 [queued]>
[2022-12-06 09:00:03,531] {taskinstance.py:1376} INFO - 
--------------------------------------------------------------------------------
[2022-12-06 09:00:03,531] {taskinstance.py:1377} INFO - Starting attempt 2 of 51
[2022-12-06 09:00:03,531] {taskinstance.py:1378} INFO - 
--------------------------------------------------------------------------------
[2022-12-06 09:00:03,556] {taskinstance.py:1397} INFO - Executing <Task(PythonOperator): CheckElasticSearchConnexion> on 2022-12-05 00:00:00+00:00
[2022-12-06 09:00:03,563] {standard_task_runner.py:52} INFO - Started process 184 to run task
[2022-12-06 09:00:03,568] {standard_task_runner.py:79} INFO - Running: ['***', 'tasks', 'run', 'my_elastic_search_dag', 'CheckElasticSearchConnexion', 'scheduled__2022-12-05T00:00:00+00:00', '--job-id', '4', '--raw', '--subdir', 'DAGS_FOLDER/my_elastic_search_dag.py', '--cfg-path', '/tmp/tmpzj4m6r_7', '--error-file', '/tmp/tmpzyc7h6ha']
[2022-12-06 09:00:03,570] {standard_task_runner.py:80} INFO - Job 4: Subtask CheckElasticSearchConnexion
[2022-12-06 09:00:03,590] {warnings.py:110} WARNING - /home/***/.local/lib/python3.7/site-packages/***/configuration.py:528: DeprecationWarning: The sql_alchemy_conn option in [core] has been moved to the sql_alchemy_conn option in [database] - the old setting has been used, but please update your config.
  option = self._get_environment_variables(deprecated_key, deprecated_section, key, section)

[2022-12-06 09:00:03,686] {task_command.py:371} INFO - Running <TaskInstance: my_elastic_search_dag.CheckElasticSearchConnexion scheduled__2022-12-05T00:00:00+00:00 [running]> on host 94e1b8231027
[2022-12-06 09:00:03,799] {taskinstance.py:1591} INFO - Exporting the following env vars:
AIRFLOW_CTX_DAG_OWNER=***
AIRFLOW_CTX_DAG_ID=my_elastic_search_dag
AIRFLOW_CTX_TASK_ID=CheckElasticSearchConnexion
AIRFLOW_CTX_EXECUTION_DATE=2022-12-05T00:00:00+00:00
AIRFLOW_CTX_TRY_NUMBER=2
AIRFLOW_CTX_DAG_RUN_ID=scheduled__2022-12-05T00:00:00+00:00
[2022-12-06 09:00:03,800] {logging_mixin.py:115} INFO - 6
[2022-12-06 09:00:03,800] {python.py:173} INFO - Done. Returned value was: None
[2022-12-06 09:00:03,820] {taskinstance.py:1420} INFO - Marking task as SUCCESS. dag_id=my_elastic_search_dag, task_id=CheckElasticSearchConnexion, execution_date=20221205T000000, start_date=20221206T090003, end_date=20221206T090003
[2022-12-06 09:00:03,859] {local_task_job.py:156} INFO - Task exited with return code 0
[2022-12-06 09:00:03,922] {local_task_job.py:273} INFO - 2 downstream tasks scheduled from follow-on schedule check
