[2022-12-06 10:21:55,954] {taskinstance.py:896} INFO - Dependencies all met for <TaskInstance: my_elastic_search_dag.DeleteOldDocumentsFromES 2022-12-06T10:21:34.228708+00:00 [queued]>
[2022-12-06 10:21:55,969] {taskinstance.py:896} INFO - Dependencies all met for <TaskInstance: my_elastic_search_dag.DeleteOldDocumentsFromES 2022-12-06T10:21:34.228708+00:00 [queued]>
[2022-12-06 10:21:55,970] {taskinstance.py:1087} INFO - 
--------------------------------------------------------------------------------
[2022-12-06 10:21:55,970] {taskinstance.py:1088} INFO - Starting attempt 1 of 1
[2022-12-06 10:21:55,970] {taskinstance.py:1089} INFO - 
--------------------------------------------------------------------------------
[2022-12-06 10:21:55,979] {taskinstance.py:1107} INFO - Executing <Task(PythonOperator): DeleteOldDocumentsFromES> on 2022-12-06T10:21:34.228708+00:00
[2022-12-06 10:21:56,007] {standard_task_runner.py:52} INFO - Started process 385 to run task
[2022-12-06 10:21:56,011] {standard_task_runner.py:76} INFO - Running: ['***', 'tasks', 'run', 'my_elastic_search_dag', 'DeleteOldDocumentsFromES', '2022-12-06T10:21:34.228708+00:00', '--job-id', '17', '--pool', 'default_pool', '--raw', '--subdir', 'DAGS_FOLDER/my_elastic_search_dag.py', '--cfg-path', '/tmp/tmp7w_cpvhb', '--error-file', '/tmp/tmpqz3k_n9w']
[2022-12-06 10:21:56,012] {standard_task_runner.py:77} INFO - Job 17: Subtask DeleteOldDocumentsFromES
[2022-12-06 10:21:56,052] {logging_mixin.py:104} INFO - Running <TaskInstance: my_elastic_search_dag.DeleteOldDocumentsFromES 2022-12-06T10:21:34.228708+00:00 [running]> on host 33da1fe70ee2
[2022-12-06 10:21:56,101] {taskinstance.py:1302} INFO - Exporting the following env vars:
AIRFLOW_CTX_DAG_OWNER=***
AIRFLOW_CTX_DAG_ID=my_elastic_search_dag
AIRFLOW_CTX_TASK_ID=DeleteOldDocumentsFromES
AIRFLOW_CTX_EXECUTION_DATE=2022-12-06T10:21:34.228708+00:00
AIRFLOW_CTX_DAG_RUN_ID=manual__2022-12-06T10:21:34.228708+00:00
[2022-12-06 10:21:56,102] {logging_mixin.py:104} INFO - success
[2022-12-06 10:21:56,102] {python.py:151} INFO - Done. Returned value was: None
[2022-12-06 10:21:56,113] {taskinstance.py:1211} INFO - Marking task as SUCCESS. dag_id=my_elastic_search_dag, task_id=DeleteOldDocumentsFromES, execution_date=20221206T102134, start_date=20221206T102155, end_date=20221206T102156
[2022-12-06 10:21:56,134] {taskinstance.py:1265} INFO - 0 downstream tasks scheduled from follow-on schedule check
[2022-12-06 10:21:56,145] {local_task_job.py:151} INFO - Task exited with return code 0
