[2022-12-06 11:18:16,824] {taskinstance.py:896} INFO - Dependencies all met for <TaskInstance: my_mongo_db_dag.ExtractPositions 2022-12-06T11:17:48.712978+00:00 [queued]>
[2022-12-06 11:18:16,848] {taskinstance.py:896} INFO - Dependencies all met for <TaskInstance: my_mongo_db_dag.ExtractPositions 2022-12-06T11:17:48.712978+00:00 [queued]>
[2022-12-06 11:18:16,848] {taskinstance.py:1087} INFO - 
--------------------------------------------------------------------------------
[2022-12-06 11:18:16,848] {taskinstance.py:1088} INFO - Starting attempt 1 of 1
[2022-12-06 11:18:16,849] {taskinstance.py:1089} INFO - 
--------------------------------------------------------------------------------
[2022-12-06 11:18:16,861] {taskinstance.py:1107} INFO - Executing <Task(PythonOperator): ExtractPositions> on 2022-12-06T11:17:48.712978+00:00
[2022-12-06 11:18:16,868] {standard_task_runner.py:52} INFO - Started process 284 to run task
[2022-12-06 11:18:16,873] {standard_task_runner.py:76} INFO - Running: ['***', 'tasks', 'run', 'my_mongo_db_dag', 'ExtractPositions', '2022-12-06T11:17:48.712978+00:00', '--job-id', '11', '--pool', 'default_pool', '--raw', '--subdir', 'DAGS_FOLDER/my_mongo_db_dag.py', '--cfg-path', '/tmp/tmpevt2j12_', '--error-file', '/tmp/tmpdwsvp3wf']
[2022-12-06 11:18:16,874] {standard_task_runner.py:77} INFO - Job 11: Subtask ExtractPositions
[2022-12-06 11:18:17,025] {logging_mixin.py:104} INFO - Running <TaskInstance: my_mongo_db_dag.ExtractPositions 2022-12-06T11:17:48.712978+00:00 [running]> on host 90b7908d868d
[2022-12-06 11:18:17,415] {taskinstance.py:1302} INFO - Exporting the following env vars:
AIRFLOW_CTX_DAG_OWNER=***
AIRFLOW_CTX_DAG_ID=my_mongo_db_dag
AIRFLOW_CTX_TASK_ID=ExtractPositions
AIRFLOW_CTX_EXECUTION_DATE=2022-12-06T11:17:48.712978+00:00
AIRFLOW_CTX_DAG_RUN_ID=manual__2022-12-06T11:17:48.712978+00:00
[2022-12-06 11:18:18,955] {python.py:151} INFO - Done. Returned value was: None
[2022-12-06 11:18:18,966] {taskinstance.py:1211} INFO - Marking task as SUCCESS. dag_id=my_mongo_db_dag, task_id=ExtractPositions, execution_date=20221206T111748, start_date=20221206T111816, end_date=20221206T111818
[2022-12-06 11:18:18,994] {taskinstance.py:1265} INFO - 1 downstream tasks scheduled from follow-on schedule check
[2022-12-06 11:18:19,016] {local_task_job.py:151} INFO - Task exited with return code 0
