[2022-12-06 14:28:25,260] {taskinstance.py:896} INFO - Dependencies all met for <TaskInstance: my_mongo_db_dag.CheckMongoDBConnexion 2022-12-06T14:28:18.765624+00:00 [queued]>
[2022-12-06 14:28:25,333] {taskinstance.py:896} INFO - Dependencies all met for <TaskInstance: my_mongo_db_dag.CheckMongoDBConnexion 2022-12-06T14:28:18.765624+00:00 [queued]>
[2022-12-06 14:28:25,333] {taskinstance.py:1087} INFO - 
--------------------------------------------------------------------------------
[2022-12-06 14:28:25,333] {taskinstance.py:1088} INFO - Starting attempt 1 of 51
[2022-12-06 14:28:25,333] {taskinstance.py:1089} INFO - 
--------------------------------------------------------------------------------
[2022-12-06 14:28:25,355] {taskinstance.py:1107} INFO - Executing <Task(PythonOperator): CheckMongoDBConnexion> on 2022-12-06T14:28:18.765624+00:00
[2022-12-06 14:28:25,379] {standard_task_runner.py:52} INFO - Started process 182 to run task
[2022-12-06 14:28:25,387] {standard_task_runner.py:76} INFO - Running: ['***', 'tasks', 'run', 'my_mongo_db_dag', 'CheckMongoDBConnexion', '2022-12-06T14:28:18.765624+00:00', '--job-id', '5', '--pool', 'default_pool', '--raw', '--subdir', 'DAGS_FOLDER/my_mongo_db_dag.py', '--cfg-path', '/tmp/tmpee348p4g', '--error-file', '/tmp/tmpw1csi95u']
[2022-12-06 14:28:25,389] {standard_task_runner.py:77} INFO - Job 5: Subtask CheckMongoDBConnexion
[2022-12-06 14:28:25,597] {logging_mixin.py:104} INFO - Running <TaskInstance: my_mongo_db_dag.CheckMongoDBConnexion 2022-12-06T14:28:18.765624+00:00 [running]> on host db4794db4ef9
[2022-12-06 14:28:25,715] {taskinstance.py:1302} INFO - Exporting the following env vars:
AIRFLOW_CTX_DAG_OWNER=***
AIRFLOW_CTX_DAG_ID=my_mongo_db_dag
AIRFLOW_CTX_TASK_ID=CheckMongoDBConnexion
AIRFLOW_CTX_EXECUTION_DATE=2022-12-06T14:28:18.765624+00:00
AIRFLOW_CTX_DAG_RUN_ID=manual__2022-12-06T14:28:18.765624+00:00
[2022-12-06 14:28:28,706] {python.py:151} INFO - Done. Returned value was: None
[2022-12-06 14:28:28,723] {taskinstance.py:1211} INFO - Marking task as SUCCESS. dag_id=my_mongo_db_dag, task_id=CheckMongoDBConnexion, execution_date=20221206T142818, start_date=20221206T142825, end_date=20221206T142828
[2022-12-06 14:28:29,114] {taskinstance.py:1265} INFO - 1 downstream tasks scheduled from follow-on schedule check
[2022-12-06 14:28:29,125] {local_task_job.py:151} INFO - Task exited with return code 0
