[2022-12-06 09:00:05,471] {taskinstance.py:1179} INFO - Dependencies all met for <TaskInstance: my_elastic_search_dag.ExtractFlights scheduled__2022-12-05T00:00:00+00:00 [queued]>
[2022-12-06 09:00:05,489] {taskinstance.py:1179} INFO - Dependencies all met for <TaskInstance: my_elastic_search_dag.ExtractFlights scheduled__2022-12-05T00:00:00+00:00 [queued]>
[2022-12-06 09:00:05,489] {taskinstance.py:1376} INFO - 
--------------------------------------------------------------------------------
[2022-12-06 09:00:05,489] {taskinstance.py:1377} INFO - Starting attempt 1 of 1
[2022-12-06 09:00:05,489] {taskinstance.py:1378} INFO - 
--------------------------------------------------------------------------------
[2022-12-06 09:00:05,517] {taskinstance.py:1397} INFO - Executing <Task(PythonOperator): ExtractFlights> on 2022-12-05 00:00:00+00:00
[2022-12-06 09:00:05,548] {standard_task_runner.py:52} INFO - Started process 192 to run task
[2022-12-06 09:00:05,554] {standard_task_runner.py:79} INFO - Running: ['***', 'tasks', 'run', 'my_elastic_search_dag', 'ExtractFlights', 'scheduled__2022-12-05T00:00:00+00:00', '--job-id', '6', '--raw', '--subdir', 'DAGS_FOLDER/my_elastic_search_dag.py', '--cfg-path', '/tmp/tmpesgr2y9r', '--error-file', '/tmp/tmp7o8t30gw']
[2022-12-06 09:00:05,556] {standard_task_runner.py:80} INFO - Job 6: Subtask ExtractFlights
[2022-12-06 09:00:05,587] {warnings.py:110} WARNING - /home/***/.local/lib/python3.7/site-packages/***/configuration.py:528: DeprecationWarning: The sql_alchemy_conn option in [core] has been moved to the sql_alchemy_conn option in [database] - the old setting has been used, but please update your config.
  option = self._get_environment_variables(deprecated_key, deprecated_section, key, section)

[2022-12-06 09:00:05,755] {task_command.py:371} INFO - Running <TaskInstance: my_elastic_search_dag.ExtractFlights scheduled__2022-12-05T00:00:00+00:00 [running]> on host 94e1b8231027
[2022-12-06 09:00:06,050] {taskinstance.py:1591} INFO - Exporting the following env vars:
AIRFLOW_CTX_DAG_OWNER=***
AIRFLOW_CTX_DAG_ID=my_elastic_search_dag
AIRFLOW_CTX_TASK_ID=ExtractFlights
AIRFLOW_CTX_EXECUTION_DATE=2022-12-05T00:00:00+00:00
AIRFLOW_CTX_TRY_NUMBER=1
AIRFLOW_CTX_DAG_RUN_ID=scheduled__2022-12-05T00:00:00+00:00
[2022-12-06 09:00:08,076] {python.py:173} INFO - Done. Returned value was: None
[2022-12-06 09:00:08,100] {taskinstance.py:1420} INFO - Marking task as SUCCESS. dag_id=my_elastic_search_dag, task_id=ExtractFlights, execution_date=20221205T000000, start_date=20221206T090005, end_date=20221206T090008
[2022-12-06 09:00:08,137] {local_task_job.py:156} INFO - Task exited with return code 0
[2022-12-06 09:00:08,184] {local_task_job.py:273} INFO - 1 downstream tasks scheduled from follow-on schedule check
