[2022-12-06 10:21:54,910] {taskinstance.py:896} INFO - Dependencies all met for <TaskInstance: my_elastic_search_dag.CheckElasticSearchConnexion 2022-12-06T10:21:34.228708+00:00 [queued]>
[2022-12-06 10:21:54,923] {taskinstance.py:896} INFO - Dependencies all met for <TaskInstance: my_elastic_search_dag.CheckElasticSearchConnexion 2022-12-06T10:21:34.228708+00:00 [queued]>
[2022-12-06 10:21:54,923] {taskinstance.py:1087} INFO - 
--------------------------------------------------------------------------------
[2022-12-06 10:21:54,923] {taskinstance.py:1088} INFO - Starting attempt 4 of 51
[2022-12-06 10:21:54,923] {taskinstance.py:1089} INFO - 
--------------------------------------------------------------------------------
[2022-12-06 10:21:54,930] {taskinstance.py:1107} INFO - Executing <Task(PythonOperator): CheckElasticSearchConnexion> on 2022-12-06T10:21:34.228708+00:00
[2022-12-06 10:21:54,933] {standard_task_runner.py:52} INFO - Started process 381 to run task
[2022-12-06 10:21:54,936] {standard_task_runner.py:76} INFO - Running: ['***', 'tasks', 'run', 'my_elastic_search_dag', 'CheckElasticSearchConnexion', '2022-12-06T10:21:34.228708+00:00', '--job-id', '15', '--pool', 'default_pool', '--raw', '--subdir', 'DAGS_FOLDER/my_elastic_search_dag.py', '--cfg-path', '/tmp/tmpmgzb2wq_', '--error-file', '/tmp/tmpq0ggu_9x']
[2022-12-06 10:21:54,937] {standard_task_runner.py:77} INFO - Job 15: Subtask CheckElasticSearchConnexion
[2022-12-06 10:21:54,971] {logging_mixin.py:104} INFO - Running <TaskInstance: my_elastic_search_dag.CheckElasticSearchConnexion 2022-12-06T10:21:34.228708+00:00 [running]> on host 33da1fe70ee2
[2022-12-06 10:21:55,010] {taskinstance.py:1302} INFO - Exporting the following env vars:
AIRFLOW_CTX_DAG_OWNER=***
AIRFLOW_CTX_DAG_ID=my_elastic_search_dag
AIRFLOW_CTX_TASK_ID=CheckElasticSearchConnexion
AIRFLOW_CTX_EXECUTION_DATE=2022-12-06T10:21:34.228708+00:00
AIRFLOW_CTX_DAG_RUN_ID=manual__2022-12-06T10:21:34.228708+00:00
[2022-12-06 10:21:55,011] {logging_mixin.py:104} INFO - 5
[2022-12-06 10:21:55,011] {python.py:151} INFO - Done. Returned value was: None
[2022-12-06 10:21:55,020] {taskinstance.py:1211} INFO - Marking task as SUCCESS. dag_id=my_elastic_search_dag, task_id=CheckElasticSearchConnexion, execution_date=20221206T102134, start_date=20221206T102154, end_date=20221206T102155
[2022-12-06 10:21:55,045] {taskinstance.py:1265} INFO - 2 downstream tasks scheduled from follow-on schedule check
[2022-12-06 10:21:55,070] {local_task_job.py:151} INFO - Task exited with return code 0
