[2022-12-06 13:29:27,805] {taskinstance.py:896} INFO - Dependencies all met for <TaskInstance: my_mongo_db_dag.DeleteOldDocumentsFromMongoDB 2022-12-06T13:28:40.483181+00:00 [queued]>
[2022-12-06 13:29:27,815] {taskinstance.py:896} INFO - Dependencies all met for <TaskInstance: my_mongo_db_dag.DeleteOldDocumentsFromMongoDB 2022-12-06T13:28:40.483181+00:00 [queued]>
[2022-12-06 13:29:27,815] {taskinstance.py:1087} INFO - 
--------------------------------------------------------------------------------
[2022-12-06 13:29:27,815] {taskinstance.py:1088} INFO - Starting attempt 1 of 1
[2022-12-06 13:29:27,815] {taskinstance.py:1089} INFO - 
--------------------------------------------------------------------------------
[2022-12-06 13:29:27,828] {taskinstance.py:1107} INFO - Executing <Task(PythonOperator): DeleteOldDocumentsFromMongoDB> on 2022-12-06T13:28:40.483181+00:00
[2022-12-06 13:29:27,832] {standard_task_runner.py:52} INFO - Started process 1028 to run task
[2022-12-06 13:29:27,835] {standard_task_runner.py:76} INFO - Running: ['***', 'tasks', 'run', 'my_mongo_db_dag', 'DeleteOldDocumentsFromMongoDB', '2022-12-06T13:28:40.483181+00:00', '--job-id', '59', '--pool', 'default_pool', '--raw', '--subdir', 'DAGS_FOLDER/my_mongo_db_dag.py', '--cfg-path', '/tmp/tmpi6zt0p33', '--error-file', '/tmp/tmpqku6b2rh']
[2022-12-06 13:29:27,836] {standard_task_runner.py:77} INFO - Job 59: Subtask DeleteOldDocumentsFromMongoDB
[2022-12-06 13:29:27,872] {logging_mixin.py:104} INFO - Running <TaskInstance: my_mongo_db_dag.DeleteOldDocumentsFromMongoDB 2022-12-06T13:28:40.483181+00:00 [running]> on host 2e62a70a5623
[2022-12-06 13:29:27,917] {taskinstance.py:1302} INFO - Exporting the following env vars:
AIRFLOW_CTX_DAG_OWNER=***
AIRFLOW_CTX_DAG_ID=my_mongo_db_dag
AIRFLOW_CTX_TASK_ID=DeleteOldDocumentsFromMongoDB
AIRFLOW_CTX_EXECUTION_DATE=2022-12-06T13:28:40.483181+00:00
AIRFLOW_CTX_DAG_RUN_ID=scheduled__2022-12-06T13:28:40.483181+00:00
[2022-12-06 13:29:27,918] {logging_mixin.py:104} INFO - success
[2022-12-06 13:29:27,918] {python.py:151} INFO - Done. Returned value was: None
[2022-12-06 13:29:28,016] {taskinstance.py:1211} INFO - Marking task as SUCCESS. dag_id=my_mongo_db_dag, task_id=DeleteOldDocumentsFromMongoDB, execution_date=20221206T132840, start_date=20221206T132927, end_date=20221206T132928
[2022-12-06 13:29:28,040] {taskinstance.py:1265} INFO - 0 downstream tasks scheduled from follow-on schedule check
[2022-12-06 13:29:28,087] {local_task_job.py:151} INFO - Task exited with return code 0
