[2022-12-06 09:53:20,360] {taskinstance.py:896} INFO - Dependencies all met for <TaskInstance: my_elastic_search_dag.CheckElasticSearchConnexion 2022-12-06T09:53:07.437286+00:00 [queued]>
[2022-12-06 09:53:20,380] {taskinstance.py:896} INFO - Dependencies all met for <TaskInstance: my_elastic_search_dag.CheckElasticSearchConnexion 2022-12-06T09:53:07.437286+00:00 [queued]>
[2022-12-06 09:53:20,381] {taskinstance.py:1087} INFO - 
--------------------------------------------------------------------------------
[2022-12-06 09:53:20,381] {taskinstance.py:1088} INFO - Starting attempt 3 of 51
[2022-12-06 09:53:20,381] {taskinstance.py:1089} INFO - 
--------------------------------------------------------------------------------
[2022-12-06 09:53:20,390] {taskinstance.py:1107} INFO - Executing <Task(PythonOperator): CheckElasticSearchConnexion> on 2022-12-06T09:53:07.437286+00:00
[2022-12-06 09:53:20,394] {standard_task_runner.py:52} INFO - Started process 242 to run task
[2022-12-06 09:53:20,399] {standard_task_runner.py:76} INFO - Running: ['***', 'tasks', 'run', 'my_elastic_search_dag', 'CheckElasticSearchConnexion', '2022-12-06T09:53:07.437286+00:00', '--job-id', '9', '--pool', 'default_pool', '--raw', '--subdir', 'DAGS_FOLDER/my_elastic_search_dag.py', '--cfg-path', '/tmp/tmpg2xn3gj9', '--error-file', '/tmp/tmpfik1a1cc']
[2022-12-06 09:53:20,399] {standard_task_runner.py:77} INFO - Job 9: Subtask CheckElasticSearchConnexion
[2022-12-06 09:53:20,444] {logging_mixin.py:104} INFO - Running <TaskInstance: my_elastic_search_dag.CheckElasticSearchConnexion 2022-12-06T09:53:07.437286+00:00 [running]> on host 4467c39e9c9a
[2022-12-06 09:53:20,495] {taskinstance.py:1302} INFO - Exporting the following env vars:
AIRFLOW_CTX_DAG_OWNER=***
AIRFLOW_CTX_DAG_ID=my_elastic_search_dag
AIRFLOW_CTX_TASK_ID=CheckElasticSearchConnexion
AIRFLOW_CTX_EXECUTION_DATE=2022-12-06T09:53:07.437286+00:00
AIRFLOW_CTX_DAG_RUN_ID=manual__2022-12-06T09:53:07.437286+00:00
[2022-12-06 09:53:20,496] {logging_mixin.py:104} INFO - 0
[2022-12-06 09:53:20,497] {python.py:151} INFO - Done. Returned value was: None
[2022-12-06 09:53:20,509] {taskinstance.py:1211} INFO - Marking task as SUCCESS. dag_id=my_elastic_search_dag, task_id=CheckElasticSearchConnexion, execution_date=20221206T095307, start_date=20221206T095320, end_date=20221206T095320
[2022-12-06 09:53:20,542] {taskinstance.py:1265} INFO - 2 downstream tasks scheduled from follow-on schedule check
[2022-12-06 09:53:20,572] {local_task_job.py:151} INFO - Task exited with return code 0
